{"meta": {"format": 3, "version": "7.10.7", "timestamp": "2026-01-12T17:05:03.127695", "branch_coverage": false, "show_contexts": false}, "files": {"src/ai_utilities/__init__.py": {"executed_lines": [1, 44, 45, 46, 47, 48, 49, 50, 57, 60, 70, 71, 72, 77, 87, 135, 136, 137], "summary": {"covered_lines": 17, "num_statements": 19, "percent_covered": 89.47368421052632, "percent_covered_display": "89", "missing_lines": 2, "excluded_lines": 0}, "missing_lines": [138, 140], "excluded_lines": [], "functions": {"": {"executed_lines": [1, 44, 45, 46, 47, 48, 49, 50, 57, 60, 70, 71, 72, 77, 87, 135, 136, 137], "summary": {"covered_lines": 17, "num_statements": 19, "percent_covered": 89.47368421052632, "percent_covered_display": "89", "missing_lines": 2, "excluded_lines": 0}, "missing_lines": [138, 140], "excluded_lines": []}}, "classes": {"": {"executed_lines": [1, 44, 45, 46, 47, 48, 49, 50, 57, 60, 70, 71, 72, 77, 87, 135, 136, 137], "summary": {"covered_lines": 17, "num_statements": 19, "percent_covered": 89.47368421052632, "percent_covered_display": "89", "missing_lines": 2, "excluded_lines": 0}, "missing_lines": [138, 140], "excluded_lines": []}}}, "src/ai_utilities/__main__.py": {"executed_lines": [], "summary": {"covered_lines": 0, "num_statements": 1, "percent_covered": 0.0, "percent_covered_display": "0", "missing_lines": 1, "excluded_lines": 2}, "missing_lines": [3], "excluded_lines": [5, 6], "functions": {"": {"executed_lines": [], "summary": {"covered_lines": 0, "num_statements": 1, "percent_covered": 0.0, "percent_covered_display": "0", "missing_lines": 1, "excluded_lines": 2}, "missing_lines": [3], "excluded_lines": [5, 6]}}, "classes": {"": {"executed_lines": [], "summary": {"covered_lines": 0, "num_statements": 1, "percent_covered": 0.0, "percent_covered_display": "0", "missing_lines": 1, "excluded_lines": 2}, "missing_lines": [3], "excluded_lines": [5, 6]}}}, "src/ai_utilities/ai_config_manager.py": {"executed_lines": [], "summary": {"covered_lines": 0, "num_statements": 252, "percent_covered": 0.0, "percent_covered_display": "0", "missing_lines": 252, "excluded_lines": 2}, "missing_lines": [17, 18, 19, 20, 21, 24, 25, 26, 28, 31, 39, 47, 48, 49, 52, 54, 55, 57, 70, 71, 73, 76, 78, 79, 80, 82, 83, 84, 86, 96, 98, 99, 100, 101, 104, 106, 108, 109, 110, 113, 115, 117, 120, 121, 122, 123, 126, 127, 128, 129, 131, 132, 133, 134, 135, 138, 139, 140, 142, 143, 145, 146, 148, 149, 151, 152, 153, 154, 155, 157, 158, 159, 160, 161, 163, 164, 165, 166, 167, 168, 169, 171, 172, 175, 176, 178, 179, 180, 185, 186, 187, 189, 190, 192, 194, 202, 204, 205, 208, 209, 210, 211, 212, 213, 216, 217, 218, 219, 220, 221, 222, 223, 224, 227, 228, 229, 230, 231, 234, 235, 237, 239, 240, 241, 243, 244, 246, 247, 248, 250, 252, 254, 270, 273, 274, 275, 276, 281, 284, 285, 287, 288, 289, 294, 297, 298, 299, 300, 303, 305, 306, 307, 309, 311, 321, 322, 323, 325, 326, 331, 332, 335, 336, 338, 339, 340, 342, 345, 346, 347, 349, 350, 351, 353, 354, 356, 358, 365, 366, 371, 373, 379, 381, 382, 383, 385, 387, 396, 397, 399, 401, 402, 404, 407, 408, 409, 411, 412, 414, 421, 422, 423, 427, 430, 433, 434, 435, 438, 448, 450, 452, 453, 454, 455, 458, 461, 473, 474, 476, 477, 478, 480, 481, 482, 485, 486, 487, 490, 491, 492, 497, 498, 501, 502, 505, 506, 507, 508, 509, 511, 512, 515, 519, 522, 523, 524, 525, 528, 529, 530, 533, 534], "excluded_lines": [537, 538], "functions": {"AIConfigManager.__init__": {"executed_lines": [], "summary": {"covered_lines": 0, "num_statements": 6, "percent_covered": 0.0, "percent_covered_display": "0", "missing_lines": 6, "excluded_lines": 0}, "missing_lines": [47, 48, 49, 52, 54, 55], "excluded_lines": []}, "AIConfigManager.load_config": {"executed_lines": [], "summary": {"covered_lines": 0, "num_statements": 10, "percent_covered": 0.0, "percent_covered_display": "0", "missing_lines": 10, "excluded_lines": 0}, "missing_lines": [70, 71, 73, 76, 78, 79, 80, 82, 83, 84], "excluded_lines": []}, "AIConfigManager.load_from_file": {"executed_lines": [], "summary": {"covered_lines": 0, "num_statements": 11, "percent_covered": 0.0, "percent_covered_display": "0", "missing_lines": 11, "excluded_lines": 0}, "missing_lines": [96, 98, 99, 100, 101, 104, 106, 108, 109, 110, 113], "excluded_lines": []}, "AIConfigManager._convert_configparser_to_dict": {"executed_lines": [], "summary": {"covered_lines": 0, "num_statements": 53, "percent_covered": 0.0, "percent_covered_display": "0", "missing_lines": 53, "excluded_lines": 0}, "missing_lines": [117, 120, 121, 122, 123, 126, 127, 128, 129, 131, 132, 133, 134, 135, 138, 139, 140, 142, 143, 145, 146, 148, 149, 151, 152, 153, 154, 155, 157, 158, 159, 160, 161, 163, 164, 165, 166, 167, 168, 169, 171, 172, 175, 176, 178, 179, 180, 185, 186, 187, 189, 190, 192], "excluded_lines": []}, "AIConfigManager.save_config": {"executed_lines": [], "summary": {"covered_lines": 0, "num_statements": 29, "percent_covered": 0.0, "percent_covered_display": "0", "missing_lines": 29, "excluded_lines": 0}, "missing_lines": [202, 204, 205, 208, 209, 210, 211, 212, 213, 216, 217, 218, 219, 220, 221, 222, 223, 224, 227, 228, 229, 230, 231, 234, 235, 237, 239, 240, 241], "excluded_lines": []}, "AIConfigManager.config": {"executed_lines": [], "summary": {"covered_lines": 0, "num_statements": 3, "percent_covered": 0.0, "percent_covered_display": "0", "missing_lines": 3, "excluded_lines": 0}, "missing_lines": [246, 247, 248], "excluded_lines": []}, "AIConfigManager.get_model_config": {"executed_lines": [], "summary": {"covered_lines": 0, "num_statements": 1, "percent_covered": 0.0, "percent_covered_display": "0", "missing_lines": 1, "excluded_lines": 0}, "missing_lines": [252], "excluded_lines": []}, "AIConfigManager.load_config_with_dynamic_limits": {"executed_lines": [], "summary": {"covered_lines": 0, "num_statements": 21, "percent_covered": 0.0, "percent_covered_display": "0", "missing_lines": 21, "excluded_lines": 0}, "missing_lines": [270, 273, 274, 275, 276, 281, 284, 285, 287, 288, 289, 294, 297, 298, 299, 300, 303, 305, 306, 307, 309], "excluded_lines": []}, "AIConfigManager.update_rate_limits": {"executed_lines": [], "summary": {"covered_lines": 0, "num_statements": 22, "percent_covered": 0.0, "percent_covered_display": "0", "missing_lines": 22, "excluded_lines": 0}, "missing_lines": [321, 322, 323, 325, 326, 331, 332, 335, 336, 338, 339, 340, 342, 345, 346, 347, 349, 350, 351, 353, 354, 356], "excluded_lines": []}, "AIConfigManager.get_rate_limit_status": {"executed_lines": [], "summary": {"covered_lines": 0, "num_statements": 4, "percent_covered": 0.0, "percent_covered_display": "0", "missing_lines": 4, "excluded_lines": 0}, "missing_lines": [365, 366, 371, 373], "excluded_lines": []}, "AIConfigManager.clear_rate_limit_cache": {"executed_lines": [], "summary": {"covered_lines": 0, "num_statements": 4, "percent_covered": 0.0, "percent_covered_display": "0", "missing_lines": 4, "excluded_lines": 0}, "missing_lines": [381, 382, 383, 385], "excluded_lines": []}, "AIConfigManager.should_update_rate_limits": {"executed_lines": [], "summary": {"covered_lines": 0, "num_statements": 11, "percent_covered": 0.0, "percent_covered_display": "0", "missing_lines": 11, "excluded_lines": 0}, "missing_lines": [396, 397, 399, 401, 402, 404, 407, 408, 409, 411, 412], "excluded_lines": []}, "AIConfigManager.update_rate_limits_if_needed": {"executed_lines": [], "summary": {"covered_lines": 0, "num_statements": 3, "percent_covered": 0.0, "percent_covered_display": "0", "missing_lines": 3, "excluded_lines": 0}, "missing_lines": [421, 422, 423], "excluded_lines": []}, "get_config_manager": {"executed_lines": [], "summary": {"covered_lines": 0, "num_statements": 3, "percent_covered": 0.0, "percent_covered_display": "0", "missing_lines": 3, "excluded_lines": 0}, "missing_lines": [433, 434, 435], "excluded_lines": []}, "initialize_config_file": {"executed_lines": [], "summary": {"covered_lines": 0, "num_statements": 7, "percent_covered": 0.0, "percent_covered_display": "0", "missing_lines": 7, "excluded_lines": 0}, "missing_lines": [448, 450, 452, 453, 454, 455, 458], "excluded_lines": []}, "get_model_from_config": {"executed_lines": [], "summary": {"covered_lines": 0, "num_statements": 25, "percent_covered": 0.0, "percent_covered_display": "0", "missing_lines": 25, "excluded_lines": 0}, "missing_lines": [473, 474, 476, 477, 478, 480, 481, 482, 485, 486, 487, 490, 491, 492, 497, 498, 501, 502, 505, 506, 507, 508, 509, 511, 512], "excluded_lines": []}, "main": {"executed_lines": [], "summary": {"covered_lines": 0, "num_statements": 10, "percent_covered": 0.0, "percent_covered_display": "0", "missing_lines": 10, "excluded_lines": 0}, "missing_lines": [519, 522, 523, 524, 525, 528, 529, 530, 533, 534], "excluded_lines": []}, "": {"executed_lines": [], "summary": {"covered_lines": 0, "num_statements": 29, "percent_covered": 0.0, "percent_covered_display": "0", "missing_lines": 29, "excluded_lines": 2}, "missing_lines": [17, 18, 19, 20, 21, 24, 25, 26, 28, 31, 39, 57, 86, 115, 194, 243, 244, 250, 254, 311, 358, 379, 387, 414, 427, 430, 438, 461, 515], "excluded_lines": [537, 538]}}, "classes": {"AIConfigManager": {"executed_lines": [], "summary": {"covered_lines": 0, "num_statements": 178, "percent_covered": 0.0, "percent_covered_display": "0", "missing_lines": 178, "excluded_lines": 0}, "missing_lines": [47, 48, 49, 52, 54, 55, 70, 71, 73, 76, 78, 79, 80, 82, 83, 84, 96, 98, 99, 100, 101, 104, 106, 108, 109, 110, 113, 117, 120, 121, 122, 123, 126, 127, 128, 129, 131, 132, 133, 134, 135, 138, 139, 140, 142, 143, 145, 146, 148, 149, 151, 152, 153, 154, 155, 157, 158, 159, 160, 161, 163, 164, 165, 166, 167, 168, 169, 171, 172, 175, 176, 178, 179, 180, 185, 186, 187, 189, 190, 192, 202, 204, 205, 208, 209, 210, 211, 212, 213, 216, 217, 218, 219, 220, 221, 222, 223, 224, 227, 228, 229, 230, 231, 234, 235, 237, 239, 240, 241, 246, 247, 248, 252, 270, 273, 274, 275, 276, 281, 284, 285, 287, 288, 289, 294, 297, 298, 299, 300, 303, 305, 306, 307, 309, 321, 322, 323, 325, 326, 331, 332, 335, 336, 338, 339, 340, 342, 345, 346, 347, 349, 350, 351, 353, 354, 356, 365, 366, 371, 373, 381, 382, 383, 385, 396, 397, 399, 401, 402, 404, 407, 408, 409, 411, 412, 421, 422, 423], "excluded_lines": []}, "": {"executed_lines": [], "summary": {"covered_lines": 0, "num_statements": 74, "percent_covered": 0.0, "percent_covered_display": "0", "missing_lines": 74, "excluded_lines": 2}, "missing_lines": [17, 18, 19, 20, 21, 24, 25, 26, 28, 31, 39, 57, 86, 115, 194, 243, 244, 250, 254, 311, 358, 379, 387, 414, 427, 430, 433, 434, 435, 438, 448, 450, 452, 453, 454, 455, 458, 461, 473, 474, 476, 477, 478, 480, 481, 482, 485, 486, 487, 490, 491, 492, 497, 498, 501, 502, 505, 506, 507, 508, 509, 511, 512, 515, 519, 522, 523, 524, 525, 528, 529, 530, 533, 534], "excluded_lines": [537, 538]}}}, "src/ai_utilities/api_key_resolver.py": {"executed_lines": [], "summary": {"covered_lines": 0, "num_statements": 45, "percent_covered": 0.0, "percent_covered_display": "0", "missing_lines": 45, "excluded_lines": 0}, "missing_lines": [8, 9, 10, 11, 14, 17, 18, 19, 21, 25, 28, 29, 35, 42, 48, 54, 98, 101, 122, 123, 124, 125, 128, 129, 130, 131, 134, 135, 136, 137, 138, 141, 142, 143, 144, 146, 147, 148, 149, 150, 151, 152, 153, 155, 158], "excluded_lines": [], "functions": {"MissingApiKeyError.__init__": {"executed_lines": [], "summary": {"covered_lines": 0, "num_statements": 2, "percent_covered": 0.0, "percent_covered_display": "0", "missing_lines": 2, "excluded_lines": 0}, "missing_lines": [18, 19], "excluded_lines": []}, "MissingApiKeyError._get_platform_specific_message": {"executed_lines": [], "summary": {"covered_lines": 0, "num_statements": 8, "percent_covered": 0.0, "percent_covered_display": "0", "missing_lines": 8, "excluded_lines": 0}, "missing_lines": [25, 28, 29, 35, 42, 48, 54, 98], "excluded_lines": []}, "resolve_api_key": {"executed_lines": [], "summary": {"covered_lines": 0, "num_statements": 27, "percent_covered": 0.0, "percent_covered_display": "0", "missing_lines": 27, "excluded_lines": 0}, "missing_lines": [122, 123, 124, 125, 128, 129, 130, 131, 134, 135, 136, 137, 138, 141, 142, 143, 144, 146, 147, 148, 149, 150, 151, 152, 153, 155, 158], "excluded_lines": []}, "": {"executed_lines": [], "summary": {"covered_lines": 0, "num_statements": 8, "percent_covered": 0.0, "percent_covered_display": "0", "missing_lines": 8, "excluded_lines": 0}, "missing_lines": [8, 9, 10, 11, 14, 17, 21, 101], "excluded_lines": []}}, "classes": {"MissingApiKeyError": {"executed_lines": [], "summary": {"covered_lines": 0, "num_statements": 10, "percent_covered": 0.0, "percent_covered_display": "0", "missing_lines": 10, "excluded_lines": 0}, "missing_lines": [18, 19, 25, 28, 29, 35, 42, 48, 54, 98], "excluded_lines": []}, "": {"executed_lines": [], "summary": {"covered_lines": 0, "num_statements": 35, "percent_covered": 0.0, "percent_covered_display": "0", "missing_lines": 35, "excluded_lines": 0}, "missing_lines": [8, 9, 10, 11, 14, 17, 21, 101, 122, 123, 124, 125, 128, 129, 130, 131, 134, 135, 136, 137, 138, 141, 142, 143, 144, 146, 147, 148, 149, 150, 151, 152, 153, 155, 158], "excluded_lines": []}}}, "src/ai_utilities/async_client.py": {"executed_lines": [1, 3, 4, 5, 6, 7, 8, 10, 11, 12, 13, 14, 17, 18, 20, 21, 23, 24, 26, 28, 35, 37, 44, 48, 56, 58, 63, 68, 74, 75, 116, 133, 134, 136, 137, 138, 140, 151, 153, 154, 156, 157, 158, 160, 161, 163, 186, 187, 189, 190, 191, 192, 194, 197, 199, 200, 201, 202, 204, 213, 214, 215, 224, 225, 228, 229, 230, 231, 232, 235, 237, 240, 245, 247, 250, 251, 263, 266, 267, 277, 278, 279, 288, 290, 315, 316, 319, 320, 321, 322, 324, 326, 336, 337, 339, 340, 342, 345, 346, 355, 357, 358, 361, 364, 365, 366, 369, 370, 372, 373, 374, 375, 378, 379, 389, 391, 415, 416, 418, 419, 421, 422, 425, 426, 427, 429, 430, 431, 433, 435, 437, 459, 460, 463, 464, 465, 467, 468, 469, 473, 476, 477, 478, 481, 484, 485, 487, 490, 492, 524, 525, 527, 528, 531, 532, 533, 535, 536, 537, 541], "summary": {"covered_lines": 157, "num_statements": 166, "percent_covered": 94.57831325301204, "percent_covered_display": "95", "missing_lines": 9, "excluded_lines": 0}, "missing_lines": [253, 269, 271, 272, 273, 274, 380, 471, 539], "excluded_lines": [], "functions": {"AsyncOpenAIProvider.__init__": {"executed_lines": [21, 23, 24], "summary": {"covered_lines": 3, "num_statements": 3, "percent_covered": 100.0, "percent_covered_display": "100", "missing_lines": 0, "excluded_lines": 0}, "missing_lines": [], "excluded_lines": []}, "AsyncOpenAIProvider.ask": {"executed_lines": [28], "summary": {"covered_lines": 1, "num_statements": 1, "percent_covered": 100.0, "percent_covered_display": "100", "missing_lines": 0, "excluded_lines": 0}, "missing_lines": [], "excluded_lines": []}, "AsyncOpenAIProvider.ask_many": {"executed_lines": [37], "summary": {"covered_lines": 1, "num_statements": 1, "percent_covered": 100.0, "percent_covered_display": "100", "missing_lines": 0, "excluded_lines": 0}, "missing_lines": [], "excluded_lines": []}, "AsyncOpenAIProvider.upload_file": {"executed_lines": [48], "summary": {"covered_lines": 1, "num_statements": 1, "percent_covered": 100.0, "percent_covered_display": "100", "missing_lines": 0, "excluded_lines": 0}, "missing_lines": [], "excluded_lines": []}, "AsyncOpenAIProvider.download_file": {"executed_lines": [58], "summary": {"covered_lines": 1, "num_statements": 1, "percent_covered": 100.0, "percent_covered_display": "100", "missing_lines": 0, "excluded_lines": 0}, "missing_lines": [], "excluded_lines": []}, "AsyncOpenAIProvider.generate_image": {"executed_lines": [68], "summary": {"covered_lines": 1, "num_statements": 1, "percent_covered": 100.0, "percent_covered_display": "100", "missing_lines": 0, "excluded_lines": 0}, "missing_lines": [], "excluded_lines": []}, "AsyncAiClient.__init__": {"executed_lines": [133, 134, 136, 137, 138], "summary": {"covered_lines": 5, "num_statements": 5, "percent_covered": 100.0, "percent_covered_display": "100", "missing_lines": 0, "excluded_lines": 0}, "missing_lines": [], "excluded_lines": []}, "AsyncAiClient.ask": {"executed_lines": [151, 153, 154, 156, 157, 158, 160, 161], "summary": {"covered_lines": 8, "num_statements": 8, "percent_covered": 100.0, "percent_covered_display": "100", "missing_lines": 0, "excluded_lines": 0}, "missing_lines": [], "excluded_lines": []}, "AsyncAiClient.ask_many": {"executed_lines": [186, 187, 189, 190, 191, 192, 194, 240, 245, 247, 250, 251, 263, 266, 267, 277, 278, 279, 288], "summary": {"covered_lines": 19, "num_statements": 25, "percent_covered": 76.0, "percent_covered_display": "76", "missing_lines": 6, "excluded_lines": 0}, "missing_lines": [253, 269, 271, 272, 273, 274], "excluded_lines": []}, "AsyncAiClient.ask_many.process_prompt": {"executed_lines": [197, 199, 200, 201, 202, 204, 213, 214, 215, 224, 225, 228, 229, 230, 231, 232, 235, 237], "summary": {"covered_lines": 18, "num_statements": 18, "percent_covered": 100.0, "percent_covered_display": "100", "missing_lines": 0, "excluded_lines": 0}, "missing_lines": [], "excluded_lines": []}, "AsyncAiClient.ask_many_with_retry": {"executed_lines": [315, 316, 319, 320, 321, 322, 324, 326, 336, 337, 339, 340, 342, 345, 346, 355, 357, 358, 361, 364, 365, 366, 369, 370, 372, 373, 374, 375, 378, 379, 389], "summary": {"covered_lines": 31, "num_statements": 32, "percent_covered": 96.875, "percent_covered_display": "97", "missing_lines": 1, "excluded_lines": 0}, "missing_lines": [380], "excluded_lines": []}, "AsyncAiClient.upload_file": {"executed_lines": [415, 416, 418, 419, 421, 422, 425, 426, 427, 429, 430, 431, 433, 435], "summary": {"covered_lines": 14, "num_statements": 14, "percent_covered": 100.0, "percent_covered_display": "100", "missing_lines": 0, "excluded_lines": 0}, "missing_lines": [], "excluded_lines": []}, "AsyncAiClient.download_file": {"executed_lines": [459, 460, 463, 464, 465, 467, 468, 469, 473, 476, 477, 478, 481, 484, 485, 487, 490], "summary": {"covered_lines": 17, "num_statements": 18, "percent_covered": 94.44444444444444, "percent_covered_display": "94", "missing_lines": 1, "excluded_lines": 0}, "missing_lines": [471], "excluded_lines": []}, "AsyncAiClient.generate_image": {"executed_lines": [524, 525, 527, 528, 531, 532, 533, 535, 536, 537, 541], "summary": {"covered_lines": 11, "num_statements": 12, "percent_covered": 91.66666666666667, "percent_covered_display": "92", "missing_lines": 1, "excluded_lines": 0}, "missing_lines": [539], "excluded_lines": []}, "": {"executed_lines": [1, 3, 4, 5, 6, 7, 8, 10, 11, 12, 13, 14, 17, 18, 20, 26, 35, 44, 56, 63, 74, 75, 116, 140, 163, 290, 391, 437, 492], "summary": {"covered_lines": 26, "num_statements": 26, "percent_covered": 100.0, "percent_covered_display": "100", "missing_lines": 0, "excluded_lines": 0}, "missing_lines": [], "excluded_lines": []}}, "classes": {"AsyncOpenAIProvider": {"executed_lines": [21, 23, 24, 28, 37, 48, 58, 68], "summary": {"covered_lines": 8, "num_statements": 8, "percent_covered": 100.0, "percent_covered_display": "100", "missing_lines": 0, "excluded_lines": 0}, "missing_lines": [], "excluded_lines": []}, "AsyncAiClient": {"executed_lines": [133, 134, 136, 137, 138, 151, 153, 154, 156, 157, 158, 160, 161, 186, 187, 189, 190, 191, 192, 194, 197, 199, 200, 201, 202, 204, 213, 214, 215, 224, 225, 228, 229, 230, 231, 232, 235, 237, 240, 245, 247, 250, 251, 263, 266, 267, 277, 278, 279, 288, 315, 316, 319, 320, 321, 322, 324, 326, 336, 337, 339, 340, 342, 345, 346, 355, 357, 358, 361, 364, 365, 366, 369, 370, 372, 373, 374, 375, 378, 379, 389, 415, 416, 418, 419, 421, 422, 425, 426, 427, 429, 430, 431, 433, 435, 459, 460, 463, 464, 465, 467, 468, 469, 473, 476, 477, 478, 481, 484, 485, 487, 490, 524, 525, 527, 528, 531, 532, 533, 535, 536, 537, 541], "summary": {"covered_lines": 123, "num_statements": 132, "percent_covered": 93.18181818181819, "percent_covered_display": "93", "missing_lines": 9, "excluded_lines": 0}, "missing_lines": [253, 269, 271, 272, 273, 274, 380, 471, 539], "excluded_lines": []}, "": {"executed_lines": [1, 3, 4, 5, 6, 7, 8, 10, 11, 12, 13, 14, 17, 18, 20, 26, 35, 44, 56, 63, 74, 75, 116, 140, 163, 290, 391, 437, 492], "summary": {"covered_lines": 26, "num_statements": 26, "percent_covered": 100.0, "percent_covered_display": "100", "missing_lines": 0, "excluded_lines": 0}, "missing_lines": [], "excluded_lines": []}}}, "src/ai_utilities/audio/__init__.py": {"executed_lines": [1, 14, 23, 24, 32], "summary": {"covered_lines": 4, "num_statements": 4, "percent_covered": 100.0, "percent_covered_display": "100", "missing_lines": 0, "excluded_lines": 0}, "missing_lines": [], "excluded_lines": [], "functions": {"": {"executed_lines": [1, 14, 23, 24, 32], "summary": {"covered_lines": 4, "num_statements": 4, "percent_covered": 100.0, "percent_covered_display": "100", "missing_lines": 0, "excluded_lines": 0}, "missing_lines": [], "excluded_lines": []}}, "classes": {"": {"executed_lines": [1, 14, 23, 24, 32], "summary": {"covered_lines": 4, "num_statements": 4, "percent_covered": 100.0, "percent_covered_display": "100", "missing_lines": 0, "excluded_lines": 0}, "missing_lines": [], "excluded_lines": []}}}, "src/ai_utilities/audio/audio_models.py": {"executed_lines": [1, 7, 8, 9, 11, 14, 15, 16, 17, 18, 19, 20, 21, 24, 25, 27, 28, 29, 30, 31, 32, 33, 35, 36, 37, 43, 44, 45, 51, 52, 56, 57, 62, 63, 65, 66, 67, 68, 69, 70, 71, 73, 74, 75, 81, 82, 83, 91, 92, 94, 95, 96, 97, 99, 100, 101, 108, 109, 111, 112, 113, 114, 115, 116, 117, 118, 120, 121, 125, 126, 131, 132, 134, 135, 136, 137, 138, 140, 141, 142, 148, 149, 150, 159, 160, 162, 163, 164, 165, 166, 167, 168, 169, 170, 172, 173, 177, 188, 189, 191, 192, 193, 194, 195, 196, 197, 199, 200, 204, 205], "summary": {"covered_lines": 101, "num_statements": 137, "percent_covered": 73.72262773722628, "percent_covered_display": "74", "missing_lines": 36, "excluded_lines": 0}, "missing_lines": [39, 40, 41, 47, 48, 49, 54, 59, 77, 78, 79, 85, 86, 87, 88, 103, 104, 105, 123, 128, 144, 145, 146, 152, 153, 154, 155, 156, 175, 179, 180, 182, 183, 185, 202, 207], "excluded_lines": [], "functions": {"AudioFile.validate_file_path": {"executed_lines": [], "summary": {"covered_lines": 0, "num_statements": 3, "percent_covered": 0.0, "percent_covered_display": "0", "missing_lines": 3, "excluded_lines": 0}, "missing_lines": [39, 40, 41], "excluded_lines": []}, "AudioFile.validate_file_size": {"executed_lines": [], "summary": {"covered_lines": 0, "num_statements": 3, "percent_covered": 0.0, "percent_covered_display": "0", "missing_lines": 3, "excluded_lines": 0}, "missing_lines": [47, 48, 49], "excluded_lines": []}, "AudioFile.file_size_mb": {"executed_lines": [], "summary": {"covered_lines": 0, "num_statements": 1, "percent_covered": 0.0, "percent_covered_display": "0", "missing_lines": 1, "excluded_lines": 0}, "missing_lines": [54], "excluded_lines": []}, "AudioFile.is_large_file": {"executed_lines": [], "summary": {"covered_lines": 0, "num_statements": 1, "percent_covered": 0.0, "percent_covered_display": "0", "missing_lines": 1, "excluded_lines": 0}, "missing_lines": [59], "excluded_lines": []}, "TranscriptionRequest.validate_temperature": {"executed_lines": [], "summary": {"covered_lines": 0, "num_statements": 3, "percent_covered": 0.0, "percent_covered_display": "0", "missing_lines": 3, "excluded_lines": 0}, "missing_lines": [77, 78, 79], "excluded_lines": []}, "TranscriptionRequest.validate_response_format": {"executed_lines": [], "summary": {"covered_lines": 0, "num_statements": 4, "percent_covered": 0.0, "percent_covered_display": "0", "missing_lines": 4, "excluded_lines": 0}, "missing_lines": [85, 86, 87, 88], "excluded_lines": []}, "TranscriptionSegment.validate_end_time": {"executed_lines": [], "summary": {"covered_lines": 0, "num_statements": 3, "percent_covered": 0.0, "percent_covered_display": "0", "missing_lines": 3, "excluded_lines": 0}, "missing_lines": [103, 104, 105], "excluded_lines": []}, "TranscriptionResult.word_count": {"executed_lines": [], "summary": {"covered_lines": 0, "num_statements": 1, "percent_covered": 0.0, "percent_covered_display": "0", "missing_lines": 1, "excluded_lines": 0}, "missing_lines": [123], "excluded_lines": []}, "TranscriptionResult.character_count": {"executed_lines": [], "summary": {"covered_lines": 0, "num_statements": 1, "percent_covered": 0.0, "percent_covered_display": "0", "missing_lines": 1, "excluded_lines": 0}, "missing_lines": [128], "excluded_lines": []}, "AudioGenerationRequest.validate_speed": {"executed_lines": [], "summary": {"covered_lines": 0, "num_statements": 3, "percent_covered": 0.0, "percent_covered_display": "0", "missing_lines": 3, "excluded_lines": 0}, "missing_lines": [144, 145, 146], "excluded_lines": []}, "AudioGenerationRequest.validate_text": {"executed_lines": [], "summary": {"covered_lines": 0, "num_statements": 5, "percent_covered": 0.0, "percent_covered_display": "0", "missing_lines": 5, "excluded_lines": 0}, "missing_lines": [152, 153, 154, 155, 156], "excluded_lines": []}, "AudioGenerationResult.file_size_mb": {"executed_lines": [], "summary": {"covered_lines": 0, "num_statements": 1, "percent_covered": 0.0, "percent_covered_display": "0", "missing_lines": 1, "excluded_lines": 0}, "missing_lines": [175], "excluded_lines": []}, "AudioGenerationResult.save_to_file": {"executed_lines": [], "summary": {"covered_lines": 0, "num_statements": 5, "percent_covered": 0.0, "percent_covered_display": "0", "missing_lines": 5, "excluded_lines": 0}, "missing_lines": [179, 180, 182, 183, 185], "excluded_lines": []}, "AudioAnalysisResult.is_stereo": {"executed_lines": [], "summary": {"covered_lines": 0, "num_statements": 1, "percent_covered": 0.0, "percent_covered_display": "0", "missing_lines": 1, "excluded_lines": 0}, "missing_lines": [202], "excluded_lines": []}, "AudioAnalysisResult.is_mono": {"executed_lines": [], "summary": {"covered_lines": 0, "num_statements": 1, "percent_covered": 0.0, "percent_covered_display": "0", "missing_lines": 1, "excluded_lines": 0}, "missing_lines": [207], "excluded_lines": []}, "": {"executed_lines": [1, 7, 8, 9, 11, 14, 15, 16, 17, 18, 19, 20, 21, 24, 25, 27, 28, 29, 30, 31, 32, 33, 35, 36, 37, 43, 44, 45, 51, 52, 56, 57, 62, 63, 65, 66, 67, 68, 69, 70, 71, 73, 74, 75, 81, 82, 83, 91, 92, 94, 95, 96, 97, 99, 100, 101, 108, 109, 111, 112, 113, 114, 115, 116, 117, 118, 120, 121, 125, 126, 131, 132, 134, 135, 136, 137, 138, 140, 141, 142, 148, 149, 150, 159, 160, 162, 163, 164, 165, 166, 167, 168, 169, 170, 172, 173, 177, 188, 189, 191, 192, 193, 194, 195, 196, 197, 199, 200, 204, 205], "summary": {"covered_lines": 101, "num_statements": 101, "percent_covered": 100.0, "percent_covered_display": "100", "missing_lines": 0, "excluded_lines": 0}, "missing_lines": [], "excluded_lines": []}}, "classes": {"AudioFormat": {"executed_lines": [], "summary": {"covered_lines": 0, "num_statements": 0, "percent_covered": 100.0, "percent_covered_display": "100", "missing_lines": 0, "excluded_lines": 0}, "missing_lines": [], "excluded_lines": []}, "AudioFile": {"executed_lines": [], "summary": {"covered_lines": 0, "num_statements": 8, "percent_covered": 0.0, "percent_covered_display": "0", "missing_lines": 8, "excluded_lines": 0}, "missing_lines": [39, 40, 41, 47, 48, 49, 54, 59], "excluded_lines": []}, "TranscriptionRequest": {"executed_lines": [], "summary": {"covered_lines": 0, "num_statements": 7, "percent_covered": 0.0, "percent_covered_display": "0", "missing_lines": 7, "excluded_lines": 0}, "missing_lines": [77, 78, 79, 85, 86, 87, 88], "excluded_lines": []}, "TranscriptionSegment": {"executed_lines": [], "summary": {"covered_lines": 0, "num_statements": 3, "percent_covered": 0.0, "percent_covered_display": "0", "missing_lines": 3, "excluded_lines": 0}, "missing_lines": [103, 104, 105], "excluded_lines": []}, "TranscriptionResult": {"executed_lines": [], "summary": {"covered_lines": 0, "num_statements": 2, "percent_covered": 0.0, "percent_covered_display": "0", "missing_lines": 2, "excluded_lines": 0}, "missing_lines": [123, 128], "excluded_lines": []}, "AudioGenerationRequest": {"executed_lines": [], "summary": {"covered_lines": 0, "num_statements": 8, "percent_covered": 0.0, "percent_covered_display": "0", "missing_lines": 8, "excluded_lines": 0}, "missing_lines": [144, 145, 146, 152, 153, 154, 155, 156], "excluded_lines": []}, "AudioGenerationResult": {"executed_lines": [], "summary": {"covered_lines": 0, "num_statements": 6, "percent_covered": 0.0, "percent_covered_display": "0", "missing_lines": 6, "excluded_lines": 0}, "missing_lines": [175, 179, 180, 182, 183, 185], "excluded_lines": []}, "AudioAnalysisResult": {"executed_lines": [], "summary": {"covered_lines": 0, "num_statements": 2, "percent_covered": 0.0, "percent_covered_display": "0", "missing_lines": 2, "excluded_lines": 0}, "missing_lines": [202, 207], "excluded_lines": []}, "": {"executed_lines": [1, 7, 8, 9, 11, 14, 15, 16, 17, 18, 19, 20, 21, 24, 25, 27, 28, 29, 30, 31, 32, 33, 35, 36, 37, 43, 44, 45, 51, 52, 56, 57, 62, 63, 65, 66, 67, 68, 69, 70, 71, 73, 74, 75, 81, 82, 83, 91, 92, 94, 95, 96, 97, 99, 100, 101, 108, 109, 111, 112, 113, 114, 115, 116, 117, 118, 120, 121, 125, 126, 131, 132, 134, 135, 136, 137, 138, 140, 141, 142, 148, 149, 150, 159, 160, 162, 163, 164, 165, 166, 167, 168, 169, 170, 172, 173, 177, 188, 189, 191, 192, 193, 194, 195, 196, 197, 199, 200, 204, 205], "summary": {"covered_lines": 101, "num_statements": 101, "percent_covered": 100.0, "percent_covered_display": "100", "missing_lines": 0, "excluded_lines": 0}, "missing_lines": [], "excluded_lines": []}}}, "src/ai_utilities/audio/audio_processor.py": {"executed_lines": [1, 7, 8, 9, 11, 12, 20, 26, 27, 33, 41, 107, 171, 215, 262, 315, 350, 372, 393], "summary": {"covered_lines": 17, "num_statements": 114, "percent_covered": 14.912280701754385, "percent_covered_display": "15", "missing_lines": 97, "excluded_lines": 0}, "missing_lines": [39, 68, 71, 72, 74, 77, 78, 84, 94, 96, 99, 100, 102, 104, 105, 119, 121, 122, 125, 126, 129, 136, 137, 138, 139, 140, 141, 142, 145, 155, 157, 164, 166, 168, 169, 185, 188, 189, 190, 191, 192, 193, 199, 201, 238, 241, 249, 251, 254, 255, 257, 259, 260, 274, 276, 277, 280, 289, 291, 310, 312, 313, 335, 338, 339, 340, 343, 348, 356, 357, 358, 359, 361, 381, 386, 387, 388, 389, 391, 402, 403, 404, 406, 408, 422, 423, 428, 429, 434, 435, 440, 441, 442, 445, 447, 449, 450], "excluded_lines": [], "functions": {"AudioProcessor.__init__": {"executed_lines": [], "summary": {"covered_lines": 0, "num_statements": 1, "percent_covered": 0.0, "percent_covered_display": "0", "missing_lines": 1, "excluded_lines": 0}, "missing_lines": [39], "excluded_lines": []}, "AudioProcessor.transcribe_audio": {"executed_lines": [], "summary": {"covered_lines": 0, "num_statements": 14, "percent_covered": 0.0, "percent_covered_display": "0", "missing_lines": 14, "excluded_lines": 0}, "missing_lines": [68, 71, 72, 74, 77, 78, 84, 94, 96, 99, 100, 102, 104, 105], "excluded_lines": []}, "AudioProcessor._transcribe_with_provider": {"executed_lines": [], "summary": {"covered_lines": 0, "num_statements": 20, "percent_covered": 0.0, "percent_covered_display": "0", "missing_lines": 20, "excluded_lines": 0}, "missing_lines": [119, 121, 122, 125, 126, 129, 136, 137, 138, 139, 140, 141, 142, 145, 155, 157, 164, 166, 168, 169], "excluded_lines": []}, "AudioProcessor._parse_transcription_response": {"executed_lines": [], "summary": {"covered_lines": 0, "num_statements": 9, "percent_covered": 0.0, "percent_covered_display": "0", "missing_lines": 9, "excluded_lines": 0}, "missing_lines": [185, 188, 189, 190, 191, 192, 193, 199, 201], "excluded_lines": []}, "AudioProcessor.generate_audio": {"executed_lines": [], "summary": {"covered_lines": 0, "num_statements": 9, "percent_covered": 0.0, "percent_covered_display": "0", "missing_lines": 9, "excluded_lines": 0}, "missing_lines": [238, 241, 249, 251, 254, 255, 257, 259, 260], "excluded_lines": []}, "AudioProcessor._generate_with_provider": {"executed_lines": [], "summary": {"covered_lines": 0, "num_statements": 9, "percent_covered": 0.0, "percent_covered_display": "0", "missing_lines": 9, "excluded_lines": 0}, "missing_lines": [274, 276, 277, 280, 289, 291, 310, 312, 313], "excluded_lines": []}, "AudioProcessor.transcribe_and_generate": {"executed_lines": [], "summary": {"covered_lines": 0, "num_statements": 6, "percent_covered": 0.0, "percent_covered_display": "0", "missing_lines": 6, "excluded_lines": 0}, "missing_lines": [335, 338, 339, 340, 343, 348], "excluded_lines": []}, "AudioProcessor.get_supported_voices": {"executed_lines": [], "summary": {"covered_lines": 0, "num_statements": 5, "percent_covered": 0.0, "percent_covered_display": "0", "missing_lines": 5, "excluded_lines": 0}, "missing_lines": [356, 357, 358, 359, 361], "excluded_lines": []}, "AudioProcessor.get_supported_models": {"executed_lines": [], "summary": {"covered_lines": 0, "num_statements": 6, "percent_covered": 0.0, "percent_covered_display": "0", "missing_lines": 6, "excluded_lines": 0}, "missing_lines": [381, 386, 387, 388, 389, 391], "excluded_lines": []}, "AudioProcessor.validate_audio_for_transcription": {"executed_lines": [], "summary": {"covered_lines": 0, "num_statements": 18, "percent_covered": 0.0, "percent_covered_display": "0", "missing_lines": 18, "excluded_lines": 0}, "missing_lines": [402, 403, 404, 406, 408, 422, 423, 428, 429, 434, 435, 440, 441, 442, 445, 447, 449, 450], "excluded_lines": []}, "": {"executed_lines": [1, 7, 8, 9, 11, 12, 20, 26, 27, 33, 41, 107, 171, 215, 262, 315, 350, 372, 393], "summary": {"covered_lines": 17, "num_statements": 17, "percent_covered": 100.0, "percent_covered_display": "100", "missing_lines": 0, "excluded_lines": 0}, "missing_lines": [], "excluded_lines": []}}, "classes": {"AudioProcessor": {"executed_lines": [], "summary": {"covered_lines": 0, "num_statements": 97, "percent_covered": 0.0, "percent_covered_display": "0", "missing_lines": 97, "excluded_lines": 0}, "missing_lines": [39, 68, 71, 72, 74, 77, 78, 84, 94, 96, 99, 100, 102, 104, 105, 119, 121, 122, 125, 126, 129, 136, 137, 138, 139, 140, 141, 142, 145, 155, 157, 164, 166, 168, 169, 185, 188, 189, 190, 191, 192, 193, 199, 201, 238, 241, 249, 251, 254, 255, 257, 259, 260, 274, 276, 277, 280, 289, 291, 310, 312, 313, 335, 338, 339, 340, 343, 348, 356, 357, 358, 359, 361, 381, 386, 387, 388, 389, 391, 402, 403, 404, 406, 408, 422, 423, 428, 429, 434, 435, 440, 441, 442, 445, 447, 449, 450], "excluded_lines": []}, "": {"executed_lines": [1, 7, 8, 9, 11, 12, 20, 26, 27, 33, 41, 107, 171, 215, 262, 315, 350, 372, 393], "summary": {"covered_lines": 17, "num_statements": 17, "percent_covered": 100.0, "percent_covered_display": "100", "missing_lines": 0, "excluded_lines": 0}, "missing_lines": [], "excluded_lines": []}}}, "src/ai_utilities/audio/audio_utils.py": {"executed_lines": [1, 8, 9, 10, 12, 13, 14, 18, 19, 21, 22, 24, 25, 27, 28, 30, 33, 34, 35, 38, 66, 101, 113, 186, 245, 307, 336, 366], "summary": {"covered_lines": 26, "num_statements": 154, "percent_covered": 16.883116883116884, "percent_covered_display": "17", "missing_lines": 128, "excluded_lines": 0}, "missing_lines": [15, 16, 20, 26, 47, 50, 51, 54, 55, 56, 59, 60, 61, 63, 78, 79, 81, 82, 83, 85, 86, 87, 95, 96, 98, 110, 125, 127, 128, 131, 132, 135, 136, 137, 138, 141, 142, 143, 144, 145, 146, 147, 148, 151, 152, 153, 155, 156, 158, 161, 162, 163, 164, 165, 166, 167, 168, 169, 170, 171, 173, 175, 198, 201, 202, 204, 205, 206, 207, 208, 209, 210, 211, 212, 213, 215, 216, 217, 218, 219, 220, 221, 222, 224, 227, 228, 229, 231, 232, 234, 265, 266, 271, 272, 274, 275, 277, 279, 282, 285, 287, 288, 289, 290, 291, 292, 293, 294, 295, 296, 299, 301, 303, 304, 320, 322, 324, 327, 328, 330, 332, 333, 345, 346, 348, 359, 360, 380], "excluded_lines": [], "functions": {"validate_audio_file": {"executed_lines": [], "summary": {"covered_lines": 0, "num_statements": 10, "percent_covered": 0.0, "percent_covered_display": "0", "missing_lines": 10, "excluded_lines": 0}, "missing_lines": [47, 50, 51, 54, 55, 56, 59, 60, 61, 63], "excluded_lines": []}, "get_audio_format": {"executed_lines": [], "summary": {"covered_lines": 0, "num_statements": 11, "percent_covered": 0.0, "percent_covered_display": "0", "missing_lines": 11, "excluded_lines": 0}, "missing_lines": [78, 79, 81, 82, 83, 85, 86, 87, 95, 96, 98], "excluded_lines": []}, "get_file_size": {"executed_lines": [], "summary": {"covered_lines": 0, "num_statements": 1, "percent_covered": 0.0, "percent_covered_display": "0", "missing_lines": 1, "excluded_lines": 0}, "missing_lines": [110], "excluded_lines": []}, "load_audio_file": {"executed_lines": [], "summary": {"covered_lines": 0, "num_statements": 36, "percent_covered": 0.0, "percent_covered_display": "0", "missing_lines": 36, "excluded_lines": 0}, "missing_lines": [125, 127, 128, 131, 132, 135, 136, 137, 138, 141, 142, 143, 144, 145, 146, 147, 148, 151, 152, 153, 155, 156, 158, 161, 162, 163, 164, 165, 166, 167, 168, 169, 170, 171, 173, 175], "excluded_lines": []}, "analyze_audio_file": {"executed_lines": [], "summary": {"covered_lines": 0, "num_statements": 28, "percent_covered": 0.0, "percent_covered_display": "0", "missing_lines": 28, "excluded_lines": 0}, "missing_lines": [198, 201, 202, 204, 205, 206, 207, 208, 209, 210, 211, 212, 213, 215, 216, 217, 218, 219, 220, 221, 222, 224, 227, 228, 229, 231, 232, 234], "excluded_lines": []}, "convert_audio_format": {"executed_lines": [], "summary": {"covered_lines": 0, "num_statements": 24, "percent_covered": 0.0, "percent_covered_display": "0", "missing_lines": 24, "excluded_lines": 0}, "missing_lines": [265, 266, 271, 272, 274, 275, 277, 279, 282, 285, 287, 288, 289, 290, 291, 292, 293, 294, 295, 296, 299, 301, 303, 304], "excluded_lines": []}, "save_audio_file": {"executed_lines": [], "summary": {"covered_lines": 0, "num_statements": 8, "percent_covered": 0.0, "percent_covered_display": "0", "missing_lines": 8, "excluded_lines": 0}, "missing_lines": [320, 322, 324, 327, 328, 330, 332, 333], "excluded_lines": []}, "get_audio_info": {"executed_lines": [], "summary": {"covered_lines": 0, "num_statements": 5, "percent_covered": 0.0, "percent_covered_display": "0", "missing_lines": 5, "excluded_lines": 0}, "missing_lines": [345, 346, 348, 359, 360], "excluded_lines": []}, "create_audio_file_info": {"executed_lines": [], "summary": {"covered_lines": 0, "num_statements": 1, "percent_covered": 0.0, "percent_covered_display": "0", "missing_lines": 1, "excluded_lines": 0}, "missing_lines": [380], "excluded_lines": []}, "": {"executed_lines": [1, 8, 9, 10, 12, 13, 14, 18, 19, 21, 22, 24, 25, 27, 28, 30, 33, 34, 35, 38, 66, 101, 113, 186, 245, 307, 336, 366], "summary": {"covered_lines": 26, "num_statements": 30, "percent_covered": 86.66666666666667, "percent_covered_display": "87", "missing_lines": 4, "excluded_lines": 0}, "missing_lines": [15, 16, 20, 26], "excluded_lines": []}}, "classes": {"AudioProcessingError": {"executed_lines": [], "summary": {"covered_lines": 0, "num_statements": 0, "percent_covered": 100.0, "percent_covered_display": "100", "missing_lines": 0, "excluded_lines": 0}, "missing_lines": [], "excluded_lines": []}, "": {"executed_lines": [1, 8, 9, 10, 12, 13, 14, 18, 19, 21, 22, 24, 25, 27, 28, 30, 33, 34, 35, 38, 66, 101, 113, 186, 245, 307, 336, 366], "summary": {"covered_lines": 26, "num_statements": 154, "percent_covered": 16.883116883116884, "percent_covered_display": "17", "missing_lines": 128, "excluded_lines": 0}, "missing_lines": [15, 16, 20, 26, 47, 50, 51, 54, 55, 56, 59, 60, 61, 63, 78, 79, 81, 82, 83, 85, 86, 87, 95, 96, 98, 110, 125, 127, 128, 131, 132, 135, 136, 137, 138, 141, 142, 143, 144, 145, 146, 147, 148, 151, 152, 153, 155, 156, 158, 161, 162, 163, 164, 165, 166, 167, 168, 169, 170, 171, 173, 175, 198, 201, 202, 204, 205, 206, 207, 208, 209, 210, 211, 212, 213, 215, 216, 217, 218, 219, 220, 221, 222, 224, 227, 228, 229, 231, 232, 234, 265, 266, 271, 272, 274, 275, 277, 279, 282, 285, 287, 288, 289, 290, 291, 292, 293, 294, 295, 296, 299, 301, 303, 304, 320, 322, 324, 327, 328, 330, 332, 333, 345, 346, 348, 359, 360, 380], "excluded_lines": []}}}, "src/ai_utilities/cache.py": {"executed_lines": [1, 8, 9, 10, 11, 12, 13, 14, 15, 16, 20, 21, 23, 24, 35, 36, 46, 51, 52, 54, 58, 62, 67, 68, 70, 80, 96, 112, 117, 124, 135, 149, 163, 164, 169, 204, 239, 282, 339, 381, 395, 422, 435], "summary": {"covered_lines": 34, "num_statements": 141, "percent_covered": 24.113475177304963, "percent_covered_display": "24", "missing_lines": 107, "excluded_lines": 21}, "missing_lines": [48, 56, 60, 64, 76, 77, 78, 82, 83, 84, 86, 87, 90, 91, 92, 94, 98, 100, 102, 103, 104, 106, 114, 115, 119, 121, 122, 126, 127, 131, 132, 145, 146, 160, 192, 193, 194, 195, 196, 197, 198, 199, 202, 216, 217, 220, 221, 228, 234, 235, 237, 242, 244, 250, 251, 252, 253, 256, 270, 275, 280, 291, 296, 298, 303, 304, 305, 307, 310, 312, 316, 317, 320, 325, 328, 329, 330, 332, 336, 337, 348, 349, 350, 351, 354, 355, 357, 359, 364, 367, 376, 377, 379, 383, 388, 389, 393, 402, 406, 407, 408, 411, 412, 424, 429, 430, 431], "excluded_lines": [23, 24, 25, 26, 27, 28, 29, 30, 31, 32, 33, 35, 36, 37, 38, 39, 40, 41, 42, 43, 44], "functions": {"CacheBackend.get": {"executed_lines": [], "summary": {"covered_lines": 0, "num_statements": 0, "percent_covered": 100.0, "percent_covered_display": "100", "missing_lines": 0, "excluded_lines": 9}, "missing_lines": [], "excluded_lines": [25, 26, 27, 28, 29, 30, 31, 32, 33]}, "CacheBackend.set": {"executed_lines": [], "summary": {"covered_lines": 0, "num_statements": 0, "percent_covered": 100.0, "percent_covered_display": "100", "missing_lines": 0, "excluded_lines": 8}, "missing_lines": [], "excluded_lines": [37, 38, 39, 40, 41, 42, 43, 44]}, "CacheBackend.clear": {"executed_lines": [], "summary": {"covered_lines": 0, "num_statements": 1, "percent_covered": 0.0, "percent_covered_display": "0", "missing_lines": 1, "excluded_lines": 0}, "missing_lines": [48], "excluded_lines": []}, "NullCache.get": {"executed_lines": [], "summary": {"covered_lines": 0, "num_statements": 1, "percent_covered": 0.0, "percent_covered_display": "0", "missing_lines": 1, "excluded_lines": 0}, "missing_lines": [56], "excluded_lines": []}, "NullCache.set": {"executed_lines": [], "summary": {"covered_lines": 0, "num_statements": 1, "percent_covered": 0.0, "percent_covered_display": "0", "missing_lines": 1, "excluded_lines": 0}, "missing_lines": [60], "excluded_lines": []}, "NullCache.clear": {"executed_lines": [], "summary": {"covered_lines": 0, "num_statements": 1, "percent_covered": 0.0, "percent_covered_display": "0", "missing_lines": 1, "excluded_lines": 0}, "missing_lines": [64], "excluded_lines": []}, "MemoryCache.__init__": {"executed_lines": [], "summary": {"covered_lines": 0, "num_statements": 3, "percent_covered": 0.0, "percent_covered_display": "0", "missing_lines": 3, "excluded_lines": 0}, "missing_lines": [76, 77, 78], "excluded_lines": []}, "MemoryCache.get": {"executed_lines": [], "summary": {"covered_lines": 0, "num_statements": 9, "percent_covered": 0.0, "percent_covered_display": "0", "missing_lines": 9, "excluded_lines": 0}, "missing_lines": [82, 83, 84, 86, 87, 90, 91, 92, 94], "excluded_lines": []}, "MemoryCache.set": {"executed_lines": [], "summary": {"covered_lines": 0, "num_statements": 6, "percent_covered": 0.0, "percent_covered_display": "0", "missing_lines": 6, "excluded_lines": 0}, "missing_lines": [98, 100, 102, 103, 104, 106], "excluded_lines": []}, "MemoryCache.clear": {"executed_lines": [], "summary": {"covered_lines": 0, "num_statements": 2, "percent_covered": 0.0, "percent_covered_display": "0", "missing_lines": 2, "excluded_lines": 0}, "missing_lines": [114, 115], "excluded_lines": []}, "MemoryCache.size": {"executed_lines": [], "summary": {"covered_lines": 0, "num_statements": 3, "percent_covered": 0.0, "percent_covered_display": "0", "missing_lines": 3, "excluded_lines": 0}, "missing_lines": [119, 121, 122], "excluded_lines": []}, "MemoryCache._clean_expired": {"executed_lines": [], "summary": {"covered_lines": 0, "num_statements": 4, "percent_covered": 0.0, "percent_covered_display": "0", "missing_lines": 4, "excluded_lines": 0}, "missing_lines": [126, 127, 131, 132], "excluded_lines": []}, "stable_hash": {"executed_lines": [], "summary": {"covered_lines": 0, "num_statements": 2, "percent_covered": 0.0, "percent_covered_display": "0", "missing_lines": 2, "excluded_lines": 0}, "missing_lines": [145, 146], "excluded_lines": []}, "normalize_prompt": {"executed_lines": [], "summary": {"covered_lines": 0, "num_statements": 1, "percent_covered": 0.0, "percent_covered_display": "0", "missing_lines": 1, "excluded_lines": 0}, "missing_lines": [160], "excluded_lines": []}, "SqliteCache.__init__": {"executed_lines": [], "summary": {"covered_lines": 0, "num_statements": 9, "percent_covered": 0.0, "percent_covered_display": "0", "missing_lines": 9, "excluded_lines": 0}, "missing_lines": [192, 193, 194, 195, 196, 197, 198, 199, 202], "excluded_lines": []}, "SqliteCache._validate_table_name": {"executed_lines": [], "summary": {"covered_lines": 0, "num_statements": 8, "percent_covered": 0.0, "percent_covered_display": "0", "missing_lines": 8, "excluded_lines": 0}, "missing_lines": [216, 217, 220, 221, 228, 234, 235, 237], "excluded_lines": []}, "SqliteCache._init_database": {"executed_lines": [], "summary": {"covered_lines": 0, "num_statements": 10, "percent_covered": 0.0, "percent_covered_display": "0", "missing_lines": 10, "excluded_lines": 0}, "missing_lines": [242, 244, 250, 251, 252, 253, 256, 270, 275, 280], "excluded_lines": []}, "SqliteCache.get": {"executed_lines": [], "summary": {"covered_lines": 0, "num_statements": 19, "percent_covered": 0.0, "percent_covered_display": "0", "missing_lines": 19, "excluded_lines": 0}, "missing_lines": [291, 296, 298, 303, 304, 305, 307, 310, 312, 316, 317, 320, 325, 328, 329, 330, 332, 336, 337], "excluded_lines": []}, "SqliteCache.set": {"executed_lines": [], "summary": {"covered_lines": 0, "num_statements": 13, "percent_covered": 0.0, "percent_covered_display": "0", "missing_lines": 13, "excluded_lines": 0}, "missing_lines": [348, 349, 350, 351, 354, 355, 357, 359, 364, 367, 376, 377, 379], "excluded_lines": []}, "SqliteCache.clear": {"executed_lines": [], "summary": {"covered_lines": 0, "num_statements": 4, "percent_covered": 0.0, "percent_covered_display": "0", "missing_lines": 4, "excluded_lines": 0}, "missing_lines": [383, 388, 389, 393], "excluded_lines": []}, "SqliteCache._prune_namespace": {"executed_lines": [], "summary": {"covered_lines": 0, "num_statements": 6, "percent_covered": 0.0, "percent_covered_display": "0", "missing_lines": 6, "excluded_lines": 0}, "missing_lines": [402, 406, 407, 408, 411, 412], "excluded_lines": []}, "SqliteCache.clear_all_namespaces": {"executed_lines": [], "summary": {"covered_lines": 0, "num_statements": 4, "percent_covered": 0.0, "percent_covered_display": "0", "missing_lines": 4, "excluded_lines": 0}, "missing_lines": [424, 429, 430, 431], "excluded_lines": []}, "": {"executed_lines": [1, 8, 9, 10, 11, 12, 13, 14, 15, 16, 20, 21, 23, 24, 35, 36, 46, 51, 52, 54, 58, 62, 67, 68, 70, 80, 96, 112, 117, 124, 135, 149, 163, 164, 169, 204, 239, 282, 339, 381, 395, 422, 435], "summary": {"covered_lines": 34, "num_statements": 34, "percent_covered": 100.0, "percent_covered_display": "100", "missing_lines": 0, "excluded_lines": 4}, "missing_lines": [], "excluded_lines": [23, 24, 35, 36]}}, "classes": {"CacheBackend": {"executed_lines": [], "summary": {"covered_lines": 0, "num_statements": 1, "percent_covered": 0.0, "percent_covered_display": "0", "missing_lines": 1, "excluded_lines": 17}, "missing_lines": [48], "excluded_lines": [25, 26, 27, 28, 29, 30, 31, 32, 33, 37, 38, 39, 40, 41, 42, 43, 44]}, "NullCache": {"executed_lines": [], "summary": {"covered_lines": 0, "num_statements": 3, "percent_covered": 0.0, "percent_covered_display": "0", "missing_lines": 3, "excluded_lines": 0}, "missing_lines": [56, 60, 64], "excluded_lines": []}, "MemoryCache": {"executed_lines": [], "summary": {"covered_lines": 0, "num_statements": 27, "percent_covered": 0.0, "percent_covered_display": "0", "missing_lines": 27, "excluded_lines": 0}, "missing_lines": [76, 77, 78, 82, 83, 84, 86, 87, 90, 91, 92, 94, 98, 100, 102, 103, 104, 106, 114, 115, 119, 121, 122, 126, 127, 131, 132], "excluded_lines": []}, "SqliteCache": {"executed_lines": [], "summary": {"covered_lines": 0, "num_statements": 73, "percent_covered": 0.0, "percent_covered_display": "0", "missing_lines": 73, "excluded_lines": 0}, "missing_lines": [192, 193, 194, 195, 196, 197, 198, 199, 202, 216, 217, 220, 221, 228, 234, 235, 237, 242, 244, 250, 251, 252, 253, 256, 270, 275, 280, 291, 296, 298, 303, 304, 305, 307, 310, 312, 316, 317, 320, 325, 328, 329, 330, 332, 336, 337, 348, 349, 350, 351, 354, 355, 357, 359, 364, 367, 376, 377, 379, 383, 388, 389, 393, 402, 406, 407, 408, 411, 412, 424, 429, 430, 431], "excluded_lines": []}, "": {"executed_lines": [1, 8, 9, 10, 11, 12, 13, 14, 15, 16, 20, 21, 23, 24, 35, 36, 46, 51, 52, 54, 58, 62, 67, 68, 70, 80, 96, 112, 117, 124, 135, 149, 163, 164, 169, 204, 239, 282, 339, 381, 395, 422, 435], "summary": {"covered_lines": 34, "num_statements": 37, "percent_covered": 91.89189189189189, "percent_covered_display": "92", "missing_lines": 3, "excluded_lines": 4}, "missing_lines": [145, 146, 160], "excluded_lines": [23, 24, 35, 36]}}}, "src/ai_utilities/cli.py": {"executed_lines": [], "summary": {"covered_lines": 0, "num_statements": 47, "percent_covered": 0.0, "percent_covered_display": "0", "missing_lines": 47, "excluded_lines": 2}, "missing_lines": [3, 4, 5, 7, 10, 12, 17, 20, 24, 29, 34, 39, 45, 48, 57, 60, 61, 63, 64, 66, 69, 70, 71, 73, 74, 75, 80, 83, 91, 92, 93, 94, 95, 96, 97, 98, 100, 101, 103, 105, 106, 107, 108, 109, 110, 112, 113], "excluded_lines": [116, 117], "functions": {"create_parser": {"executed_lines": [], "summary": {"covered_lines": 0, "num_statements": 8, "percent_covered": 0.0, "percent_covered_display": "0", "missing_lines": 8, "excluded_lines": 0}, "missing_lines": [12, 17, 20, 24, 29, 34, 39, 45], "excluded_lines": []}, "main": {"executed_lines": [], "summary": {"covered_lines": 0, "num_statements": 33, "percent_covered": 0.0, "percent_covered_display": "0", "missing_lines": 33, "excluded_lines": 0}, "missing_lines": [57, 60, 61, 63, 64, 66, 69, 70, 71, 73, 74, 75, 80, 83, 91, 92, 93, 94, 95, 96, 97, 98, 100, 101, 103, 105, 106, 107, 108, 109, 110, 112, 113], "excluded_lines": []}, "": {"executed_lines": [], "summary": {"covered_lines": 0, "num_statements": 6, "percent_covered": 0.0, "percent_covered_display": "0", "missing_lines": 6, "excluded_lines": 2}, "missing_lines": [3, 4, 5, 7, 10, 48], "excluded_lines": [116, 117]}}, "classes": {"": {"executed_lines": [], "summary": {"covered_lines": 0, "num_statements": 47, "percent_covered": 0.0, "percent_covered_display": "0", "missing_lines": 47, "excluded_lines": 2}, "missing_lines": [3, 4, 5, 7, 10, 12, 17, 20, 24, 29, 34, 39, 45, 48, 57, 60, 61, 63, 64, 66, 69, 70, 71, 73, 74, 75, 80, 83, 91, 92, 93, 94, 95, 96, 97, 98, 100, 101, 103, 105, 106, 107, 108, 109, 110, 112, 113], "excluded_lines": [116, 117]}}}, "src/ai_utilities/client.py": {"executed_lines": [1, 8, 9, 10, 11, 12, 13, 14, 15, 16, 17, 18, 19, 20, 21, 22, 23, 24, 25, 26, 27, 30, 33, 62, 73, 81, 82, 118, 224, 245, 293, 314, 321, 436, 446, 453, 591, 657, 782, 839, 947, 993, 1048, 1099, 1170, 1233, 1255, 1278, 1286, 1310, 1401, 1468, 1553, 1599, 1651, 1672, 1712], "summary": {"covered_lines": 55, "num_statements": 509, "percent_covered": 10.805500982318271, "percent_covered_display": "11", "missing_lines": 454, "excluded_lines": 0}, "missing_lines": [43, 46, 47, 50, 53, 56, 57, 59, 69, 70, 75, 138, 139, 140, 141, 143, 144, 149, 152, 153, 155, 157, 160, 161, 164, 165, 166, 172, 175, 177, 178, 180, 181, 183, 184, 186, 188, 191, 192, 195, 198, 199, 202, 203, 205, 208, 220, 222, 233, 234, 237, 238, 239, 243, 259, 262, 272, 273, 274, 275, 276, 277, 278, 279, 280, 281, 282, 284, 285, 288, 289, 291, 302, 303, 304, 306, 309, 310, 312, 316, 317, 318, 319, 362, 399, 402, 404, 405, 407, 410, 411, 412, 413, 414, 416, 417, 418, 419, 422, 425, 426, 429, 431, 432, 434, 442, 443, 444, 448, 449, 451, 507, 510, 511, 513, 516, 518, 519, 520, 522, 524, 544, 546, 547, 549, 558, 560, 561, 563, 572, 575, 577, 578, 586, 587, 589, 612, 613, 615, 617, 618, 620, 622, 623, 624, 625, 627, 635, 637, 639, 640, 641, 643, 644, 653, 655, 695, 720, 723, 725, 727, 728, 729, 736, 737, 739, 740, 741, 742, 744, 745, 746, 749, 750, 752, 753, 754, 755, 757, 758, 760, 761, 762, 763, 764, 767, 768, 770, 771, 772, 773, 774, 776, 830, 833, 834, 835, 837, 858, 883, 886, 889, 890, 891, 901, 902, 904, 905, 906, 907, 910, 912, 914, 915, 916, 917, 920, 927, 934, 937, 938, 941, 942, 943, 945, 971, 972, 974, 975, 977, 978, 981, 982, 983, 985, 986, 987, 989, 991, 1015, 1016, 1019, 1020, 1021, 1023, 1024, 1025, 1027, 1029, 1032, 1033, 1034, 1037, 1040, 1041, 1043, 1046, 1080, 1081, 1083, 1084, 1087, 1088, 1089, 1091, 1092, 1093, 1095, 1097, 1129, 1131, 1134, 1137, 1147, 1167, 1168, 1199, 1201, 1202, 1205, 1208, 1216, 1217, 1220, 1228, 1230, 1231, 1243, 1245, 1247, 1248, 1250, 1252, 1253, 1268, 1270, 1272, 1273, 1275, 1276, 1280, 1281, 1282, 1288, 1289, 1292, 1293, 1294, 1296, 1298, 1327, 1329, 1331, 1334, 1335, 1336, 1337, 1340, 1346, 1350, 1356, 1365, 1366, 1367, 1370, 1381, 1382, 1383, 1384, 1387, 1388, 1389, 1390, 1391, 1393, 1395, 1397, 1398, 1399, 1418, 1420, 1422, 1425, 1426, 1429, 1435, 1442, 1449, 1450, 1451, 1462, 1464, 1465, 1466, 1488, 1491, 1498, 1504, 1505, 1506, 1508, 1509, 1510, 1511, 1514, 1519, 1522, 1531, 1537, 1540, 1541, 1551, 1560, 1561, 1564, 1567, 1570, 1571, 1573, 1575, 1576, 1577, 1579, 1580, 1581, 1584, 1586, 1587, 1588, 1589, 1590, 1591, 1592, 1595, 1597, 1604, 1605, 1607, 1608, 1610, 1611, 1614, 1617, 1618, 1621, 1624, 1625, 1627, 1628, 1629, 1630, 1631, 1634, 1635, 1636, 1637, 1638, 1639, 1640, 1641, 1642, 1643, 1645, 1646, 1647, 1649, 1654, 1655, 1656, 1657, 1658, 1660, 1661, 1662, 1663, 1664, 1665, 1666, 1668, 1670, 1687, 1688, 1690, 1693, 1695, 1698, 1704, 1705, 1707, 1708, 1733, 1736, 1737, 1740], "excluded_lines": [], "functions": {"_sanitize_namespace": {"executed_lines": [], "summary": {"covered_lines": 0, "num_statements": 8, "percent_covered": 0.0, "percent_covered_display": "0", "missing_lines": 8, "excluded_lines": 0}, "missing_lines": [43, 46, 47, 50, 53, 56, 57, 59], "excluded_lines": []}, "_default_namespace": {"executed_lines": [], "summary": {"covered_lines": 0, "num_statements": 2, "percent_covered": 0.0, "percent_covered_display": "0", "missing_lines": 2, "excluded_lines": 0}, "missing_lines": [69, 70], "excluded_lines": []}, "_running_under_pytest": {"executed_lines": [], "summary": {"covered_lines": 0, "num_statements": 1, "percent_covered": 0.0, "percent_covered_display": "0", "missing_lines": 1, "excluded_lines": 0}, "missing_lines": [75], "excluded_lines": []}, "AiClient.__init__": {"executed_lines": [], "summary": {"covered_lines": 0, "num_statements": 37, "percent_covered": 0.0, "percent_covered_display": "0", "missing_lines": 37, "excluded_lines": 0}, "missing_lines": [138, 139, 140, 141, 143, 144, 149, 152, 153, 155, 157, 160, 161, 164, 165, 166, 172, 175, 177, 178, 180, 181, 183, 184, 186, 188, 191, 192, 195, 198, 199, 202, 203, 205, 208, 220, 222], "excluded_lines": []}, "AiClient._should_use_cache": {"executed_lines": [], "summary": {"covered_lines": 0, "num_statements": 6, "percent_covered": 0.0, "percent_covered_display": "0", "missing_lines": 6, "excluded_lines": 0}, "missing_lines": [233, 234, 237, 238, 239, 243], "excluded_lines": []}, "AiClient._build_cache_key": {"executed_lines": [], "summary": {"covered_lines": 0, "num_statements": 18, "percent_covered": 0.0, "percent_covered_display": "0", "missing_lines": 18, "excluded_lines": 0}, "missing_lines": [259, 262, 272, 273, 274, 275, 276, 277, 278, 279, 280, 281, 282, 284, 285, 288, 289, 291], "excluded_lines": []}, "AiClient.check_for_updates": {"executed_lines": [], "summary": {"covered_lines": 0, "num_statements": 7, "percent_covered": 0.0, "percent_covered_display": "0", "missing_lines": 7, "excluded_lines": 0}, "missing_lines": [302, 303, 304, 306, 309, 310, 312], "excluded_lines": []}, "AiClient.reconfigure": {"executed_lines": [], "summary": {"covered_lines": 0, "num_statements": 4, "percent_covered": 0.0, "percent_covered_display": "0", "missing_lines": 4, "excluded_lines": 0}, "missing_lines": [316, 317, 318, 319], "excluded_lines": []}, "AiClient.ask": {"executed_lines": [], "summary": {"covered_lines": 0, "num_statements": 22, "percent_covered": 0.0, "percent_covered_display": "0", "missing_lines": 22, "excluded_lines": 0}, "missing_lines": [362, 399, 402, 404, 405, 407, 410, 411, 412, 413, 414, 416, 417, 418, 419, 422, 425, 426, 429, 431, 432, 434], "excluded_lines": []}, "AiClient.get_usage_stats": {"executed_lines": [], "summary": {"covered_lines": 0, "num_statements": 3, "percent_covered": 0.0, "percent_covered_display": "0", "missing_lines": 3, "excluded_lines": 0}, "missing_lines": [442, 443, 444], "excluded_lines": []}, "AiClient.print_usage_summary": {"executed_lines": [], "summary": {"covered_lines": 0, "num_statements": 3, "percent_covered": 0.0, "percent_covered_display": "0", "missing_lines": 3, "excluded_lines": 0}, "missing_lines": [448, 449, 451], "excluded_lines": []}, "AiClient.ask_many": {"executed_lines": [], "summary": {"covered_lines": 0, "num_statements": 25, "percent_covered": 0.0, "percent_covered_display": "0", "missing_lines": 25, "excluded_lines": 0}, "missing_lines": [507, 510, 511, 513, 516, 518, 519, 520, 522, 524, 544, 546, 547, 549, 558, 560, 561, 563, 572, 575, 577, 578, 586, 587, 589], "excluded_lines": []}, "AiClient.ask_many_with_retry": {"executed_lines": [], "summary": {"covered_lines": 0, "num_statements": 20, "percent_covered": 0.0, "percent_covered_display": "0", "missing_lines": 20, "excluded_lines": 0}, "missing_lines": [612, 613, 615, 617, 618, 620, 622, 623, 624, 625, 627, 635, 637, 639, 640, 641, 643, 644, 653, 655], "excluded_lines": []}, "AiClient.ask_json": {"executed_lines": [], "summary": {"covered_lines": 0, "num_statements": 37, "percent_covered": 0.0, "percent_covered_display": "0", "missing_lines": 37, "excluded_lines": 0}, "missing_lines": [695, 720, 723, 725, 727, 728, 729, 736, 737, 739, 740, 741, 742, 744, 745, 746, 749, 750, 752, 753, 754, 755, 757, 758, 760, 761, 762, 763, 764, 767, 768, 770, 771, 772, 773, 774, 776], "excluded_lines": []}, "AiClient.ask_typed": {"executed_lines": [], "summary": {"covered_lines": 0, "num_statements": 5, "percent_covered": 0.0, "percent_covered_display": "0", "missing_lines": 5, "excluded_lines": 0}, "missing_lines": [830, 833, 834, 835, 837], "excluded_lines": []}, "AiClient.get_embeddings": {"executed_lines": [], "summary": {"covered_lines": 0, "num_statements": 10, "percent_covered": 0.0, "percent_covered_display": "0", "missing_lines": 10, "excluded_lines": 0}, "missing_lines": [1687, 1688, 1690, 1693, 1695, 1698, 1704, 1705, 1707, 1708], "excluded_lines": []}, "AiClient.upload_file": {"executed_lines": [], "summary": {"covered_lines": 0, "num_statements": 14, "percent_covered": 0.0, "percent_covered_display": "0", "missing_lines": 14, "excluded_lines": 0}, "missing_lines": [971, 972, 974, 975, 977, 978, 981, 982, 983, 985, 986, 987, 989, 991], "excluded_lines": []}, "AiClient.download_file": {"executed_lines": [], "summary": {"covered_lines": 0, "num_statements": 18, "percent_covered": 0.0, "percent_covered_display": "0", "missing_lines": 18, "excluded_lines": 0}, "missing_lines": [1015, 1016, 1019, 1020, 1021, 1023, 1024, 1025, 1027, 1029, 1032, 1033, 1034, 1037, 1040, 1041, 1043, 1046], "excluded_lines": []}, "AiClient.generate_image": {"executed_lines": [], "summary": {"covered_lines": 0, "num_statements": 12, "percent_covered": 0.0, "percent_covered_display": "0", "missing_lines": 12, "excluded_lines": 0}, "missing_lines": [1080, 1081, 1083, 1084, 1087, 1088, 1089, 1091, 1092, 1093, 1095, 1097], "excluded_lines": []}, "AiClient.transcribe_audio": {"executed_lines": [], "summary": {"covered_lines": 0, "num_statements": 7, "percent_covered": 0.0, "percent_covered_display": "0", "missing_lines": 7, "excluded_lines": 0}, "missing_lines": [1129, 1131, 1134, 1137, 1147, 1167, 1168], "excluded_lines": []}, "AiClient.generate_audio": {"executed_lines": [], "summary": {"covered_lines": 0, "num_statements": 11, "percent_covered": 0.0, "percent_covered_display": "0", "missing_lines": 11, "excluded_lines": 0}, "missing_lines": [1199, 1201, 1202, 1205, 1208, 1216, 1217, 1220, 1228, 1230, 1231], "excluded_lines": []}, "AiClient.get_audio_voices": {"executed_lines": [], "summary": {"covered_lines": 0, "num_statements": 7, "percent_covered": 0.0, "percent_covered_display": "0", "missing_lines": 7, "excluded_lines": 0}, "missing_lines": [1243, 1245, 1247, 1248, 1250, 1252, 1253], "excluded_lines": []}, "AiClient.validate_audio_file": {"executed_lines": [], "summary": {"covered_lines": 0, "num_statements": 6, "percent_covered": 0.0, "percent_covered_display": "0", "missing_lines": 6, "excluded_lines": 0}, "missing_lines": [1268, 1270, 1272, 1273, 1275, 1276], "excluded_lines": []}, "AiClient._ensure_knowledge_enabled": {"executed_lines": [], "summary": {"covered_lines": 0, "num_statements": 3, "percent_covered": 0.0, "percent_covered_display": "0", "missing_lines": 3, "excluded_lines": 0}, "missing_lines": [1280, 1281, 1282], "excluded_lines": []}, "AiClient._get_knowledge_config": {"executed_lines": [], "summary": {"covered_lines": 0, "num_statements": 7, "percent_covered": 0.0, "percent_covered_display": "0", "missing_lines": 7, "excluded_lines": 0}, "missing_lines": [1288, 1289, 1292, 1293, 1294, 1296, 1298], "excluded_lines": []}, "AiClient.index_knowledge": {"executed_lines": [], "summary": {"covered_lines": 0, "num_statements": 29, "percent_covered": 0.0, "percent_covered_display": "0", "missing_lines": 29, "excluded_lines": 0}, "missing_lines": [1327, 1329, 1331, 1334, 1335, 1336, 1337, 1340, 1346, 1350, 1356, 1365, 1366, 1367, 1370, 1381, 1382, 1383, 1384, 1387, 1388, 1389, 1390, 1391, 1393, 1395, 1397, 1398, 1399], "excluded_lines": []}, "AiClient.search_knowledge": {"executed_lines": [], "summary": {"covered_lines": 0, "num_statements": 15, "percent_covered": 0.0, "percent_covered_display": "0", "missing_lines": 15, "excluded_lines": 0}, "missing_lines": [1418, 1420, 1422, 1425, 1426, 1429, 1435, 1442, 1449, 1450, 1451, 1462, 1464, 1465, 1466], "excluded_lines": []}, "AiClient.ask_with_knowledge": {"executed_lines": [], "summary": {"covered_lines": 0, "num_statements": 18, "percent_covered": 0.0, "percent_covered_display": "0", "missing_lines": 18, "excluded_lines": 0}, "missing_lines": [1488, 1491, 1498, 1504, 1505, 1506, 1508, 1509, 1510, 1511, 1514, 1519, 1522, 1531, 1537, 1540, 1541, 1551], "excluded_lines": []}, "AiClient._process_knowledge_results": {"executed_lines": [], "summary": {"covered_lines": 0, "num_statements": 23, "percent_covered": 0.0, "percent_covered_display": "0", "missing_lines": 23, "excluded_lines": 0}, "missing_lines": [1560, 1561, 1564, 1567, 1570, 1571, 1573, 1575, 1576, 1577, 1579, 1580, 1581, 1584, 1586, 1587, 1588, 1589, 1590, 1591, 1592, 1595, 1597], "excluded_lines": []}, "AiClient._deduplicate_chunks": {"executed_lines": [], "summary": {"covered_lines": 0, "num_statements": 31, "percent_covered": 0.0, "percent_covered_display": "0", "missing_lines": 31, "excluded_lines": 0}, "missing_lines": [1604, 1605, 1607, 1608, 1610, 1611, 1614, 1617, 1618, 1621, 1624, 1625, 1627, 1628, 1629, 1630, 1631, 1634, 1635, 1636, 1637, 1638, 1639, 1640, 1641, 1642, 1643, 1645, 1646, 1647, 1649], "excluded_lines": []}, "AiClient._longest_common_substring": {"executed_lines": [], "summary": {"covered_lines": 0, "num_statements": 14, "percent_covered": 0.0, "percent_covered_display": "0", "missing_lines": 14, "excluded_lines": 0}, "missing_lines": [1654, 1655, 1656, 1657, 1658, 1660, 1661, 1662, 1663, 1664, 1665, 1666, 1668, 1670], "excluded_lines": []}, "create_client": {"executed_lines": [], "summary": {"covered_lines": 0, "num_statements": 4, "percent_covered": 0.0, "percent_covered_display": "0", "missing_lines": 4, "excluded_lines": 0}, "missing_lines": [1733, 1736, 1737, 1740], "excluded_lines": []}, "": {"executed_lines": [1, 8, 9, 10, 11, 12, 13, 14, 15, 16, 17, 18, 19, 20, 21, 22, 23, 24, 25, 26, 27, 30, 33, 62, 73, 81, 82, 118, 224, 245, 293, 314, 321, 436, 446, 453, 591, 657, 782, 839, 947, 993, 1048, 1099, 1170, 1233, 1255, 1278, 1286, 1310, 1401, 1468, 1553, 1599, 1651, 1672, 1712], "summary": {"covered_lines": 55, "num_statements": 55, "percent_covered": 100.0, "percent_covered_display": "100", "missing_lines": 0, "excluded_lines": 0}, "missing_lines": [], "excluded_lines": []}}, "classes": {"AiClient": {"executed_lines": [], "summary": {"covered_lines": 0, "num_statements": 439, "percent_covered": 0.0, "percent_covered_display": "0", "missing_lines": 439, "excluded_lines": 0}, "missing_lines": [138, 139, 140, 141, 143, 144, 149, 152, 153, 155, 157, 160, 161, 164, 165, 166, 172, 175, 177, 178, 180, 181, 183, 184, 186, 188, 191, 192, 195, 198, 199, 202, 203, 205, 208, 220, 222, 233, 234, 237, 238, 239, 243, 259, 262, 272, 273, 274, 275, 276, 277, 278, 279, 280, 281, 282, 284, 285, 288, 289, 291, 302, 303, 304, 306, 309, 310, 312, 316, 317, 318, 319, 362, 399, 402, 404, 405, 407, 410, 411, 412, 413, 414, 416, 417, 418, 419, 422, 425, 426, 429, 431, 432, 434, 442, 443, 444, 448, 449, 451, 507, 510, 511, 513, 516, 518, 519, 520, 522, 524, 544, 546, 547, 549, 558, 560, 561, 563, 572, 575, 577, 578, 586, 587, 589, 612, 613, 615, 617, 618, 620, 622, 623, 624, 625, 627, 635, 637, 639, 640, 641, 643, 644, 653, 655, 695, 720, 723, 725, 727, 728, 729, 736, 737, 739, 740, 741, 742, 744, 745, 746, 749, 750, 752, 753, 754, 755, 757, 758, 760, 761, 762, 763, 764, 767, 768, 770, 771, 772, 773, 774, 776, 830, 833, 834, 835, 837, 858, 883, 886, 889, 890, 891, 901, 902, 904, 905, 906, 907, 910, 912, 914, 915, 916, 917, 920, 927, 934, 937, 938, 941, 942, 943, 945, 971, 972, 974, 975, 977, 978, 981, 982, 983, 985, 986, 987, 989, 991, 1015, 1016, 1019, 1020, 1021, 1023, 1024, 1025, 1027, 1029, 1032, 1033, 1034, 1037, 1040, 1041, 1043, 1046, 1080, 1081, 1083, 1084, 1087, 1088, 1089, 1091, 1092, 1093, 1095, 1097, 1129, 1131, 1134, 1137, 1147, 1167, 1168, 1199, 1201, 1202, 1205, 1208, 1216, 1217, 1220, 1228, 1230, 1231, 1243, 1245, 1247, 1248, 1250, 1252, 1253, 1268, 1270, 1272, 1273, 1275, 1276, 1280, 1281, 1282, 1288, 1289, 1292, 1293, 1294, 1296, 1298, 1327, 1329, 1331, 1334, 1335, 1336, 1337, 1340, 1346, 1350, 1356, 1365, 1366, 1367, 1370, 1381, 1382, 1383, 1384, 1387, 1388, 1389, 1390, 1391, 1393, 1395, 1397, 1398, 1399, 1418, 1420, 1422, 1425, 1426, 1429, 1435, 1442, 1449, 1450, 1451, 1462, 1464, 1465, 1466, 1488, 1491, 1498, 1504, 1505, 1506, 1508, 1509, 1510, 1511, 1514, 1519, 1522, 1531, 1537, 1540, 1541, 1551, 1560, 1561, 1564, 1567, 1570, 1571, 1573, 1575, 1576, 1577, 1579, 1580, 1581, 1584, 1586, 1587, 1588, 1589, 1590, 1591, 1592, 1595, 1597, 1604, 1605, 1607, 1608, 1610, 1611, 1614, 1617, 1618, 1621, 1624, 1625, 1627, 1628, 1629, 1630, 1631, 1634, 1635, 1636, 1637, 1638, 1639, 1640, 1641, 1642, 1643, 1645, 1646, 1647, 1649, 1654, 1655, 1656, 1657, 1658, 1660, 1661, 1662, 1663, 1664, 1665, 1666, 1668, 1670, 1687, 1688, 1690, 1693, 1695, 1698, 1704, 1705, 1707, 1708], "excluded_lines": []}, "": {"executed_lines": [1, 8, 9, 10, 11, 12, 13, 14, 15, 16, 17, 18, 19, 20, 21, 22, 23, 24, 25, 26, 27, 30, 33, 62, 73, 81, 82, 118, 224, 245, 293, 314, 321, 436, 446, 453, 591, 657, 782, 839, 947, 993, 1048, 1099, 1170, 1233, 1255, 1278, 1286, 1310, 1401, 1468, 1553, 1599, 1651, 1672, 1712], "summary": {"covered_lines": 55, "num_statements": 70, "percent_covered": 78.57142857142857, "percent_covered_display": "79", "missing_lines": 15, "excluded_lines": 0}, "missing_lines": [43, 46, 47, 50, 53, 56, 57, 59, 69, 70, 75, 1733, 1736, 1737, 1740], "excluded_lines": []}}}, "src/ai_utilities/config_models.py": {"executed_lines": [1, 7, 8, 9, 10, 11, 12, 14, 15, 18, 19, 28, 33, 40, 47, 54, 55, 56, 68, 69, 70, 83, 84, 88, 93, 98, 103, 108, 115, 122, 129, 130, 131, 138, 139, 149, 155, 160, 165, 170, 175, 182, 187, 204, 209, 210, 218, 226, 227, 228, 360, 368, 375, 376, 420, 427, 433, 436, 437, 438, 439, 440, 441, 442, 444, 449, 450, 451, 452, 453, 454, 457, 460, 461, 464, 465, 466, 467, 468, 469, 470, 471, 472, 475, 476, 477, 478, 481, 482, 483, 484, 485, 486, 489, 491, 492, 493, 495, 496, 514, 515, 516, 518, 522, 523, 527, 530, 531, 532, 533, 534, 539, 541, 542, 543, 545, 547, 549, 550, 551, 553, 555, 557, 558, 559, 561, 563, 565, 566, 567, 569, 571, 573, 574, 575, 577, 579, 581, 582, 583, 585, 587, 589, 590, 591, 593, 595, 597, 600, 602, 603, 613, 615, 632, 633, 641, 645, 646, 647, 649, 650, 656, 657, 660, 661, 662, 664, 665, 666, 668, 670, 671, 678, 679, 715, 716, 849, 850, 874, 875, 879, 880, 904, 905, 992, 993, 1061, 1062], "summary": {"covered_lines": 183, "num_statements": 532, "percent_covered": 34.3984962406015, "percent_covered_display": "34", "missing_lines": 349, "excluded_lines": 0}, "missing_lines": [58, 59, 61, 62, 66, 72, 73, 74, 75, 76, 80, 133, 134, 135, 206, 207, 212, 214, 215, 216, 220, 221, 222, 223, 224, 230, 232, 234, 237, 238, 241, 244, 245, 247, 248, 249, 250, 251, 254, 255, 256, 258, 259, 260, 261, 262, 264, 265, 266, 267, 268, 270, 271, 272, 273, 274, 276, 277, 280, 283, 284, 299, 300, 301, 303, 304, 305, 306, 307, 309, 310, 311, 312, 313, 315, 316, 317, 318, 319, 322, 323, 324, 325, 326, 327, 328, 331, 332, 334, 335, 336, 337, 338, 340, 341, 342, 343, 344, 346, 347, 348, 349, 350, 352, 353, 356, 358, 362, 363, 366, 371, 372, 499, 500, 501, 504, 505, 506, 507, 508, 509, 510, 512, 519, 524, 535, 536, 537, 546, 554, 562, 570, 578, 586, 594, 605, 606, 607, 609, 611, 617, 618, 619, 620, 621, 622, 623, 625, 626, 627, 628, 630, 635, 637, 638, 639, 643, 651, 652, 653, 654, 676, 692, 693, 694, 696, 697, 700, 701, 702, 703, 704, 713, 726, 729, 731, 734, 735, 736, 739, 740, 741, 744, 745, 747, 750, 753, 754, 755, 758, 760, 761, 764, 765, 766, 767, 768, 769, 770, 772, 773, 775, 776, 779, 780, 781, 782, 783, 785, 787, 788, 789, 790, 791, 792, 794, 795, 796, 797, 798, 800, 801, 802, 803, 804, 805, 806, 807, 809, 810, 811, 812, 813, 814, 817, 820, 821, 822, 823, 826, 827, 828, 829, 830, 831, 832, 834, 835, 836, 838, 841, 844, 845, 847, 852, 855, 856, 857, 860, 861, 862, 863, 864, 865, 867, 868, 871, 872, 877, 890, 891, 893, 894, 895, 896, 897, 898, 899, 902, 915, 918, 919, 920, 921, 923, 924, 926, 934, 935, 938, 939, 940, 943, 944, 948, 956, 957, 958, 961, 969, 970, 972, 981, 983, 1005, 1008, 1009, 1012, 1013, 1016, 1017, 1019, 1021, 1022, 1023, 1024, 1025, 1027, 1028, 1029, 1030, 1033, 1034, 1037, 1038, 1039, 1041, 1042, 1044, 1045, 1047, 1049, 1050, 1051, 1053, 1054, 1055, 1056, 1059, 1071, 1073, 1074, 1076, 1077, 1078, 1080, 1081, 1082, 1083], "excluded_lines": [], "functions": {"ModelConfig.validate_tokens_per_minute": {"executed_lines": [], "summary": {"covered_lines": 0, "num_statements": 5, "percent_covered": 0.0, "percent_covered_display": "0", "missing_lines": 5, "excluded_lines": 0}, "missing_lines": [58, 59, 61, 62, 66], "excluded_lines": []}, "ModelConfig.validate_tokens_per_day": {"executed_lines": [], "summary": {"covered_lines": 0, "num_statements": 6, "percent_covered": 0.0, "percent_covered_display": "0", "missing_lines": 6, "excluded_lines": 0}, "missing_lines": [72, 73, 74, 75, 76, 80], "excluded_lines": []}, "OpenAIConfig.validate_base_url": {"executed_lines": [], "summary": {"covered_lines": 0, "num_statements": 3, "percent_covered": 0.0, "percent_covered_display": "0", "missing_lines": 3, "excluded_lines": 0}, "missing_lines": [133, 134, 135], "excluded_lines": []}, "AIConfig.__init__": {"executed_lines": [], "summary": {"covered_lines": 0, "num_statements": 2, "percent_covered": 0.0, "percent_covered_display": "0", "missing_lines": 2, "excluded_lines": 0}, "missing_lines": [206, 207], "excluded_lines": []}, "AIConfig.create_isolated": {"executed_lines": [], "summary": {"covered_lines": 0, "num_statements": 4, "percent_covered": 0.0, "percent_covered_display": "0", "missing_lines": 4, "excluded_lines": 0}, "missing_lines": [212, 214, 215, 216], "excluded_lines": []}, "AIConfig.cleanup_env": {"executed_lines": [], "summary": {"covered_lines": 0, "num_statements": 5, "percent_covered": 0.0, "percent_covered_display": "0", "missing_lines": 5, "excluded_lines": 0}, "missing_lines": [220, 221, 222, 223, 224], "excluded_lines": []}, "AIConfig.load_from_environment": {"executed_lines": [], "summary": {"covered_lines": 0, "num_statements": 82, "percent_covered": 0.0, "percent_covered_display": "0", "missing_lines": 82, "excluded_lines": 0}, "missing_lines": [230, 232, 234, 237, 238, 241, 244, 245, 247, 248, 249, 250, 251, 254, 255, 256, 258, 259, 260, 261, 262, 264, 265, 266, 267, 268, 270, 271, 272, 273, 274, 276, 277, 280, 283, 284, 299, 300, 301, 303, 304, 305, 306, 307, 309, 310, 311, 312, 313, 315, 316, 317, 318, 319, 322, 323, 324, 325, 326, 327, 328, 331, 332, 334, 335, 336, 337, 338, 340, 341, 342, 343, 344, 346, 347, 348, 349, 350, 352, 353, 356, 358], "excluded_lines": []}, "AIConfig.get_model_config": {"executed_lines": [], "summary": {"covered_lines": 0, "num_statements": 3, "percent_covered": 0.0, "percent_covered_display": "0", "missing_lines": 3, "excluded_lines": 0}, "missing_lines": [362, 363, 366], "excluded_lines": []}, "AIConfig.update_model_config": {"executed_lines": [], "summary": {"covered_lines": 0, "num_statements": 2, "percent_covered": 0.0, "percent_covered_display": "0", "missing_lines": 2, "excluded_lines": 0}, "missing_lines": [371, 372], "excluded_lines": []}, "AiSettings.get_provider": {"executed_lines": [495, 496], "summary": {"covered_lines": 2, "num_statements": 13, "percent_covered": 15.384615384615385, "percent_covered_display": "15", "missing_lines": 11, "excluded_lines": 0}, "missing_lines": [499, 500, 501, 504, 505, 506, 507, 508, 509, 510, 512], "excluded_lines": []}, "AiSettings.get_base_url": {"executed_lines": [518, 522, 523, 527, 530, 531, 532, 533, 534, 539], "summary": {"covered_lines": 10, "num_statements": 15, "percent_covered": 66.66666666666667, "percent_covered_display": "67", "missing_lines": 5, "excluded_lines": 0}, "missing_lines": [519, 524, 535, 536, 537], "excluded_lines": []}, "AiSettings.get_openai_key": {"executed_lines": [545, 547], "summary": {"covered_lines": 2, "num_statements": 3, "percent_covered": 66.66666666666667, "percent_covered_display": "67", "missing_lines": 1, "excluded_lines": 0}, "missing_lines": [546], "excluded_lines": []}, "AiSettings.get_groq_key": {"executed_lines": [553, 555], "summary": {"covered_lines": 2, "num_statements": 3, "percent_covered": 66.66666666666667, "percent_covered_display": "67", "missing_lines": 1, "excluded_lines": 0}, "missing_lines": [554], "excluded_lines": []}, "AiSettings.get_together_key": {"executed_lines": [561, 563], "summary": {"covered_lines": 2, "num_statements": 3, "percent_covered": 66.66666666666667, "percent_covered_display": "67", "missing_lines": 1, "excluded_lines": 0}, "missing_lines": [562], "excluded_lines": []}, "AiSettings.get_openrouter_key": {"executed_lines": [569, 571], "summary": {"covered_lines": 2, "num_statements": 3, "percent_covered": 66.66666666666667, "percent_covered_display": "67", "missing_lines": 1, "excluded_lines": 0}, "missing_lines": [570], "excluded_lines": []}, "AiSettings.get_fastchat_key": {"executed_lines": [577, 579], "summary": {"covered_lines": 2, "num_statements": 3, "percent_covered": 66.66666666666667, "percent_covered_display": "67", "missing_lines": 1, "excluded_lines": 0}, "missing_lines": [578], "excluded_lines": []}, "AiSettings.get_ollama_key": {"executed_lines": [585, 587], "summary": {"covered_lines": 2, "num_statements": 3, "percent_covered": 66.66666666666667, "percent_covered_display": "67", "missing_lines": 1, "excluded_lines": 0}, "missing_lines": [586], "excluded_lines": []}, "AiSettings.get_lmstudio_key": {"executed_lines": [593, 595], "summary": {"covered_lines": 2, "num_statements": 3, "percent_covered": 66.66666666666667, "percent_covered_display": "67", "missing_lines": 1, "excluded_lines": 0}, "missing_lines": [594], "excluded_lines": []}, "AiSettings.__init__": {"executed_lines": [600, 602, 603, 613], "summary": {"covered_lines": 4, "num_statements": 9, "percent_covered": 44.44444444444444, "percent_covered_display": "44", "missing_lines": 5, "excluded_lines": 0}, "missing_lines": [605, 606, 607, 609, 611], "excluded_lines": []}, "AiSettings._convert_env_value": {"executed_lines": [], "summary": {"covered_lines": 0, "num_statements": 12, "percent_covered": 0.0, "percent_covered_display": "0", "missing_lines": 12, "excluded_lines": 0}, "missing_lines": [617, 618, 619, 620, 621, 622, 623, 625, 626, 627, 628, 630], "excluded_lines": []}, "AiSettings.create_isolated": {"executed_lines": [], "summary": {"covered_lines": 0, "num_statements": 4, "percent_covered": 0.0, "percent_covered_display": "0", "missing_lines": 4, "excluded_lines": 0}, "missing_lines": [635, 637, 638, 639], "excluded_lines": []}, "AiSettings.cleanup_env": {"executed_lines": [], "summary": {"covered_lines": 0, "num_statements": 1, "percent_covered": 0.0, "percent_covered_display": "0", "missing_lines": 1, "excluded_lines": 0}, "missing_lines": [643], "excluded_lines": []}, "AiSettings.normalize_model": {"executed_lines": [649, 650], "summary": {"covered_lines": 2, "num_statements": 6, "percent_covered": 33.333333333333336, "percent_covered_display": "33", "missing_lines": 4, "excluded_lines": 0}, "missing_lines": [651, 652, 653, 654], "excluded_lines": []}, "AiSettings.set_model_default": {"executed_lines": [660, 661, 662], "summary": {"covered_lines": 3, "num_statements": 3, "percent_covered": 100.0, "percent_covered_display": "100", "missing_lines": 0, "excluded_lines": 0}, "missing_lines": [], "excluded_lines": []}, "AiSettings.validate_api_key": {"executed_lines": [668], "summary": {"covered_lines": 1, "num_statements": 1, "percent_covered": 100.0, "percent_covered_display": "100", "missing_lines": 0, "excluded_lines": 0}, "missing_lines": [], "excluded_lines": []}, "AiSettings.from_dotenv": {"executed_lines": [], "summary": {"covered_lines": 0, "num_statements": 1, "percent_covered": 0.0, "percent_covered_display": "0", "missing_lines": 1, "excluded_lines": 0}, "missing_lines": [676], "excluded_lines": []}, "AiSettings.from_ini": {"executed_lines": [], "summary": {"covered_lines": 0, "num_statements": 11, "percent_covered": 0.0, "percent_covered_display": "0", "missing_lines": 11, "excluded_lines": 0}, "missing_lines": [692, 693, 694, 696, 697, 700, 701, 702, 703, 704, 713], "excluded_lines": []}, "AiSettings.interactive_setup": {"executed_lines": [], "summary": {"covered_lines": 0, "num_statements": 81, "percent_covered": 0.0, "percent_covered_display": "0", "missing_lines": 81, "excluded_lines": 0}, "missing_lines": [726, 729, 731, 734, 735, 736, 739, 740, 741, 744, 745, 747, 750, 753, 754, 755, 758, 760, 761, 764, 765, 766, 767, 768, 769, 770, 772, 773, 775, 776, 779, 780, 781, 782, 783, 785, 787, 788, 789, 790, 791, 792, 794, 795, 796, 797, 798, 800, 801, 802, 803, 804, 805, 806, 807, 809, 810, 811, 812, 813, 814, 817, 820, 821, 822, 823, 826, 827, 828, 829, 830, 831, 832, 834, 835, 836, 838, 841, 844, 845, 847], "excluded_lines": []}, "AiSettings._save_to_env_file": {"executed_lines": [], "summary": {"covered_lines": 0, "num_statements": 14, "percent_covered": 0.0, "percent_covered_display": "0", "missing_lines": 14, "excluded_lines": 0}, "missing_lines": [852, 855, 856, 857, 860, 861, 862, 863, 864, 865, 867, 868, 871, 872], "excluded_lines": []}, "AiSettings.reconfigur
[...]
}}, "classes": {"ResponseProcessor": {"executed_lines": [], "summary": {"covered_lines": 0, "num_statements": 29, "percent_covered": 0.0, "percent_covered_display": "0", "missing_lines": 29, "excluded_lines": 0}, "missing_lines": [35, 36, 38, 39, 40, 42, 45, 46, 47, 49, 50, 63, 64, 65, 66, 67, 81, 84, 86, 87, 101, 102, 104, 118, 119, 121, 123, 124, 125], "excluded_lines": []}, "": {"executed_lines": [], "summary": {"covered_lines": 0, "num_statements": 16, "percent_covered": 0.0, "percent_covered_display": "0", "missing_lines": 16, "excluded_lines": 0}, "missing_lines": [7, 8, 9, 10, 12, 15, 24, 25, 52, 53, 69, 70, 89, 90, 106, 107], "excluded_lines": []}}}, "src/ai_utilities/setup/__init__.py": {"executed_lines": [], "summary": {"covered_lines": 0, "num_statements": 0, "percent_covered": 100.0, "percent_covered_display": "100", "missing_lines": 0, "excluded_lines": 0}, "missing_lines": [], "excluded_lines": [], "functions": {"": {"executed_lines": [], "summary": {"covered_lines": 0, "num_statements": 0, "percent_covered": 100.0, "percent_covered_display": "100", "missing_lines": 0, "excluded_lines": 0}, "missing_lines": [], "excluded_lines": []}}, "classes": {"": {"executed_lines": [], "summary": {"covered_lines": 0, "num_statements": 0, "percent_covered": 100.0, "percent_covered_display": "100", "missing_lines": 0, "excluded_lines": 0}, "missing_lines": [], "excluded_lines": []}}}, "src/ai_utilities/setup/wizard.py": {"executed_lines": [], "summary": {"covered_lines": 0, "num_statements": 195, "percent_covered": 0.0, "percent_covered_display": "0", "missing_lines": 195, "excluded_lines": 0}, "missing_lines": [3, 4, 5, 6, 7, 8, 11, 13, 14, 15, 18, 19, 21, 22, 23, 24, 25, 28, 31, 32, 77, 79, 81, 83, 84, 86, 88, 89, 90, 91, 92, 94, 96, 97, 98, 99, 102, 103, 104, 105, 107, 108, 109, 110, 111, 112, 114, 115, 116, 118, 120, 121, 123, 124, 126, 127, 129, 135, 141, 142, 144, 146, 148, 150, 151, 153, 155, 156, 157, 159, 166, 167, 168, 170, 172, 174, 176, 177, 179, 181, 182, 184, 185, 186, 188, 191, 192, 194, 195, 196, 197, 199, 201, 203, 205, 207, 209, 211, 212, 214, 215, 217, 218, 220, 222, 224, 225, 227, 228, 230, 232, 234, 236, 238, 240, 242, 243, 244, 245, 247, 249, 250, 251, 252, 254, 255, 256, 257, 258, 260, 262, 264, 267, 270, 271, 274, 275, 276, 277, 278, 281, 282, 284, 286, 288, 290, 291, 292, 293, 294, 295, 296, 298, 300, 302, 304, 307, 308, 309, 310, 311, 314, 317, 318, 319, 321, 324, 325, 326, 328, 346, 347, 350, 352, 354, 355, 356, 357, 360, 361, 362, 363, 364, 367, 376, 379, 380, 381, 382, 384, 385, 387, 390, 407, 408], "excluded_lines": [], "functions": {"SetupWizard.__init__": {"executed_lines": [], "summary": {"covered_lines": 0, "num_statements": 1, "percent_covered": 0.0, "percent_covered_display": "0", "missing_lines": 1, "excluded_lines": 0}, "missing_lines": [32], "excluded_lines": []}, "SetupWizard._is_interactive": {"executed_lines": [], "summary": {"covered_lines": 0, "num_statements": 1, "percent_covered": 0.0, "percent_covered_display": "0", "missing_lines": 1, "excluded_lines": 0}, "missing_lines": [79], "excluded_lines": []}, "SetupWizard._prompt": {"executed_lines": [], "summary": {"covered_lines": 0, "num_statements": 8, "percent_covered": 0.0, "percent_covered_display": "0", "missing_lines": 8, "excluded_lines": 0}, "missing_lines": [83, 84, 86, 88, 89, 90, 91, 92], "excluded_lines": []}, "SetupWizard._prompt_choice": {"executed_lines": [], "summary": {"covered_lines": 0, "num_statements": 17, "percent_covered": 0.0, "percent_covered_display": "0", "missing_lines": 17, "excluded_lines": 0}, "missing_lines": [96, 97, 98, 99, 102, 103, 104, 105, 107, 108, 109, 110, 111, 112, 114, 115, 116], "excluded_lines": []}, "SetupWizard._select_mode": {"executed_lines": [], "summary": {"covered_lines": 0, "num_statements": 10, "percent_covered": 0.0, "percent_covered_display": "0", "missing_lines": 10, "excluded_lines": 0}, "missing_lines": [120, 121, 123, 124, 126, 127, 129, 135, 141, 142], "excluded_lines": []}, "SetupWizard._select_provider": {"executed_lines": [], "summary": {"covered_lines": 0, "num_statements": 13, "percent_covered": 0.0, "percent_covered_display": "0", "missing_lines": 13, "excluded_lines": 0}, "missing_lines": [146, 148, 150, 151, 153, 155, 156, 157, 159, 166, 167, 168, 170], "excluded_lines": []}, "SetupWizard._get_api_key": {"executed_lines": [], "summary": {"covered_lines": 0, "num_statements": 17, "percent_covered": 0.0, "percent_covered_display": "0", "missing_lines": 17, "excluded_lines": 0}, "missing_lines": [174, 176, 177, 179, 181, 182, 184, 185, 186, 188, 191, 192, 194, 195, 196, 197, 199], "excluded_lines": []}, "SetupWizard._get_base_url": {"executed_lines": [], "summary": {"covered_lines": 0, "num_statements": 18, "percent_covered": 0.0, "percent_covered_display": "0", "missing_lines": 18, "excluded_lines": 0}, "missing_lines": [203, 205, 207, 209, 211, 212, 214, 215, 217, 218, 220, 222, 224, 225, 227, 228, 230, 232], "excluded_lines": []}, "SetupWizard._get_model": {"executed_lines": [], "summary": {"covered_lines": 0, "num_statements": 18, "percent_covered": 0.0, "percent_covered_display": "0", "missing_lines": 18, "excluded_lines": 0}, "missing_lines": [236, 238, 240, 242, 243, 244, 245, 247, 249, 250, 251, 252, 254, 255, 256, 257, 258, 260], "excluded_lines": []}, "SetupWizard._build_dotenv_content": {"executed_lines": [], "summary": {"covered_lines": 0, "num_statements": 12, "percent_covered": 0.0, "percent_covered_display": "0", "missing_lines": 12, "excluded_lines": 0}, "missing_lines": [264, 267, 270, 271, 274, 275, 276, 277, 278, 281, 282, 284], "excluded_lines": []}, "SetupWizard._read_existing_dotenv": {"executed_lines": [], "summary": {"covered_lines": 0, "num_statements": 9, "percent_covered": 0.0, "percent_covered_display": "0", "missing_lines": 9, "excluded_lines": 0}, "missing_lines": [288, 290, 291, 292, 293, 294, 295, 296, 298], "excluded_lines": []}, "SetupWizard._write_dotenv": {"executed_lines": [], "summary": {"covered_lines": 0, "num_statements": 15, "percent_covered": 0.0, "percent_covered_display": "0", "missing_lines": 15, "excluded_lines": 0}, "missing_lines": [302, 304, 307, 308, 309, 310, 311, 314, 317, 318, 319, 321, 324, 325, 326], "excluded_lines": []}, "SetupWizard.run_wizard": {"executed_lines": [], "summary": {"covered_lines": 0, "num_statements": 22, "percent_covered": 0.0, "percent_covered_display": "0", "missing_lines": 22, "excluded_lines": 0}, "missing_lines": [346, 347, 350, 352, 354, 355, 356, 357, 360, 361, 362, 363, 364, 367, 376, 379, 380, 381, 382, 384, 385, 387], "excluded_lines": []}, "run_setup_wizard": {"executed_lines": [], "summary": {"covered_lines": 0, "num_statements": 2, "percent_covered": 0.0, "percent_covered_display": "0", "missing_lines": 2, "excluded_lines": 0}, "missing_lines": [407, 408], "excluded_lines": []}, "": {"executed_lines": [], "summary": {"covered_lines": 0, "num_statements": 32, "percent_covered": 0.0, "percent_covered_display": "0", "missing_lines": 32, "excluded_lines": 0}, "missing_lines": [3, 4, 5, 6, 7, 8, 11, 13, 14, 15, 18, 19, 21, 22, 23, 24, 25, 28, 31, 77, 81, 94, 118, 144, 172, 201, 234, 262, 286, 300, 328, 390], "excluded_lines": []}}, "classes": {"SetupMode": {"executed_lines": [], "summary": {"covered_lines": 0, "num_statements": 0, "percent_covered": 100.0, "percent_covered_display": "100", "missing_lines": 0, "excluded_lines": 0}, "missing_lines": [], "excluded_lines": []}, "SetupResult": {"executed_lines": [], "summary": {"covered_lines": 0, "num_statements": 0, "percent_covered": 100.0, "percent_covered_display": "100", "missing_lines": 0, "excluded_lines": 0}, "missing_lines": [], "excluded_lines": []}, "SetupWizard": {"executed_lines": [], "summary": {"covered_lines": 0, "num_statements": 161, "percent_covered": 0.0, "percent_covered_display": "0", "missing_lines": 161, "excluded_lines": 0}, "missing_lines": [32, 79, 83, 84, 86, 88, 89, 90, 91, 92, 96, 97, 98, 99, 102, 103, 104, 105, 107, 108, 109, 110, 111, 112, 114, 115, 116, 120, 121, 123, 124, 126, 127, 129, 135, 141, 142, 146, 148, 150, 151, 153, 155, 156, 157, 159, 166, 167, 168, 170, 174, 176, 177, 179, 181, 182, 184, 185, 186, 188, 191, 192, 194, 195, 196, 197, 199, 203, 205, 207, 209, 211, 212, 214, 215, 217, 218, 220, 222, 224, 225, 227, 228, 230, 232, 236, 238, 240, 242, 243, 244, 245, 247, 249, 250, 251, 252, 254, 255, 256, 257, 258, 260, 264, 267, 270, 271, 274, 275, 276, 277, 278, 281, 282, 284, 288, 290, 291, 292, 293, 294, 295, 296, 298, 302, 304, 307, 308, 309, 310, 311, 314, 317, 318, 319, 321, 324, 325, 326, 346, 347, 350, 352, 354, 355, 356, 357, 360, 361, 362, 363, 364, 367, 376, 379, 380, 381, 382, 384, 385, 387], "excluded_lines": []}, "": {"executed_lines": [], "summary": {"covered_lines": 0, "num_statements": 34, "percent_covered": 0.0, "percent_covered_display": "0", "missing_lines": 34, "excluded_lines": 0}, "missing_lines": [3, 4, 5, 6, 7, 8, 11, 13, 14, 15, 18, 19, 21, 22, 23, 24, 25, 28, 31, 77, 81, 94, 118, 144, 172, 201, 234, 262, 286, 300, 328, 390, 407, 408], "excluded_lines": []}}}, "src/ai_utilities/token_counter.py": {"executed_lines": [1, 7, 8, 10, 13, 14, 22, 23, 26, 27, 29, 30, 41, 42, 44, 45, 46, 47, 48, 49, 51, 53, 54, 68, 70, 71, 72, 75, 78, 81, 83, 84, 86, 87, 89, 90, 92, 93, 95, 97, 98, 100, 101, 104, 106, 107, 121, 122, 123, 125, 126, 137, 140, 147, 148, 150, 151], "summary": {"covered_lines": 55, "num_statements": 55, "percent_covered": 100.0, "percent_covered_display": "100", "missing_lines": 0, "excluded_lines": 0}, "missing_lines": [], "excluded_lines": [], "functions": {"TokenCounter.count_tokens": {"executed_lines": [41, 42, 44, 45, 46, 47, 48, 49, 51], "summary": {"covered_lines": 9, "num_statements": 9, "percent_covered": 100.0, "percent_covered_display": "100", "missing_lines": 0, "excluded_lines": 0}, "missing_lines": [], "excluded_lines": []}, "TokenCounter.count_message_tokens": {"executed_lines": [68, 70, 71, 72, 75, 78, 81, 83, 84], "summary": {"covered_lines": 9, "num_statements": 9, "percent_covered": 100.0, "percent_covered_display": "100", "missing_lines": 0, "excluded_lines": 0}, "missing_lines": [], "excluded_lines": []}, "TokenCounter._count_by_words": {"executed_lines": [89, 90], "summary": {"covered_lines": 2, "num_statements": 2, "percent_covered": 100.0, "percent_covered_display": "100", "missing_lines": 0, "excluded_lines": 0}, "missing_lines": [], "excluded_lines": []}, "TokenCounter._count_by_chars": {"executed_lines": [95], "summary": {"covered_lines": 1, "num_statements": 1, "percent_covered": 100.0, "percent_covered_display": "100", "missing_lines": 0, "excluded_lines": 0}, "missing_lines": [], "excluded_lines": []}, "TokenCounter._count_combined": {"executed_lines": [100, 101, 104], "summary": {"covered_lines": 3, "num_statements": 3, "percent_covered": 100.0, "percent_covered_display": "100", "missing_lines": 0, "excluded_lines": 0}, "missing_lines": [], "excluded_lines": []}, "TokenCounter.estimate_response_tokens": {"executed_lines": [121, 122, 123], "summary": {"covered_lines": 3, "num_statements": 3, "percent_covered": 100.0, "percent_covered_display": "100", "missing_lines": 0, "excluded_lines": 0}, "missing_lines": [], "excluded_lines": []}, "TokenCounter.count_tokens_for_model": {"executed_lines": [137, 140, 147, 148, 150, 151], "summary": {"covered_lines": 6, "num_statements": 6, "percent_covered": 100.0, "percent_covered_display": "100", "missing_lines": 0, "excluded_lines": 0}, "missing_lines": [], "excluded_lines": []}, "": {"executed_lines": [1, 7, 8, 10, 13, 14, 22, 23, 26, 27, 29, 30, 53, 54, 86, 87, 92, 93, 97, 98, 106, 107, 125, 126], "summary": {"covered_lines": 22, "num_statements": 22, "percent_covered": 100.0, "percent_covered_display": "100", "missing_lines": 0, "excluded_lines": 0}, "missing_lines": [], "excluded_lines": []}}, "classes": {"TokenCounter": {"executed_lines": [41, 42, 44, 45, 46, 47, 48, 49, 51, 68, 70, 71, 72, 75, 78, 81, 83, 84, 89, 90, 95, 100, 101, 104, 121, 122, 123, 137, 140, 147, 148, 150, 151], "summary": {"covered_lines": 33, "num_statements": 33, "percent_covered": 100.0, "percent_covered_display": "100", "missing_lines": 0, "excluded_lines": 0}, "missing_lines": [], "excluded_lines": []}, "": {"executed_lines": [1, 7, 8, 10, 13, 14, 22, 23, 26, 27, 29, 30, 53, 54, 86, 87, 92, 93, 97, 98, 106, 107, 125, 126], "summary": {"covered_lines": 22, "num_statements": 22, "percent_covered": 100.0, "percent_covered_display": "100", "missing_lines": 0, "excluded_lines": 0}, "missing_lines": [], "excluded_lines": []}}}, "src/ai_utilities/usage_tracker.py": {"executed_lines": [1, 3, 4, 5, 6, 7, 8, 9, 10, 12, 13, 16, 17, 18, 19, 20, 23, 24, 25, 26, 27, 28, 29, 30, 31, 34, 35, 37, 39, 50, 51, 52, 55, 56, 58, 60, 61, 62, 63, 66, 69, 71, 73, 74, 76, 77, 84, 87, 88, 89, 91, 93, 95, 97, 98, 99, 100, 102, 104, 106, 107, 108, 112, 114, 116, 119, 123, 124, 126, 127, 128, 129, 130, 133, 134, 135, 137, 139, 143, 144, 145, 147, 150, 152, 153, 154, 155, 156, 157, 158, 161, 164, 165, 173, 175, 176, 177, 178, 179, 180, 182, 188, 190, 193, 196, 197, 198, 199, 202, 204, 206, 207, 209, 211, 212, 213, 214, 215, 216, 217, 219, 228, 229, 231, 234, 235, 236, 237, 238, 239, 240, 241, 242, 244, 246, 248, 250, 251, 255, 259, 263, 276, 277, 279], "summary": {"covered_lines": 140, "num_statements": 147, "percent_covered": 95.23809523809524, "percent_covered_display": "95", "missing_lines": 7, "excluded_lines": 0}, "missing_lines": [85, 121, 167, 169, 170, 171, 232], "excluded_lines": [], "functions": {"ThreadSafeUsageTracker.__init__": {"executed_lines": [50, 51, 52, 55, 56, 58, 60, 61, 62, 63, 66, 69], "summary": {"covered_lines": 12, "num_statements": 12, "percent_covered": 100.0, "percent_covered_display": "100", "missing_lines": 0, "excluded_lines": 0}, "missing_lines": [], "excluded_lines": []}, "ThreadSafeUsageTracker._generate_client_id": {"executed_lines": [73, 74], "summary": {"covered_lines": 2, "num_statements": 2, "percent_covered": 100.0, "percent_covered_display": "100", "missing_lines": 0, "excluded_lines": 0}, "missing_lines": [], "excluded_lines": []}, "ThreadSafeUsageTracker._get_shared_file_lock": {"executed_lines": [84, 87, 88, 89, 91], "summary": {"covered_lines": 5, "num_statements": 6, "percent_covered": 83.33333333333333, "percent_covered_display": "83", "missing_lines": 1, "excluded_lines": 0}, "missing_lines": [85], "excluded_lines": []}, "ThreadSafeUsageTracker._generate_stats_file_path": {"executed_lines": [95, 97, 98, 99, 100, 102], "summary": {"covered_lines": 6, "num_statements": 6, "percent_covered": 100.0, "percent_covered_display": "100", "missing_lines": 0, "excluded_lines": 0}, "missing_lines": [], "excluded_lines": []}, "ThreadSafeUsageTracker._ensure_stats_file_exists": {"executed_lines": [106, 107, 108, 112], "summary": {"covered_lines": 4, "num_statements": 4, "percent_covered": 100.0, "percent_covered_display": "100", "missing_lines": 0, "excluded_lines": 0}, "missing_lines": [], "excluded_lines": []}, "ThreadSafeUsageTracker._load_stats": {"executed_lines": [116, 119, 123, 124, 126, 127, 128, 129, 130, 133, 134, 135, 137, 139, 143, 144, 145], "summary": {"covered_lines": 17, "num_statements": 18, "percent_covered": 94.44444444444444, "percent_covered_display": "94", "missing_lines": 1, "excluded_lines": 0}, "missing_lines": [121], "excluded_lines": []}, "ThreadSafeUsageTracker._write_stats_atomic": {"executed_lines": [150, 152, 153, 154, 155, 156, 157, 158, 161, 164, 165], "summary": {"covered_lines": 11, "num_statements": 15, "percent_covered": 73.33333333333333, "percent_covered_display": "73", "missing_lines": 4, "excluded_lines": 0}, "missing_lines": [167, 169, 170, 171], "excluded_lines": []}, "ThreadSafeUsageTracker._reset_if_new_day": {"executed_lines": [175, 176, 177, 178, 179, 180], "summary": {"covered_lines": 6, "num_statements": 6, "percent_covered": 100.0, "percent_covered_display": "100", "missing_lines": 0, "excluded_lines": 0}, "missing_lines": [], "excluded_lines": []}, "ThreadSafeUsageTracker.record_usage": {"executed_lines": [188, 190, 193, 196, 197, 198, 199, 202], "summary": {"covered_lines": 8, "num_statements": 8, "percent_covered": 100.0, "percent_covered_display": "100", "missing_lines": 0, "excluded_lines": 0}, "missing_lines": [], "excluded_lines": []}, "ThreadSafeUsageTracker.get_stats": {"executed_lines": [206, 207], "summary": {"covered_lines": 2, "num_statements": 2, "percent_covered": 100.0, "percent_covered_display": "100", "missing_lines": 0, "excluded_lines": 0}, "missing_lines": [], "excluded_lines": []}, "ThreadSafeUsageTracker.print_summary": {"executed_lines": [211, 212, 213, 214, 215, 216, 217], "summary": {"covered_lines": 7, "num_statements": 7, "percent_covered": 100.0, "percent_covered_display": "100", "missing_lines": 0, "excluded_lines": 0}, "missing_lines": [], "excluded_lines": []}, "ThreadSafeUsageTracker.get_aggregated_stats": {"executed_lines": [228, 229, 231, 234, 235, 236, 237, 238, 239, 240, 241, 242, 244, 246], "summary": {"covered_lines": 14, "num_statements": 15, "percent_covered": 93.33333333333333, "percent_covered_display": "93", "missing_lines": 1, "excluded_lines": 0}, "missing_lines": [232], "excluded_lines": []}, "ThreadSafeUsageTracker.reset_stats": {"executed_lines": [250, 251, 255], "summary": {"covered_lines": 3, "num_statements": 3, "percent_covered": 100.0, "percent_covered_display": "100", "missing_lines": 0, "excluded_lines": 0}, "missing_lines": [], "excluded_lines": []}, "create_usage_tracker": {"executed_lines": [276, 277, 279], "summary": {"covered_lines": 3, "num_statements": 3, "percent_covered": 100.0, "percent_covered_display": "100", "missing_lines": 0, "excluded_lines": 0}, "missing_lines": [], "excluded_lines": []}, "": {"executed_lines": [1, 3, 4, 5, 6, 7, 8, 9, 10, 12, 13, 16, 17, 18, 19, 20, 23, 24, 25, 26, 27, 28, 29, 30, 31, 34, 35, 37, 39, 71, 76, 77, 93, 104, 114, 147, 173, 182, 204, 209, 219, 248, 259, 263], "summary": {"covered_lines": 40, "num_statements": 40, "percent_covered": 100.0, "percent_covered_display": "100", "missing_lines": 0, "excluded_lines": 0}, "missing_lines": [], "excluded_lines": []}}, "classes": {"UsageScope": {"executed_lines": [], "summary": {"covered_lines": 0, "num_statements": 0, "percent_covered": 100.0, "percent_covered_display": "100", "missing_lines": 0, "excluded_lines": 0}, "missing_lines": [], "excluded_lines": []}, "UsageStats": {"executed_lines": [], "summary": {"covered_lines": 0, "num_statements": 0, "percent_covered": 100.0, "percent_covered_display": "100", "missing_lines": 0, "excluded_lines": 0}, "missing_lines": [], "excluded_lines": []}, "ThreadSafeUsageTracker": {"executed_lines": [50, 51, 52, 55, 56, 58, 60, 61, 62, 63, 66, 69, 73, 74, 84, 87, 88, 89, 91, 95, 97, 98, 99, 100, 102, 106, 107, 108, 112, 116, 119, 123, 124, 126, 127, 128, 129, 130, 133, 134, 135, 137, 139, 143, 144, 145, 150, 152, 153, 154, 155, 156, 157, 158, 161, 164, 165, 175, 176, 177, 178, 179, 180, 188, 190, 193, 196, 197, 198, 199, 202, 206, 207, 211, 212, 213, 214, 215, 216, 217, 228, 229, 231, 234, 235, 236, 237, 238, 239, 240, 241, 242, 244, 246, 250, 251, 255], "summary": {"covered_lines": 97, "num_statements": 104, "percent_covered": 93.26923076923077, "percent_covered_display": "93", "missing_lines": 7, "excluded_lines": 0}, "missing_lines": [85, 121, 167, 169, 170, 171, 232], "excluded_lines": []}, "": {"executed_lines": [1, 3, 4, 5, 6, 7, 8, 9, 10, 12, 13, 16, 17, 18, 19, 20, 23, 24, 25, 26, 27, 28, 29, 30, 31, 34, 35, 37, 39, 71, 76, 77, 93, 104, 114, 147, 173, 182, 204, 209, 219, 248, 259, 263, 276, 277, 279], "summary": {"covered_lines": 43, "num_statements": 43, "percent_covered": 100.0, "percent_covered_display": "100", "missing_lines": 0, "excluded_lines": 0}, "missing_lines": [], "excluded_lines": []}}}}, "totals": {"covered_lines": 1278, "num_statements": 5035, "percent_covered": 25.38232373386296, "percent_covered_display": "25", "missing_lines": 3757, "excluded_lines": 165}}