<?xml version="1.0" encoding="utf-8"?><testsuites name="pytest tests"><testsuite name="pytest" errors="0" failures="70" skipped="78" tests="2483" time="338.799" timestamp="2026-01-18T20:48:46.633865+01:00" hostname="MacBookPro"><testcase classname="tests.integration.test_real_apis.TestRealAPIIntegration" name="test_openai_real_api_call" time="0.000"><properties><property name="test_order" value="0" /></properties><skipped type="pytest.skip" message="need --run-integration option to run">/Users/steffenrasmussen/PycharmProjects/ai_utilities/tests/integration/test_real_apis.py:37: need --run-integration option to run</skipped></testcase><testcase classname="tests.integration.test_real_apis.TestRealAPIIntegration" name="test_openai_json_mode_real" time="0.000"><properties><property name="test_order" value="1" /></properties><skipped type="pytest.skip" message="need --run-integration option to run">/Users/steffenrasmussen/PycharmProjects/ai_utilities/tests/integration/test_real_apis.py:61: need --run-integration option to run</skipped></testcase><testcase classname="tests.integration.test_real_apis.TestRealAPIIntegration" name="test_openai_compatible_real_api" time="0.000"><properties><property name="test_order" value="2" /></properties><skipped type="pytest.skip" message="need --run-integration option to run">/Users/steffenrasmussen/PycharmProjects/ai_utilities/tests/integration/test_real_apis.py:87: need --run-integration option to run</skipped></testcase><testcase classname="tests.integration.test_real_apis.TestRealAPIIntegration" name="test_provider_factory_real_openai" time="0.000"><properties><property name="test_order" value="3" /></properties><skipped type="pytest.skip" message="need --run-integration option to run">/Users/steffenrasmussen/PycharmProjects/ai_utilities/tests/integration/test_real_apis.py:113: need --run-integration option to run</skipped></testcase><testcase classname="tests.integration.test_real_apis.TestRealAPIIntegration" name="test_provider_factory_real_compatible" time="0.000"><properties><property name="test_order" value="4" /></properties><skipped type="pytest.skip" message="need --run-integration option to run">/Users/steffenrasmussen/PycharmProjects/ai_utilities/tests/integration/test_real_apis.py:136: need --run-integration option to run</skipped></testcase><testcase classname="tests.integration.test_real_apis.TestRealAPIIntegration" name="test_error_handling_without_api_key" time="0.000"><properties><property name="test_order" value="5" /></properties><skipped type="pytest.skip" message="need --run-integration option to run">/Users/steffenrasmussen/PycharmProjects/ai_utilities/tests/integration/test_real_apis.py:160: need --run-integration option to run</skipped></testcase><testcase classname="tests.integration.test_real_apis.TestRealAPIIntegration" name="test_error_handling_without_base_url" time="0.000"><properties><property name="test_order" value="6" /></properties><skipped type="pytest.skip" message="need --run-integration option to run">/Users/steffenrasmussen/PycharmProjects/ai_utilities/tests/integration/test_real_apis.py:174: need --run-integration option to run</skipped></testcase><testcase classname="tests.integration.test_usage_tracking.TestThreadSafeUsageTracker" name="test_initialization" time="0.000"><properties><property name="test_order" value="7" /></properties><skipped type="pytest.skip" message="need --run-integration option to run">/Users/steffenrasmussen/PycharmProjects/ai_utilities/tests/integration/test_usage_tracking.py:49: need --run-integration option to run</skipped></testcase><testcase classname="tests.integration.test_usage_tracking.TestThreadSafeUsageTracker" name="test_record_usage_single_thread" time="0.000"><properties><property name="test_order" value="8" /></properties><skipped type="pytest.skip" message="need --run-integration option to run">/Users/steffenrasmussen/PycharmProjects/ai_utilities/tests/integration/test_usage_tracking.py:79: need --run-integration option to run</skipped></testcase><testcase classname="tests.integration.test_usage_tracking.TestThreadSafeUsageTracker" name="test_concurrent_usage_recording" time="0.000"><properties><property name="test_order" value="9" /></properties><skipped type="pytest.skip" message="need --run-integration option to run">/Users/steffenrasmussen/PycharmProjects/ai_utilities/tests/integration/test_usage_tracking.py:93: need --run-integration option to run</skipped></testcase><testcase classname="tests.integration.test_usage_tracking.TestThreadSafeUsageTracker" name="test_concurrent_read_write" time="0.000"><properties><property name="test_order" value="10" /></properties><skipped type="pytest.skip" message="need --run-integration option to run">/Users/steffenrasmussen/PycharmProjects/ai_utilities/tests/integration/test_usage_tracking.py:124: need --run-integration option to run</skipped></testcase><testcase classname="tests.integration.test_usage_tracking.TestThreadSafeUsageTracker" name="test_different_scopes_isolation" time="0.000"><properties><property name="test_order" value="11" /></properties><skipped type="pytest.skip" message="need --run-integration option to run">/Users/steffenrasmussen/PycharmProjects/ai_utilities/tests/integration/test_usage_tracking.py:169: need --run-integration option to run</skipped></testcase><testcase classname="tests.integration.test_usage_tracking.TestThreadSafeUsageTracker" name="test_custom_client_id_sharing" time="0.000"><properties><property name="test_order" value="12" /></properties><skipped type="pytest.skip" message="need --run-integration option to run">/Users/steffenrasmussen/PycharmProjects/ai_utilities/tests/integration/test_usage_tracking.py:207: need --run-integration option to run</skipped></testcase><testcase classname="tests.integration.test_usage_tracking.TestThreadSafeUsageTracker" name="test_reset_stats" time="0.000"><properties><property name="test_order" value="13" /></properties><skipped type="pytest.skip" message="need --run-integration option to run">/Users/steffenrasmussen/PycharmProjects/ai_utilities/tests/integration/test_usage_tracking.py:237: need --run-integration option to run</skipped></testcase><testcase classname="tests.integration.test_usage_tracking.TestThreadSafeUsageTracker" name="test_aggregated_stats" time="0.000"><properties><property name="test_order" value="14" /></properties><skipped type="pytest.skip" message="need --run-integration option to run">/Users/steffenrasmussen/PycharmProjects/ai_utilities/tests/integration/test_usage_tracking.py:258: need --run-integration option to run</skipped></testcase><testcase classname="tests.integration.test_usage_tracking.TestThreadSafeUsageTracker" name="test_file_corruption_handling" time="0.000"><properties><property name="test_order" value="15" /></properties><skipped type="pytest.skip" message="need --run-integration option to run">/Users/steffenrasmussen/PycharmProjects/ai_utilities/tests/integration/test_usage_tracking.py:283: need --run-integration option to run</skipped></testcase><testcase classname="tests.integration.test_usage_tracking.TestThreadSafeUsageTracker" name="test_memory_caching" time="0.000"><properties><property name="test_order" value="16" /></properties><skipped type="pytest.skip" message="need --run-integration option to run">/Users/steffenrasmussen/PycharmProjects/ai_utilities/tests/integration/test_usage_tracking.py:295: need --run-integration option to run</skipped></testcase><testcase classname="tests.integration.test_usage_tracking.TestCreateUsageTracker" name="test_create_tracker_with_string_scope" time="0.000"><properties><property name="test_order" value="17" /></properties><skipped type="pytest.skip" message="need --run-integration option to run">/Users/steffenrasmussen/PycharmProjects/ai_utilities/tests/integration/test_usage_tracking.py:321: need --run-integration option to run</skipped></testcase><testcase classname="tests.integration.test_usage_tracking.TestCreateUsageTracker" name="test_create_tracker_with_enum_scope" time="0.000"><properties><property name="test_order" value="18" /></properties><skipped type="pytest.skip" message="need --run-integration option to run">/Users/steffenrasmussen/PycharmProjects/ai_utilities/tests/integration/test_usage_tracking.py:333: need --run-integration option to run</skipped></testcase><testcase classname="tests.integration.test_usage_tracking.TestCreateUsageTracker" name="test_create_tracker_defaults" time="0.000"><properties><property name="test_order" value="19" /></properties><skipped type="pytest.skip" message="need --run-integration option to run">/Users/steffenrasmussen/PycharmProjects/ai_utilities/tests/integration/test_usage_tracking.py:343: need --run-integration option to run</skipped></testcase><testcase classname="tests.integration.test_usage_tracking.TestConcurrentStressTest" name="test_high_concurrency_stress" time="0.000"><properties><property name="test_order" value="20" /></properties><skipped type="pytest.skip" message="need --run-integration option to run">/Users/steffenrasmussen/PycharmProjects/ai_utilities/tests/integration/test_usage_tracking.py:369: need --run-integration option to run</skipped></testcase><testcase classname="tests.knowledge.test_backend.TestSqliteVectorBackend" name="test_backend_initialization" time="0.021"><properties><property name="test_order" value="21" /></properties></testcase><testcase classname="tests.knowledge.test_backend.TestSqliteVectorBackend" name="test_extension_not_available" time="0.011"><properties><property name="test_order" value="22" /></properties></testcase><testcase classname="tests.knowledge.test_backend.TestSqliteVectorBackend" name="test_required_extension_fails" time="0.009"><properties><property name="test_order" value="23" /></properties></testcase><testcase classname="tests.knowledge.test_backend.TestSqliteVectorBackend" name="test_upsert_and_get_chunk" time="0.012"><properties><property name="test_order" value="24" /></properties></testcase><testcase classname="tests.knowledge.test_backend.TestSqliteVectorBackend" name="test_get_nonexistent_chunk" time="0.009"><properties><property name="test_order" value="25" /></properties></testcase><testcase classname="tests.knowledge.test_backend.TestSqliteVectorBackend" name="test_update_chunk" time="0.009"><properties><property name="test_order" value="26" /></properties></testcase><testcase classname="tests.knowledge.test_backend.TestSqliteVectorBackend" name="test_source_operations" time="0.009"><properties><property name="test_order" value="27" /></properties></testcase><testcase classname="tests.knowledge.test_backend.TestSqliteVectorBackend" name="test_delete_source" time="0.008"><properties><property name="test_order" value="28" /></properties></testcase><testcase classname="tests.knowledge.test_backend.TestSqliteVectorBackend" name="test_similarity_search" time="0.008"><properties><property name="test_order" value="29" /></properties></testcase><testcase classname="tests.knowledge.test_backend.TestSqliteVectorBackend" name="test_similarity_search_with_threshold" time="0.006"><properties><property name="test_order" value="30" /></properties></testcase><testcase classname="tests.knowledge.test_backend.TestSqliteVectorBackend" name="test_search_empty_database" time="0.008"><properties><property name="test_order" value="31" /></properties></testcase><testcase classname="tests.knowledge.test_backend.TestSqliteVectorBackend" name="test_stats" time="0.007"><properties><property name="test_order" value="32" /></properties></testcase><testcase classname="tests.knowledge.test_backend.TestSqliteVectorBackend" name="test_existing_sources" time="0.007"><properties><property name="test_order" value="33" /></properties></testcase><testcase classname="tests.knowledge.test_backend.TestSqliteVectorBackend" name="test_source_hash_tracking" time="0.006"><properties><property name="test_order" value="34" /></properties></testcase><testcase classname="tests.knowledge.test_backend.TestSqliteVectorBackend" name="test_close_connection" time="0.013"><properties><property name="test_order" value="35" /></properties></testcase><testcase classname="tests.knowledge.test_chunking.TestTextChunker" name="test_chunker_initialization" time="0.003"><properties><property name="test_order" value="36" /></properties></testcase><testcase classname="tests.knowledge.test_chunking.TestTextChunker" name="test_chunker_validation_errors" time="0.003"><properties><property name="test_order" value="37" /></properties></testcase><testcase classname="tests.knowledge.test_chunking.TestTextChunker" name="test_basic_chunking" time="0.003"><properties><property name="test_order" value="38" /></properties></testcase><testcase classname="tests.knowledge.test_chunking.TestTextChunker" name="test_empty_text" time="0.003"><properties><property name="test_order" value="39" /></properties></testcase><testcase classname="tests.knowledge.test_chunking.TestTextChunker" name="test_short_text" time="0.003"><properties><property name="test_order" value="40" /></properties></testcase><testcase classname="tests.knowledge.test_chunking.TestTextChunker" name="test_text_too_small" time="0.003"><properties><property name="test_order" value="41" /></properties></testcase><testcase classname="tests.knowledge.test_chunking.TestTextChunker" name="test_paragraph_chunking" time="0.003"><properties><property name="test_order" value="42" /></properties></testcase><testcase classname="tests.knowledge.test_chunking.TestTextChunker" name="test_sentence_chunking" time="0.003"><properties><property name="test_order" value="43" /></properties></testcase><testcase classname="tests.knowledge.test_chunking.TestTextChunker" name="test_overlap_chunking" time="0.003"><properties><property name="test_order" value="44" /></properties></testcase><testcase classname="tests.knowledge.test_chunking.TestTextChunker" name="test_chunk_positions" time="0.003"><properties><property name="test_order" value="45" /></properties></testcase><testcase classname="tests.knowledge.test_chunking.TestTextChunker" name="test_chunk_metadata" time="0.003"><properties><property name="test_order" value="46" /></properties></testcase><testcase classname="tests.knowledge.test_chunking.TestTextChunker" name="test_unicode_text" time="0.003"><properties><property name="test_order" value="47" /></properties></testcase><testcase classname="tests.knowledge.test_chunking.TestTextChunker" name="test_start_chunk_index" time="0.003"><properties><property name="test_order" value="48" /></properties></testcase><testcase classname="tests.knowledge.test_indexer.TestKnowledgeIndexer" name="test_indexer_initialization" time="0.009"><properties><property name="test_order" value="49" /></properties></testcase><testcase classname="tests.knowledge.test_indexer.TestKnowledgeIndexer" name="test_index_single_file" time="0.032"><properties><property name="test_order" value="50" /></properties></testcase><testcase classname="tests.knowledge.test_indexer.TestKnowledgeIndexer" name="test_index_multiple_files" time="0.090"><properties><property name="test_order" value="51" /></properties></testcase><testcase classname="tests.knowledge.test_indexer.TestKnowledgeIndexer" name="test_index_directory" time="0.051"><properties><property name="test_order" value="52" /></properties></testcase><testcase classname="tests.knowledge.test_indexer.TestKnowledgeIndexer" name="test_index_empty_directory" time="0.014"><properties><property name="test_order" value="53" /></properties></testcase><testcase classname="tests.knowledge.test_indexer.TestKnowledgeIndexer" name="test_index_nonexistent_directory" time="0.010"><properties><property name="test_order" value="54" /></properties></testcase><testcase classname="tests.knowledge.test_indexer.TestKnowledgeIndexer" name="test_index_not_a_directory" time="0.007"><properties><property name="test_order" value="55" /></properties></testcase><testcase classname="tests.knowledge.test_indexer.TestKnowledgeIndexer" name="test_index_unsupported_file" time="0.008"><properties><property name="test_order" value="56" /></properties></testcase><testcase classname="tests.knowledge.test_indexer.TestKnowledgeIndexer" name="test_index_empty_file" time="0.021"><properties><property name="test_order" value="57" /></properties></testcase><testcase classname="tests.knowledge.test_indexer.TestKnowledgeIndexer" name="test_index_too_small_file" time="0.025"><properties><property name="test_order" value="58" /></properties></testcase><testcase classname="tests.knowledge.test_indexer.TestKnowledgeIndexer" name="test_force_reindex" time="0.055"><properties><property name="test_order" value="59" /></properties></testcase><testcase classname="tests.knowledge.test_indexer.TestKnowledgeIndexer" name="test_reindex_changed_files" time="0.087"><properties><property name="test_order" value="60" /></properties></testcase><testcase classname="tests.knowledge.test_indexer.TestKnowledgeIndexer" name="test_remove_source" time="0.045"><properties><property name="test_order" value="61" /></properties></testcase><testcase classname="tests.knowledge.test_indexer.TestKnowledgeIndexer" name="test_get_index_stats" time="0.063"><properties><property name="test_order" value="62" /></properties></testcase><testcase classname="tests.knowledge.test_indexer.TestKnowledgeIndexer" name="test_embedding_generation_error" time="0.034"><properties><property name="test_order" value="63" /></properties></testcase><testcase classname="tests.knowledge.test_indexer.TestKnowledgeIndexer" name="test_chunking_error_handling" time="0.034"><properties><property name="test_order" value="64" /></properties></testcase><testcase classname="tests.knowledge.test_models.TestSource" name="test_source_creation" time="0.003"><properties><property name="test_order" value="65" /></properties></testcase><testcase classname="tests.knowledge.test_models.TestSource" name="test_source_from_path" time="0.023"><properties><property name="test_order" value="66" /></properties></testcase><testcase classname="tests.knowledge.test_models.TestSource" name="test_source_nonexistent_file" time="0.004"><properties><property name="test_order" value="67" /></properties></testcase><testcase classname="tests.knowledge.test_models.TestSource" name="test_file_extensions" time="0.003"><properties><property name="test_order" value="68" /></properties></testcase><testcase classname="tests.knowledge.test_models.TestChunk" name="test_chunk_creation" time="0.003"><properties><property name="test_order" value="69" /></properties></testcase><testcase classname="tests.knowledge.test_models.TestChunk" name="test_chunk_with_embedding" time="0.003"><properties><property name="test_order" value="70" /></properties></testcase><testcase classname="tests.knowledge.test_models.TestChunk" name="test_chunk_metadata" time="0.003"><properties><property name="test_order" value="71" /></properties></testcase><testcase classname="tests.knowledge.test_models.TestSearchHit" name="test_search_hit_creation" time="0.004"><properties><property name="test_order" value="72" /></properties></testcase><testcase classname="tests.knowledge.test_models.TestSearchHit" name="test_similarity_classification" time="0.003"><properties><property name="test_order" value="73" /></properties></testcase><testcase classname="tests.knowledge.test_search.TestKnowledgeSearch" name="test_search_initialization" time="0.010"><properties><property name="test_order" value="74" /></properties></testcase><testcase classname="tests.knowledge.test_search.TestKnowledgeSearch" name="test_basic_search" time="0.020"><properties><property name="test_order" value="75" /></properties></testcase><testcase classname="tests.knowledge.test_search.TestKnowledgeSearch" name="test_search_with_threshold" time="0.010"><properties><property name="test_order" value="76" /></properties></testcase><testcase classname="tests.knowledge.test_search.TestKnowledgeSearch" name="test_search_empty_query" time="0.013"><properties><property name="test_order" value="77" /></properties></testcase><testcase classname="tests.knowledge.test_search.TestKnowledgeSearch" name="test_search_top_k_limiting" time="0.008"><properties><property name="test_order" value="78" /></properties></testcase><testcase classname="tests.knowledge.test_search.TestKnowledgeSearch" name="test_search_metadata_inclusion" time="0.007"><properties><property name="test_order" value="79" /></properties></testcase><testcase classname="tests.knowledge.test_search.TestKnowledgeSearch" name="test_search_with_context" time="0.007"><properties><property name="test_order" value="80" /></properties></testcase><testcase classname="tests.knowledge.test_search.TestKnowledgeSearch" name="test_find_similar_chunks" time="0.008"><properties><property name="test_order" value="81" /></properties></testcase><testcase classname="tests.knowledge.test_search.TestKnowledgeSearch" name="test_find_similar_nonexistent_chunk" time="0.006"><properties><property name="test_order" value="82" /></properties></testcase><testcase classname="tests.knowledge.test_search.TestKnowledgeSearch" name="test_find_similar_chunk_no_embedding" time="0.007"><properties><property name="test_order" value="83" /></properties></testcase><testcase classname="tests.knowledge.test_search.TestKnowledgeSearch" name="test_get_search_stats" time="0.007"><properties><property name="test_order" value="84" /></properties></testcase><testcase classname="tests.knowledge.test_search.TestKnowledgeSearch" name="test_embedding_generation_error" time="0.006"><properties><property name="test_order" value="85" /></properties></testcase><testcase classname="tests.knowledge.test_search.TestKnowledgeSearch" name="test_search_result_properties" time="0.007"><properties><property name="test_order" value="86" /></properties></testcase><testcase classname="tests.knowledge.test_search.TestKnowledgeSearch" name="test_search_source_path" time="0.008"><properties><property name="test_order" value="87" /></properties></testcase><testcase classname="tests.knowledge.test_sources.TestFileSourceLoader" name="test_supported_extensions" time="0.003"><properties><property name="test_order" value="88" /></properties></testcase><testcase classname="tests.knowledge.test_sources.TestFileSourceLoader" name="test_load_source_valid_file" time="0.020"><properties><property name="test_order" value="89" /></properties></testcase><testcase classname="tests.knowledge.test_sources.TestFileSourceLoader" name="test_load_source_nonexistent_file" time="0.003"><properties><property name="test_order" value="90" /></properties></testcase><testcase classname="tests.knowledge.test_sources.TestFileSourceLoader" name="test_load_source_directory" time="0.004"><properties><property name="test_order" value="91" /></properties></testcase><testcase classname="tests.knowledge.test_sources.TestFileSourceLoader" name="test_load_source_unsupported_type" time="0.003"><properties><property name="test_order" value="92" /></properties></testcase><testcase classname="tests.knowledge.test_sources.TestFileSourceLoader" name="test_load_source_too_large" time="0.003"><properties><property name="test_order" value="93" /></properties></testcase><testcase classname="tests.knowledge.test_sources.TestFileSourceLoader" name="test_extract_text_plain" time="0.020"><properties><property name="test_order" value="94" /></properties></testcase><testcase classname="tests.knowledge.test_sources.TestFileSourceLoader" name="test_extract_text_markdown" time="0.021"><properties><property name="test_order" value="95" /></properties></testcase><testcase classname="tests.knowledge.test_sources.TestFileSourceLoader" name="test_extract_text_python" time="0.023"><properties><property name="test_order" value="96" /></properties></testcase><testcase classname="tests.knowledge.test_sources.TestFileSourceLoader" name="test_extract_text_log" time="0.023"><properties><property name="test_order" value="97" /></properties></testcase><testcase classname="tests.knowledge.test_sources.TestFileSourceLoader" name="test_extract_text_yaml" time="0.020"><properties><property name="test_order" value="98" /></properties></testcase><testcase classname="tests.knowledge.test_sources.TestFileSourceLoader" name="test_extract_text_json" time="0.026"><properties><property name="test_order" value="99" /></properties></testcase><testcase classname="tests.knowledge.test_sources.TestFileSourceLoader" name="test_extract_text_encoding_fallback" time="0.022"><properties><property name="test_order" value="100" /></properties></testcase><testcase classname="tests.knowledge.test_sources.TestFileSourceLoader" name="test_extract_empty_file" time="0.019"><properties><property name="test_order" value="101" /></properties></testcase><testcase classname="tests.test___main__.TestMainModule" name="test_main_execution" time="0.003"><properties><property name="test_order" value="102" /></properties></testcase><testcase classname="tests.test___main__.TestMainModule" name="test_main_imports" time="0.003"><properties><property name="test_order" value="103" /></properties></testcase><testcase classname="tests.test___main__.TestMainModule" name="test_main_function_call" time="0.002"><properties><property name="test_order" value="104" /></properties></testcase><testcase classname="tests.test___main__.TestMainModule" name="test_module_structure" time="0.003"><properties><property name="test_order" value="105" /></properties></testcase><testcase classname="tests.test___main__.TestMainModule" name="test_main_function_import" time="0.003"><properties><property name="test_order" value="106" /></properties></testcase><testcase classname="tests.test_advanced_caching.TestAdvancedCaching" name="test_cache_with_different_temperature_settings" time="4.028"><properties><property name="test_order" value="107" /></properties></testcase><testcase classname="tests.test_advanced_caching.TestAdvancedCaching" name="test_cache_namespace_isolation" time="4.031"><properties><property name="test_order" value="108" /></properties></testcase><testcase classname="tests.test_advanced_caching.TestAdvancedCaching" name="test_cache_basic_functionality_with_ttl" time="2.022"><properties><property name="test_order" value="109" /></properties></testcase><testcase classname="tests.test_advanced_caching.TestAdvancedCaching" name="test_cache_with_parameter_variations" time="3.027"><properties><property name="test_order" value="110" /></properties></testcase><testcase classname="tests.test_advanced_caching.TestAdvancedCaching" name="test_cache_basic_functionality" time="2.023"><properties><property name="test_order" value="111" /></properties></testcase><testcase classname="tests.test_advanced_caching.TestAdvancedCaching" name="test_cache_disabled_fallback" time="3.026"><properties><property name="test_order" value="112" /></properties></testcase><testcase classname="tests.test_advanced_caching.TestAdvancedCaching" name="test_sqlite_cache_persistence" time="2.046"><properties><property name="test_order" value="113" /></properties></testcase><testcase classname="tests.test_advanced_caching.TestAdvancedCaching" name="test_cache_key_generation_stability" time="5.027"><properties><property name="test_order" value="114" /></properties></testcase><testcase classname="tests.test_advanced_caching.TestAdvancedCaching" name="test_cache_with_null_backend" time="3.022"><properties><property name="test_order" value="115" /></properties></testcase><testcase classname="tests.test_ai_config_manager.TestAIConfigManager" name="test_initialization_without_api_key" time="0.004"><properties><property name="test_order" value="116" /></properties></testcase><testcase classname="tests.test_ai_config_manager.TestAIConfigManager" name="test_initialization_with_api_key" time="0.005"><properties><property name="test_order" value="117" /></properties></testcase><testcase classname="tests.test_ai_config_manager.TestAIConfigManager" name="test_load_config_basic" time="0.003"><properties><property name="test_order" value="118" /></properties></testcase><testcase classname="tests.test_ai_config_manager.TestAIConfigManager" name="test_load_config_with_data" time="0.005"><properties><property name="test_order" value="119" /></properties></testcase><testcase classname="tests.test_ai_config_manager.TestAIConfigManager" name="test_load_config_invalid_data" time="0.006"><properties><property name="test_order" value="120" /></properties></testcase><testcase classname="tests.test_ai_config_manager.TestAIConfigManager" name="test_load_from_file_nonexistent" time="0.004"><properties><property name="test_order" value="121" /></properties></testcase><testcase classname="tests.test_ai_config_manager.TestAIConfigManager" name="test_load_from_file_valid" time="0.005"><properties><property name="test_order" value="122" /></properties></testcase><testcase classname="tests.test_ai_config_manager.TestAIConfigManager" name="test_save_config" time="0.040"><properties><property name="test_order" value="123" /></properties></testcase><testcase classname="tests.test_ai_config_manager.TestAIConfigManager" name="test_get_model_config" time="0.004"><properties><property name="test_order" value="124" /></properties></testcase><testcase classname="tests.test_ai_config_manager.TestAIConfigManager" name="test_load_config_with_dynamic_limits" time="0.004"><properties><property name="test_order" value="125" /></properties></testcase><testcase classname="tests.test_ai_config_manager.TestAIConfigManager" name="test_load_config_with_dynamic_limits_failure" time="0.004"><properties><property name="test_order" value="126" /></properties></testcase><testcase classname="tests.test_ai_config_manager.TestAIConfigManager" name="test_update_rate_limits" time="0.006"><properties><property name="test_order" value="127" /></properties></testcase><testcase classname="tests.test_ai_config_manager.TestAIConfigManager" name="test_update_rate_limits_no_fetcher" time="0.004"><properties><property name="test_order" value="128" /></properties></testcase><testcase classname="tests.test_ai_config_manager.TestAIConfigManager" name="test_should_update_rate_limits" time="0.004"><properties><property name="test_order" value="129" /></properties></testcase><testcase classname="tests.test_ai_config_manager.TestAIConfigManager" name="test_should_update_rate_limits_no_fetcher" time="0.004"><properties><property name="test_order" value="130" /></properties></testcase><testcase classname="tests.test_ai_config_manager.TestAIConfigManager" name="test_update_rate_limits_if_needed" time="0.005"><properties><property name="test_order" value="131" /></properties></testcase><testcase classname="tests.test_ai_config_manager.TestAIConfigManager" name="test_get_rate_limit_status" time="0.004"><properties><property name="test_order" value="132" /></properties></testcase><testcase classname="tests.test_ai_config_manager.TestAIConfigManager" name="test_get_rate_limit_status_with_fetcher" time="0.004"><properties><property name="test_order" value="133" /></properties></testcase><testcase classname="tests.test_ai_config_manager.TestAIConfigManager" name="test_clear_rate_limit_cache" time="0.003"><properties><property name="test_order" value="134" /></properties></testcase><testcase classname="tests.test_ai_config_manager.TestAIConfigManager" name="test_clear_rate_limit_cache_with_fetcher" time="0.005"><properties><property name="test_order" value="135" /></properties></testcase><testcase classname="tests.test_ai_config_manager.TestAIConfigManagerIntegration" name="test_end_to_end_configuration_workflow" time="0.008"><properties><property name="test_order" value="136" /></properties></testcase><testcase classname="tests.test_ai_config_manager.TestAIConfigManagerIntegration" name="test_config_file_roundtrip" time="0.007"><properties><property name="test_order" value="137" /></properties></testcase><testcase classname="tests.test_ai_config_manager.TestAIConfigManagerIntegration" name="test_environment_variable_integration" time="0.004"><properties><property name="test_order" value="138" /></properties></testcase><testcase classname="tests.test_ai_config_manager.TestAIConfigManagerIntegration" name="test_dynamic_limits_integration" time="0.005"><properties><property name="test_order" value="139" /></properties></testcase><testcase classname="tests.test_ai_config_manager.TestAIConfigManagerIntegration" name="test_error_handling_workflow" time="0.006"><properties><property name="test_order" value="140" /></properties></testcase><testcase classname="tests.test_ask_typed.TestAskJson" name="test_ask_json_with_valid_json" time="1.052"><properties><property name="test_order" value="141" /></properties></testcase><testcase classname="tests.test_ask_typed.TestAskJson" name="test_ask_json_with_json_in_code_fences" time="1.051"><properties><property name="test_order" value="142" /></properties></testcase><testcase classname="tests.test_ask_typed.TestAskJson" name="test_ask_json_with_surrounding_text" time="1.049"><properties><property name="test_order" value="143" /></properties></testcase><testcase classname="tests.test_ask_typed.TestAskJson" name="test_ask_json_with_array_response" time="1.052"><properties><property name="test_order" value="144" /></properties></testcase><testcase classname="tests.test_ask_typed.TestAskJson" name="test_ask_json_repair_success" time="1.049"><properties><property name="test_order" value="145" /></properties></testcase><testcase classname="tests.test_ask_typed.TestAskJson" name="test_ask_json_repair_failure" time="1.052"><properties><property name="test_order" value="146" /></properties></testcase><testcase classname="tests.test_ask_typed.TestAskJson" name="test_ask_json_no_repairs" time="1.049"><properties><property name="test_order" value="147" /></properties></testcase><testcase classname="tests.test_ask_typed.TestAskTyped" name="test_ask_typed_success" time="1.051"><properties><property name="test_order" value="148" /></properties></testcase><testcase classname="tests.test_ask_typed.TestAskTyped" name="test_ask_typed_with_optional_field_missing" time="1.044"><properties><property name="test_order" value="149" /></properties></testcase><testcase classname="tests.test_ask_typed.TestAskTyped" name="test_ask_typed_validation_error" time="1.053"><properties><property name="test_order" value="150" /></properties></testcase><testcase classname="tests.test_ask_typed.TestAskTyped" name="test_ask_typed_missing_required_field" time="1.051"><properties><property name="test_order" value="151" /></properties></testcase><testcase classname="tests.test_ask_typed.TestAskTyped" name="test_ask_typed_with_repair_success" time="1.050"><properties><property name="test_order" value="152" /></properties></testcase><testcase classname="tests.test_ask_typed.TestAskTyped" name="test_ask_typed_with_kwargs" time="1.050"><properties><property name="test_order" value="153" /></properties></testcase><testcase classname="tests.test_ask_typed.TestComplexModels" name="test_nested_model_validation" time="1.052"><properties><property name="test_order" value="154" /></properties></testcase><testcase classname="tests.test_async_client.TestAsyncOpenAIProvider" name="test_async_provider_ask" time="0.009"><properties><property name="test_order" value="155" /></properties></testcase><testcase classname="tests.test_async_client.TestAsyncOpenAIProvider" name="test_async_provider_ask_json" time="0.007"><properties><property name="test_order" value="156" /></properties></testcase><testcase classname="tests.test_async_client.TestAsyncOpenAIProvider" name="test_async_provider_ask_many" time="0.007"><properties><property name="test_order" value="157" /></properties></testcase><testcase classname="tests.test_async_client.TestAsyncOpenAIProvider" name="test_async_provider_upload_file" time="0.007"><properties><property name="test_order" value="158" /></properties></testcase><testcase classname="tests.test_async_client.TestAsyncOpenAIProvider" name="test_async_provider_download_file" time="0.007"><properties><property name="test_order" value="159" /></properties></testcase><testcase classname="tests.test_async_client.TestAsyncOpenAIProvider" name="test_async_provider_generate_image" time="0.007"><properties><property name="test_order" value="160" /></properties></testcase><testcase classname="tests.test_async_client.TestAsyncAiClient" name="test_client_initialization" time="0.008"><properties><property name="test_order" value="161" /></properties></testcase><testcase classname="tests.test_async_client.TestAsyncAiClient" name="test_client_initialization_defaults" time="0.006"><properties><property name="test_order" value="162" /></properties></testcase><testcase classname="tests.test_async_client.TestAsyncAiClient" name="test_ask_success" time="0.009"><properties><property name="test_order" value="163" /></properties></testcase><testcase classname="tests.test_async_client.TestAsyncAiClient" name="test_ask_json_format" time="0.008"><properties><property name="test_order" value="164" /></properties></testcase><testcase classname="tests.test_async_client.TestAsyncAiClient" name="test_ask_with_exception" time="0.008"><properties><property name="test_order" value="165" /></properties></testcase><testcase classname="tests.test_async_client.TestAsyncAiClient" name="test_ask_many_empty_list" time="0.008"><properties><property name="test_order" value="166" /></properties></testcase><testcase classname="tests.test_async_client.TestAsyncAiClient" name="test_ask_many_success" time="0.008"><properties><property name="test_order" value="167" /></properties></testcase><testcase classname="tests.test_async_client.TestAsyncAiClient" name="test_ask_many_with_errors" time="0.009"><properties><property name="test_order" value="168" /></properties></testcase><testcase classname="tests.test_async_client.TestAsyncAiClient" name="test_ask_many_fail_fast" time="0.008"><properties><property name="test_order" value="169" /></properties></testcase><testcase classname="tests.test_async_client.TestAsyncAiClient" name="test_ask_many_with_progress_callback" time="0.008"><properties><property name="test_order" value="170" /></properties></testcase><testcase classname="tests.test_async_client.TestAsyncAiClient" name="test_ask_many_progress_callback_error" time="0.009"><properties><property name="test_order" value="171" /></properties></testcase><testcase classname="tests.test_async_client.TestAsyncAiClient" name="test_ask_many_concurrency_control" time="0.041"><properties><property name="test_order" value="172" /></properties></testcase><testcase classname="tests.test_async_client.TestAsyncAiClient" name="test_ask_many_with_retry_empty" time="0.008"><properties><property name="test_order" value="173" /></properties></testcase><testcase classname="tests.test_async_client.TestAsyncAiClient" name="test_ask_many_with_retry_success" time="0.009"><properties><property name="test_order" value="174" /></properties></testcase><testcase classname="tests.test_async_client.TestAsyncAiClient" name="test_ask_many_with_retry_retryable_errors" time="0.009"><properties><property name="test_order" value="175" /></properties></testcase><testcase classname="tests.test_async_client.TestAsyncAiClient" name="test_ask_many_with_retry_non_retryable_errors" time="0.009"><properties><property name="test_order" value="176" /></properties></testcase><testcase classname="tests.test_async_client.TestAsyncAiClient" name="test_ask_many_with_retry_max_retries_exceeded" time="0.009"><properties><property name="test_order" value="177" /></properties></testcase><testcase classname="tests.test_async_client.TestAsyncAiClient" name="test_upload_file_success" time="0.009"><properties><property name="test_order" value="178" /></properties></testcase><testcase classname="tests.test_async_client.TestAsyncAiClient" name="test_upload_file_nonexistent_path" time="0.039"><properties><property name="test_order" value="179" /></properties></testcase><testcase classname="tests.test_async_client.TestAsyncAiClient" name="test_upload_file_directory_path" time="0.009"><properties><property name="test_order" value="180" /></properties></testcase><testcase classname="tests.test_async_client.TestAsyncAiClient" name="test_upload_file_provider_capability_error" time="0.009"><properties><property name="test_order" value="181" /></properties></testcase><testcase classname="tests.test_async_client.TestAsyncAiClient" name="test_upload_file_file_transfer_error" time="0.008"><properties><property name="test_order" value="182" /></properties></testcase><testcase classname="tests.test_async_client.TestAsyncAiClient" name="test_upload_file_wrapped_exception" time="0.009"><properties><property name="test_order" value="183" /></properties></testcase><testcase classname="tests.test_async_client.TestAsyncAiClient" name="test_download_file_success_bytes" time="0.008"><properties><property name="test_order" value="184" /></properties></testcase><testcase classname="tests.test_async_client.TestAsyncAiClient" name="test_download_file_success_to_path" time="0.012"><properties><property name="test_order" value="185" /></properties></testcase><testcase classname="tests.test_async_client.TestAsyncAiClient" name="test_download_file_empty_id" time="0.008"><properties><property name="test_order" value="186" /></properties></testcase><testcase classname="tests.test_async_client.TestAsyncAiClient" name="test_download_file_provider_capability_error" time="0.008"><properties><property name="test_order" value="187" /></properties></testcase><testcase classname="tests.test_async_client.TestAsyncAiClient" name="test_download_file_wrapped_exception" time="0.008"><properties><property name="test_order" value="188" /></properties></testcase><testcase classname="tests.test_async_client.TestAsyncAiClient" name="test_generate_image_success" time="0.008"><properties><property name="test_order" value="189" /></properties></testcase><testcase classname="tests.test_async_client.TestAsyncAiClient" name="test_generate_image_with_options" time="0.008"><properties><property name="test_order" value="190" /></properties></testcase><testcase classname="tests.test_async_client.TestAsyncAiClient" name="test_generate_image_empty_prompt" time="0.008"><properties><property name="test_order" value="191" /></properties></testcase><testcase classname="tests.test_async_client.TestAsyncAiClient" name="test_generate_image_invalid_n" time="0.008"><properties><property name="test_order" value="192" /></properties></testcase><testcase classname="tests.test_async_client.TestAsyncAiClient" name="test_generate_image_provider_capability_error" time="0.008"><properties><property name="test_order" value="193" /></properties></testcase><testcase classname="tests.test_async_client.TestAsyncAiClient" name="test_generate_image_wrapped_exception" time="0.008"><properties><property name="test_order" value="194" /></properties></testcase><testcase classname="tests.test_async_client.TestAsyncAiClient" name="test_path_conversion_in_upload_file" time="0.009"><properties><property name="test_order" value="195" /></properties></testcase><testcase classname="tests.test_async_client.TestAsyncAiClient" name="test_path_conversion_in_download_file" time="0.009"><properties><property name="test_order" value="196" /></properties></testcase><testcase classname="tests.test_async_client.TestEdgeCases" name="test_concurrent_requests_isolation" time="0.030"><properties><property name="test_order" value="197" /></properties></testcase><testcase classname="tests.test_async_client.TestEdgeCases" name="test_large_number_of_prompts" time="0.010"><properties><property name="test_order" value="198" /></properties></testcase><testcase classname="tests.test_async_client.TestEdgeCases" name="test_exception_during_task_creation" time="0.007"><properties><property name="test_order" value="199" /></properties></testcase><testcase classname="tests.test_async_client_comprehensive.TestAsyncAiClientBasics" name="test_async_client_creation_default" time="0.006"><properties><property name="test_order" value="200" /></properties></testcase><testcase classname="tests.test_async_client_comprehensive.TestAsyncAiClientBasics" name="test_async_client_creation_with_settings" time="0.006"><properties><property name="test_order" value="201" /></properties></testcase><testcase classname="tests.test_async_client_comprehensive.TestAsyncAiClientBasics" name="test_async_client_with_custom_provider" time="0.005"><properties><property name="test_order" value="202" /></properties></testcase><testcase classname="tests.test_async_client_comprehensive.TestAsyncAiClientBasics" name="test_async_client_show_progress_option" time="0.006"><properties><property name="test_order" value="203" /></properties></testcase><testcase classname="tests.test_async_client_comprehensive.TestAsyncAiClientAsk" name="test_async_ask_single_prompt" time="0.007"><properties><property name="test_order" value="204" /></properties></testcase><testcase classname="tests.test_async_client_comprehensive.TestAsyncAiClientAsk" name="test_async_ask_with_parameters" time="0.007"><properties><property name="test_order" value="205" /></properties></testcase><testcase classname="tests.test_async_client_comprehensive.TestAsyncAiClientAsk" name="test_async_ask_json_format" time="0.007"><properties><property name="test_order" value="206" /></properties></testcase><testcase classname="tests.test_async_client_comprehensive.TestAsyncAiClientAsk" name="test_async_ask_error_handling" time="0.008"><properties><property name="test_order" value="207" /></properties></testcase><testcase classname="tests.test_async_client_comprehensive.TestAsyncAiClientAsk" name="test_async_ask_deterministic_responses" time="0.008"><properties><property name="test_order" value="208" /></properties></testcase><testcase classname="tests.test_async_client_comprehensive.TestAsyncAiClientAsk" name="test_async_ask_concurrent_calls" time="0.007"><properties><property name="test_order" value="209" /></properties></testcase><testcase classname="tests.test_async_client_comprehensive.TestAsyncAiClientAsk" name="test_async_ask_with_delay" time="0.019"><properties><property name="test_order" value="210" /></properties></testcase><testcase classname="tests.test_async_client_comprehensive.TestAsyncAiClientAskMany" name="test_async_ask_many_basic" time="0.008"><properties><property name="test_order" value="211" /></properties></testcase><testcase classname="tests.test_async_client_comprehensive.TestAsyncAiClientAskMany" name="test_async_ask_many_with_parameters" time="0.007"><properties><property name="test_order" value="212" /></properties></testcase><testcase classname="tests.test_async_client_comprehensive.TestAsyncAiClientAskMany" name="test_async_ask_many_json_format" time="0.007"><properties><property name="test_order" value="213" /></properties></testcase><testcase classname="tests.test_async_client_comprehensive.TestAsyncAiClientAskMany" name="test_async_ask_many_concurrency_control" time="0.260"><properties><property name="test_order" value="214" /></properties></testcase><testcase classname="tests.test_async_client_comprehensive.TestAsyncAiClientAskMany" name="test_async_ask_many_fail_fast" time="0.011"><properties><property name="test_order" value="215" /></properties></testcase><testcase classname="tests.test_async_client_comprehensive.TestAsyncAiClientAskMany" name="test_async_ask_many_progress_callback" time="0.007"><properties><property name="test_order" value="216" /></properties></testcase><testcase classname="tests.test_async_client_comprehensive.TestAsyncAiClientAskMany" name="test_async_ask_many_progress_callback_error" time="0.008"><properties><property name="test_order" value="217" /></properties></testcase><testcase classname="tests.test_async_client_comprehensive.TestAsyncAiClientAskMany" name="test_async_ask_many_empty_prompts" time="0.006"><properties><property name="test_order" value="218" /></properties></testcase><testcase classname="tests.test_async_client_comprehensive.TestAsyncAiClientAskMany" name="test_async_ask_many_error_handling" time="0.008"><properties><property name="test_order" value="219" /></properties></testcase><testcase classname="tests.test_async_client_comprehensive.TestAsyncAiClientIntegration" name="test_async_client_with_sync_provider_pattern" time="0.007"><properties><property name="test_order" value="220" /></properties></testcase><testcase classname="tests.test_async_client_comprehensive.TestAsyncAiClientIntegration" name="test_async_client_mixed_operations" time="0.008"><properties><property name="test_order" value="221" /></properties></testcase><testcase classname="tests.test_async_client_comprehensive.TestAsyncAiClientIntegration" name="test_async_client_reuse" time="0.012"><properties><property name="test_order" value="222" /></properties></testcase><testcase classname="tests.test_async_performance.TestAsyncPerformance" name="test_async_vs_sync_performance" time="5.108"><properties><property name="test_order" value="223" /></properties></testcase><testcase classname="tests.test_async_performance.TestAsyncPerformance" name="test_concurrent_request_scaling" time="0.515"><properties><property name="test_order" value="224" /></properties></testcase><testcase classname="tests.test_async_performance.TestAsyncPerformance" name="test_async_memory_efficiency" time="0.032"><properties><property name="test_order" value="225" /></properties></testcase><testcase classname="tests.test_async_performance.TestAsyncPerformance" name="test_async_under_load" time="0.142"><properties><property name="test_order" value="226" /></properties></testcase><testcase classname="tests.test_async_performance.TestAsyncConcurrency" name="test_semaphore_concurrency_limiting" time="0.130"><properties><property name="test_order" value="227" /></properties></testcase><testcase classname="tests.test_async_performance.TestAsyncConcurrency" name="test_ask_many_concurrency_isolation" time="0.191"><properties><property name="test_order" value="228" /></properties></testcase><testcase classname="tests.test_async_performance.TestAsyncConcurrency" name="test_mixed_concurrent_operations" time="0.136"><properties><property name="test_order" value="229" /></properties></testcase><testcase classname="tests.test_async_performance.TestAsyncConcurrency" name="test_concurrent_error_isolation" time="0.009"><properties><property name="test_order" value="230" /></properties></testcase><testcase classname="tests.test_async_performance.TestAsyncErrorHandling" name="test_async_provider_error_propagation" time="0.040"><properties><property name="test_order" value="231" /></properties></testcase><testcase classname="tests.test_async_performance.TestAsyncErrorHandling" name="test_async_ask_many_partial_failures" time="0.007"><properties><property name="test_order" value="232" /></properties></testcase><testcase classname="tests.test_async_performance.TestAsyncErrorHandling" name="test_async_cancellation_handling" time="0.108"><properties><property name="test_order" value="233" /></properties></testcase><testcase classname="tests.test_async_performance.TestAsyncErrorHandling" name="test_async_timeout_behavior" time="0.113"><properties><property name="test_order" value="234" /></properties></testcase><testcase classname="tests.test_async_performance.TestAsyncErrorHandling" name="test_async_retry_with_failures" time="0.008"><properties><property name="test_order" value="235" /></properties></testcase><testcase classname="tests.test_async_performance.TestAsyncAdvancedPatterns" name="test_async_streaming_simulation" time="0.012"><properties><property name="test_order" value="236" /></properties></testcase><testcase classname="tests.test_async_performance.TestAsyncAdvancedPatterns" name="test_async_batch_processing_with_callback" time="0.007"><properties><property name="test_order" value="237" /></properties></testcase><testcase classname="tests.test_async_performance.TestAsyncAdvancedPatterns" name="test_async_dynamic_concurrency" time="0.257"><properties><property name="test_order" value="238" /></properties></testcase><testcase classname="tests.test_async_performance.TestAsyncAdvancedPatterns" name="test_async_resource_cleanup" time="0.009"><properties><property name="test_order" value="239" /></properties></testcase><testcase classname="tests.test_audio_integration.TestAudioClientIntegration" name="test_audio_processor_initialization" time="0.005"><properties><property name="test_order" value="240" /></properties></testcase><testcase classname="tests.test_audio_integration.TestAudioClientIntegration" name="test_audio_processor_default_initialization" time="0.003"><properties><property name="test_order" value="241" /></properties></testcase><testcase classname="tests.test_audio_integration.TestAudioClientIntegration" name="test_client_transcribe_audio_integration" time="0.007"><properties><property name="test_order" value="242" /></properties></testcase><testcase classname="tests.test_audio_integration.TestAudioClientIntegration" name="test_client_generate_audio_integration" time="0.007"><properties><property name="test_order" value="243" /></properties></testcase><testcase classname="tests.test_audio_integration.TestAudioClientIntegration" name="test_client_get_audio_voices_integration" time="0.007"><properties><property name="test_order" value="244" /></properties></testcase><testcase classname="tests.test_audio_integration.TestAudioClientIntegration" name="test_client_validate_audio_file_integration" time="0.005"><properties><property name="test_order" value="245" /></properties></testcase><testcase classname="tests.test_audio_integration.TestAudioProcessorFunctionality" name="test_get_supported_models" time="0.004"><properties><property name="test_order" value="246" /></properties></testcase><testcase classname="tests.test_audio_integration.TestAudioProcessorFunctionality" name="test_get_supported_models_by_operation" time="0.003"><properties><property name="test_order" value="247" /></properties></testcase><testcase classname="tests.test_audio_integration.TestAudioProcessorFunctionality" name="test_get_supported_models_invalid_operation" time="0.003"><properties><property name="test_order" value="248" /></properties></testcase><testcase classname="tests.test_audio_integration.TestAudioProcessingImports" name="test_main_package_imports" time="0.003"><properties><property name="test_order" value="249" /></properties></testcase><testcase classname="tests.test_audio_integration.TestAudioProcessingImports" name="test_audio_format_enum" time="0.003"><properties><property name="test_order" value="250" /></properties></testcase><testcase classname="tests.test_audio_integration.TestAudioErrorHandling" name="test_audio_processing_error" time="0.003"><properties><property name="test_order" value="251" /></properties></testcase><testcase classname="tests.test_audio_integration.TestAudioErrorHandling" name="test_client_audio_error_handling" time="0.006"><properties><property name="test_order" value="252" /></properties></testcase><testcase classname="tests.test_audio_integration.TestAudioProcessingRealAPI" name="test_real_transcription" time="0.000"><properties><property name="test_order" value="253" /></properties><skipped type="pytest.skip" message="Requires real API key and audio file">/Users/steffenrasmussen/PycharmProjects/ai_utilities/tests/test_audio_integration.py:274: Requires real API key and audio file</skipped></testcase><testcase classname="tests.test_audio_integration.TestAudioProcessingRealAPI" name="test_real_audio_generation" time="0.000"><properties><property name="test_order" value="254" /></properties><skipped type="pytest.skip" message="Requires real API key">/Users/steffenrasmussen/PycharmProjects/ai_utilities/tests/test_audio_integration.py:302: Requires real API key</skipped></testcase><testcase classname="tests.test_audio_integration.TestAudioProcessingRealAPI" name="test_real_transcribe_and_generate" time="0.000"><properties><property name="test_order" value="255" /></properties><skipped type="pytest.skip" message="Requires real API key and audio file">/Users/steffenrasmussen/PycharmProjects/ai_utilities/tests/test_audio_integration.py:323: Requires real API key and audio file</skipped></testcase><testcase classname="tests.test_audio_models.TestAudioFormat" name="test_audio_format_values" time="0.003"><properties><property name="test_order" value="256" /></properties></testcase><testcase classname="tests.test_audio_models.TestAudioFormat" name="test_audio_format_creation" time="0.003"><properties><property name="test_order" value="257" /></properties></testcase><testcase classname="tests.test_audio_models.TestAudioFormat" name="test_audio_format_invalid" time="0.003"><properties><property name="test_order" value="258" /></properties></testcase><testcase classname="tests.test_audio_models.TestAudioFile" name="test_audio_file_creation" time="0.004"><properties><property name="test_order" value="259" /></properties></testcase><testcase classname="tests.test_audio_models.TestAudioFile" name="test_audio_file_invalid_path" time="0.004"><properties><property name="test_order" value="260" /></properties></testcase><testcase classname="tests.test_audio_models.TestAudioFile" name="test_audio_file_invalid_size" time="0.004"><properties><property name="test_order" value="261" /></properties></testcase><testcase classname="tests.test_audio_models.TestAudioFile" name="test_audio_file_properties" time="0.003"><properties><property name="test_order" value="262" /></properties></testcase><testcase classname="tests.test_audio_models.TestTranscriptionRequest" name="test_transcription_request_creation" time="0.004"><properties><property name="test_order" value="263" /></properties></testcase><testcase classname="tests.test_audio_models.TestTranscriptionRequest" name="test_transcription_request_temperature_validation" time="0.005"><properties><property name="test_order" value="264" /></properties></testcase><testcase classname="tests.test_audio_models.TestTranscriptionRequest" name="test_transcription_request_response_format_validation" time="0.004"><properties><property name="test_order" value="265" /></properties></testcase><testcase classname="tests.test_audio_models.TestTranscriptionSegment" name="test_transcription_segment_creation" time="0.003"><properties><property name="test_order" value="266" /></properties></testcase><testcase classname="tests.test_audio_models.TestTranscriptionSegment" name="test_transcription_segment_end_time_validation" time="0.003"><properties><property name="test_order" value="267" /></properties></testcase><testcase classname="tests.test_audio_models.TestTranscriptionResult" name="test_transcription_result_creation" time="0.003"><properties><property name="test_order" value="268" /></properties></testcase><testcase classname="tests.test_audio_models.TestTranscriptionResult" name="test_transcription_result_properties" time="0.003"><properties><property name="test_order" value="269" /></properties></testcase><testcase classname="tests.test_audio_models.TestTranscriptionResult" name="test_transcription_result_with_segments" time="0.003"><properties><property name="test_order" value="270" /></properties></testcase><testcase classname="tests.test_audio_models.TestAudioGenerationRequest" name="test_audio_generation_request_creation" time="0.003"><properties><property name="test_order" value="271" /></properties></testcase><testcase classname="tests.test_audio_models.TestAudioGenerationRequest" name="test_audio_generation_request_speed_validation" time="0.003"><properties><property name="test_order" value="272" /></properties></testcase><testcase classname="tests.test_audio_models.TestAudioGenerationRequest" name="test_audio_generation_request_text_validation" time="0.003"><properties><property name="test_order" value="273" /></properties></testcase><testcase classname="tests.test_audio_models.TestAudioGenerationResult" name="test_audio_generation_result_creation" time="0.002"><properties><property name="test_order" value="274" /></properties></testcase><testcase classname="tests.test_audio_models.TestAudioGenerationResult" name="test_audio_generation_result_properties" time="0.003"><properties><property name="test_order" value="275" /></properties></testcase><testcase classname="tests.test_audio_models.TestAudioGenerationResult" name="test_audio_generation_result_save_to_file" time="0.005"><properties><property name="test_order" value="276" /></properties></testcase><testcase classname="tests.test_audio_models.TestAudioAnalysisResult" name="test_audio_analysis_result_creation" time="0.003"><properties><property name="test_order" value="277" /></properties></testcase><testcase classname="tests.test_audio_models.TestAudioAnalysisResult" name="test_audio_analysis_result_properties" time="0.003"><properties><property name="test_order" value="278" /></properties></testcase><testcase classname="tests.test_audio_processor.TestAudioProcessor" name="test_init_with_client" time="0.003"><properties><property name="test_order" value="279" /></properties></testcase><testcase classname="tests.test_audio_processor.TestAudioProcessor" name="test_init_without_client" time="0.003"><properties><property name="test_order" value="280" /></properties></testcase><testcase classname="tests.test_audio_processor.TestAudioProcessor" name="test_transcribe_audio_with_path" time="0.004"><properties><property name="test_order" value="281" /></properties></testcase><testcase classname="tests.test_audio_processor.TestAudioProcessor" name="test_transcribe_audio_with_audiofile_object" time="0.004"><properties><property name="test_order" value="282" /></properties></testcase><testcase classname="tests.test_audio_processor.TestAudioProcessor" name="test_transcribe_audio_large_file_error" time="0.028"><properties><property name="test_order" value="283" /></properties></testcase><testcase classname="tests.test_audio_processor.TestAudioProcessor" name="test_transcribe_audio_provider_error" time="0.006"><properties><property name="test_order" value="284" /></properties></testcase><testcase classname="tests.test_audio_processor.TestAudioProcessor" name="test_transcribe_with_provider_success" time="0.006"><properties><property name="test_order" value="285" /></properties></testcase><testcase classname="tests.test_audio_processor.TestAudioProcessor" name="test_transcribe_with_provider_verbose_response" time="0.007"><properties><property name="test_order" value="286" /></properties></testcase><testcase classname="tests.test_audio_processor.TestAudioProcessor" name="test_transcribe_with_provider_no_client_support" time="0.006"><properties><property name="test_order" value="287" /></properties></testcase><testcase classname="tests.test_audio_processor.TestAudioProcessor" name="test_transcribe_with_provider_exception" time="0.006"><properties><property name="test_order" value="288" /></properties></testcase><testcase classname="tests.test_audio_processor.TestAudioProcessor" name="test_parse_transcription_response_simple" time="0.004"><properties><property name="test_order" value="289" /></properties></testcase><testcase classname="tests.test_audio_processor.TestAudioProcessor" name="test_parse_transcription_response_verbose" time="0.005"><properties><property name="test_order" value="290" /></properties></testcase><testcase classname="tests.test_audio_processor.TestAudioProcessor" name="test_generate_audio_success" time="0.003"><properties><property name="test_order" value="291" /></properties></testcase><testcase classname="tests.test_audio_processor.TestAudioProcessor" name="test_generate_audio_provider_error" time="0.003"><properties><property name="test_order" value="292" /></properties></testcase><testcase classname="tests.test_audio_processor.TestAudioProcessor" name="test_generate_with_provider_success" time="0.004"><properties><property name="test_order" value="293" /></properties></testcase><testcase classname="tests.test_audio_processor.TestAudioProcessor" name="test_generate_with_provider_no_client_support" time="0.004"><properties><property name="test_order" value="294" /></properties></testcase><testcase classname="tests.test_audio_processor.TestAudioProcessor" name="test_generate_with_provider_exception" time="0.003"><properties><property name="test_order" value="295" /></properties></testcase><testcase classname="tests.test_audio_processor.TestAudioProcessor" name="test_transcribe_and_generate_success" time="0.004"><properties><property name="test_order" value="296" /></properties></testcase><testcase classname="tests.test_audio_processor.TestAudioProcessor" name="test_transcribe_and_generate_with_translation_prompt" time="0.005"><properties><property name="test_order" value="297" /></properties></testcase><testcase classname="tests.test_audio_processor.TestAudioProcessor" name="test_get_supported_voices_success" time="0.003"><properties><property name="test_order" value="298" /></properties></testcase><testcase classname="tests.test_audio_processor.TestAudioProcessor" name="test_get_supported_voices_fallback" time="0.003"><properties><property name="test_order" value="299" /></properties></testcase><testcase classname="tests.test_audio_processor.TestAudioProcessor" name="test_get_supported_models_all" time="0.003"><properties><property name="test_order" value="300" /></properties></testcase><testcase classname="tests.test_audio_processor.TestAudioProcessor" name="test_get_supported_models_transcription" time="0.038"><properties><property name="test_order" value="301" /></properties></testcase><testcase classname="tests.test_audio_processor.TestAudioProcessor" name="test_get_supported_models_generation" time="0.003"><properties><property name="test_order" value="302" /></properties></testcase><testcase classname="tests.test_audio_processor.TestAudioProcessor" name="test_get_supported_models_invalid_operation" time="0.003"><properties><property name="test_order" value="303" /></properties></testcase><testcase classname="tests.test_audio_processor.TestAudioProcessor" name="test_validate_audio_for_transcription_success" time="0.004"><properties><property name="test_order" value="304" /></properties></testcase><testcase classname="tests.test_audio_processor.TestAudioProcessor" name="test_validate_audio_for_transcription_with_path" time="0.005"><properties><property name="test_order" value="305" /></properties></testcase><testcase classname="tests.test_audio_processor.TestAudioProcessor" name="test_validate_audio_large_file_warning" time="0.025"><properties><property name="test_order" value="306" /></properties></testcase><testcase classname="tests.test_audio_processor.TestAudioProcessor" name="test_validate_audio_long_duration_warning" time="0.010"><properties><property name="test_order" value="307" /></properties></testcase><testcase classname="tests.test_audio_processor.TestAudioProcessor" name="test_validate_audio_high_sample_rate_warning" time="0.013"><properties><property name="test_order" value="308" /></properties></testcase><testcase classname="tests.test_audio_processor.TestAudioProcessor" name="test_validate_audio_exception_handling" time="0.004"><properties><property name="test_order" value="309" /></properties></testcase><testcase classname="tests.test_audio_processor.TestAudioProcessor" name="test_transcribe_audio_all_parameters" time="0.004"><properties><property name="test_order" value="310" /></properties></testcase><testcase classname="tests.test_audio_processor.TestAudioProcessor" name="test_generate_audio_all_parameters" time="0.003"><properties><property name="test_order" value="311" /></properties></testcase><testcase classname="tests.test_audio_utils.TestAudioValidation" name="test_validate_audio_file_valid" time="0.005"><properties><property name="test_order" value="312" /></properties></testcase><testcase classname="tests.test_audio_utils.TestAudioValidation" name="test_validate_audio_file_nonexistent" time="0.003"><properties><property name="test_order" value="313" /></properties></testcase><testcase classname="tests.test_audio_utils.TestAudioValidation" name="test_validate_audio_file_invalid_extension" time="0.004"><properties><property name="test_order" value="314" /></properties></testcase><testcase classname="tests.test_audio_utils.TestAudioValidation" name="test_get_audio_format_from_extension" time="0.004"><properties><property name="test_order" value="315" /></properties></testcase><testcase classname="tests.test_audio_utils.TestAudioValidation" name="test_get_audio_format_invalid_extension" time="0.008"><properties><property name="test_order" value="316" /></properties></testcase><testcase classname="tests.test_audio_utils.TestAudioValidation" name="test_get_audio_format_from_mime_type" time="0.004"><properties><property name="test_order" value="317" /></properties></testcase><testcase classname="tests.test_audio_utils.TestAudioFileLoading" name="test_load_audio_file_basic" time="0.004"><properties><property name="test_order" value="318" /></properties></testcase><testcase classname="tests.test_audio_utils.TestAudioFileLoading" name="test_load_audio_file_with_mutagen" time="0.004"><properties><property name="test_order" value="319" /></properties><skipped type="pytest.skip" message="mutagen package not available">/Users/steffenrasmussen/PycharmProjects/ai_utilities/tests/test_audio_utils.py:116: mutagen package not available</skipped></testcase><testcase classname="tests.test_audio_utils.TestAudioFileLoading" name="test_load_wav_file_with_wave_module" time="0.006"><properties><property name="test_order" value="320" /></properties></testcase><testcase classname="tests.test_audio_utils.TestAudioInfo" name="test_get_audio_info_valid_file" time="0.005"><properties><property name="test_order" value="321" /></properties></testcase><testcase classname="tests.test_audio_utils.TestAudioInfo" name="test_get_audio_info_invalid_file" time="0.004"><properties><property name="test_order" value="322" /></properties></testcase><testcase classname="tests.test_audio_utils.TestAudioFileOperations" name="test_save_audio_file" time="0.005"><properties><property name="test_order" value="323" /></properties></testcase><testcase classname="tests.test_audio_utils.TestAudioFileOperations" name="test_save_audio_file_creates_directories" time="0.006"><properties><property name="test_order" value="324" /></properties></testcase><testcase classname="tests.test_audio_utils.TestAudioFileOperations" name="test_save_audio_file_error" time="0.004"><properties><property name="test_order" value="325" /></properties></testcase><testcase classname="tests.test_audio_utils.TestAudioConversion" name="test_convert_audio_format_no_pydub" time="0.004"><properties><property name="test_order" value="326" /></properties></testcase><testcase classname="tests.test_audio_utils.TestAudioConversion" name="test_convert_audio_format_with_pydub" time="0.004"><properties><property name="test_order" value="327" /></properties><skipped type="pytest.skip" message="pydub package not available">/Users/steffenrasmussen/PycharmProjects/ai_utilities/tests/test_audio_utils.py:234: pydub package not available</skipped></testcase><testcase classname="tests.test_audio_utils.TestAudioAnalysis" name="test_analyze_wav_file" time="0.006"><properties><property name="test_order" value="328" /></properties></testcase><testcase classname="tests.test_audio_utils.TestErrorHandling" name="test_audio_processing_error" time="0.003"><properties><property name="test_order" value="329" /></properties></testcase><testcase classname="tests.test_audio_utils.TestErrorHandling" name="test_load_invalid_file" time="0.005"><properties><property name="test_order" value="330" /></properties></testcase><testcase classname="tests.test_cache_behavior.TestCacheBehavior" name="test_cache_key_generation" time="0.005"><properties><property name="test_order" value="331" /></properties></testcase><testcase classname="tests.test_cache_behavior.TestCacheBehavior" name="test_cache_key_different_inputs" time="0.005"><properties><property name="test_order" value="332" /></properties></testcase><testcase classname="tests.test_cache_behavior.TestCacheBehavior" name="test_should_use_cache_logic" time="0.005"><properties><property name="test_order" value="333" /></properties></testcase><testcase classname="tests.test_cache_behavior.TestCacheBehavior" name="test_caching_with_ask_single_prompt" time="3.022"><properties><property name="test_order" value="334" /></properties></testcase><testcase classname="tests.test_cache_behavior.TestCacheBehavior" name="test_caching_with_ask_many_prompts" time="2.018"><properties><property name="test_order" value="335" /></properties></testcase><testcase classname="tests.test_cache_behavior.TestCacheBehavior" name="test_cache_ttl_expiration_in_client" time="4.130"><properties><property name="test_order" value="336" /></properties></testcase><testcase classname="tests.test_cache_behavior.TestCacheBehavior" name="test_cache_with_different_parameters" time="3.023"><properties><property name="test_order" value="337" /></properties></testcase><testcase classname="tests.test_cache_behavior.TestCacheBehavior" name="test_cache_with_json_format" time="3.023"><properties><property name="test_order" value="338" /></properties></testcase><testcase classname="tests.test_cache_behavior.TestCacheBehavior" name="test_cache_disabled_high_temperature" time="4.029"><properties><property name="test_order" value="339" /></properties></testcase><testcase classname="tests.test_cache_behavior.TestCacheBehavior" name="test_cache_invalidation_with_clear" time="6.036"><properties><property name="test_order" value="340" /></properties></testcase><testcase classname="tests.test_cache_behavior.TestSqliteCacheBehavior" name="test_sqlite_cache_persistence_across_clients" time="2.036"><properties><property name="test_order" value="341" /></properties></testcase><testcase classname="tests.test_cache_behavior.TestSqliteCacheBehavior" name="test_sqlite_cache_namespace_isolation" time="3.042"><properties><property name="test_order" value="342" /></properties></testcase><testcase classname="tests.test_cache_behavior.TestSqliteCacheBehavior" name="test_sqlite_cache_max_entries_eviction" time="5.038"><properties><property name="test_order" value="343" /></properties></testcase><testcase classname="tests.test_cache_behavior.TestCacheErrorHandling" name="test_cache_with_non_serializable_data" time="0.012"><properties><property name="test_order" value="344" /></properties></testcase><testcase classname="tests.test_cache_behavior.TestCacheErrorHandling" name="test_cache_with_corrupted_database" time="0.008"><properties><property name="test_order" value="345" /></properties></testcase><testcase classname="tests.test_cache_behavior.TestCacheErrorHandling" name="test_memory_cache_with_large_data" time="0.006"><properties><property name="test_order" value="346" /></properties></testcase><testcase classname="tests.test_cache_behavior.TestCacheErrorHandling" name="test_cache_concurrent_access" time="1.017"><properties><property name="test_order" value="347" /></properties></testcase><testcase classname="tests.test_cache_comprehensive.TestCacheBackends" name="test_null_cache_behavior" time="0.003"><properties><property name="test_order" value="348" /></properties></testcase><testcase classname="tests.test_cache_comprehensive.TestCacheBackends" name="test_memory_cache_basic_operations" time="0.003"><properties><property name="test_order" value="349" /></properties></testcase><testcase classname="tests.test_cache_comprehensive.TestCacheBackends" name="test_memory_cache_ttl_expiration" time="2.216"><properties><property name="test_order" value="350" /></properties></testcase><testcase classname="tests.test_cache_comprehensive.TestCacheBackends" name="test_memory_cache_no_ttl" time="0.107"><properties><property name="test_order" value="351" /></properties></testcase><testcase classname="tests.test_cache_comprehensive.TestCacheBackends" name="test_memory_cache_size_and_clear" time="0.003"><properties><property name="test_order" value="352" /></properties></testcase><testcase classname="tests.test_cache_comprehensive.TestCacheBackends" name="test_memory_cache_thread_safety" time="0.003"><properties><property name="test_order" value="353" /></properties></testcase><testcase classname="tests.test_cache_comprehensive.TestCacheBackends" name="test_sqlite_cache_basic_operations" time="0.045"><properties><property name="test_order" value="354" /></properties></testcase><testcase classname="tests.test_cache_comprehensive.TestCacheBackends" name="test_sqlite_cache_ttl_expiration" time="1.139"><properties><property name="test_order" value="355" /></properties></testcase><testcase classname="tests.test_cache_comprehensive.TestCacheBackends" name="test_sqlite_cache_namespace_isolation" time="0.053"><properties><property name="test_order" value="356" /></properties></testcase><testcase classname="tests.test_cache_comprehensive.TestCacheBackends" name="test_sqlite_cache_persistence" time="0.018"><properties><property name="test_order" value="357" /></properties></testcase><testcase classname="tests.test_cache_comprehensive.TestCacheUtilities" name="test_stable_hash_consistency" time="0.004"><properties><property name="test_order" value="358" /></properties></testcase><testcase classname="tests.test_cache_comprehensive.TestCacheUtilities" name="test_stable_hash_order_independence" time="0.003"><properties><property name="test_order" value="359" /></properties></testcase><testcase classname="tests.test_cache_comprehensive.TestCacheUtilities" name="test_stable_hash_different_data" time="0.004"><properties><property name="test_order" value="360" /></properties></testcase><testcase classname="tests.test_cache_comprehensive.TestCacheUtilities" name="test_stable_hash_complex_types" time="0.003"><properties><property name="test_order" value="361" /></properties></testcase><testcase classname="tests.test_cache_comprehensive.TestCacheUtilities" name="test_normalize_prompt" time="0.003"><properties><property name="test_order" value="362" /></properties></testcase><testcase classname="tests.test_cache_comprehensive.TestCacheConfiguration" name="test_cache_configuration_defaults" time="0.005"><properties><property name="test_order" value="363" /></properties></testcase><testcase classname="tests.test_cache_comprehensive.TestCacheConfiguration" name="test_cache_configuration_override" time="0.005"><properties><property name="test_order" value="364" /></properties></testcase><testcase classname="tests.test_cache_comprehensive.TestCacheConfiguration" name="test_cache_configuration_sqlite" time="0.006"><properties><property name="test_order" value="365" /></properties></testcase><testcase classname="tests.test_cache_comprehensive.TestCacheIntegration" name="test_client_cache_disabled_by_default" time="0.006"><properties><property name="test_order" value="366" /></properties></testcase><testcase classname="tests.test_cache_comprehensive.TestCacheIntegration" name="test_client_memory_cache_enabled" time="0.006"><properties><property name="test_order" value="367" /></properties></testcase><testcase classname="tests.test_cache_comprehensive.TestCacheIntegration" name="test_client_sqlite_cache_isolated_in_pytest" time="0.005"><properties><property name="test_order" value="368" /></properties></testcase><testcase classname="tests.test_cache_comprehensive.TestCacheIntegration" name="test_client_sqlite_cache_with_explicit_path" time="0.013"><properties><property name="test_order" value="369" /></properties></testcase><testcase classname="tests.test_cache_comprehensive.TestCacheIntegration" name="test_explicit_cache_override" time="0.006"><properties><property name="test_order" value="370" /></prope
[...]
est_order" value="2442" /></properties></testcase><testcase classname="tests.utils.test_provider_specific_base_urls.TestProviderSpecificBaseUrls" name="test_explicit_base_url_overrides_provider_specific" time="0.003"><properties><property name="test_order" value="2443" /></properties></testcase><testcase classname="tests.utils.test_provider_specific_base_urls.TestProviderSpecificBaseUrls" name="test_no_provider_base_urls_returns_default" time="0.003"><properties><property name="test_order" value="2444" /></properties></testcase><testcase classname="tests.utils.test_provider_specific_base_urls.TestBaseUrlResolution" name="test_resolves_text_generation_webui_base_url" time="0.003"><properties><property name="test_order" value="2445" /></properties></testcase><testcase classname="tests.utils.test_provider_specific_base_urls.TestBaseUrlResolution" name="test_resolves_fastchat_base_url" time="0.003"><properties><property name="test_order" value="2446" /></properties></testcase><testcase classname="tests.utils.test_provider_specific_base_urls.TestBaseUrlResolution" name="test_resolves_ollama_base_url" time="0.003"><properties><property name="test_order" value="2447" /></properties></testcase><testcase classname="tests.utils.test_provider_specific_base_urls.TestBaseUrlResolution" name="test_resolves_lmstudio_base_url" time="0.004"><properties><property name="test_order" value="2448" /></properties></testcase><testcase classname="tests.utils.test_provider_specific_base_urls.TestBaseUrlResolution" name="test_ai_base_url_takes_precedence" time="0.003"><properties><property name="test_order" value="2449" /></properties></testcase><testcase classname="tests.utils.test_provider_specific_base_urls.TestBaseUrlResolution" name="test_per_request_base_url_takes_precedence" time="0.003"><properties><property name="test_order" value="2450" /></properties></testcase><testcase classname="tests.utils.test_provider_specific_base_urls.TestBaseUrlResolution" name="test_unknown_provider_returns_none" time="0.003"><properties><property name="test_order" value="2451" /></properties></testcase><testcase classname="tests.utils.test_provider_specific_base_urls.TestClientIntegration" name="test_client_uses_text_generation_webui_base_url" time="0.007"><properties><property name="test_order" value="2452" /></properties><failure message="AssertionError: assert 'openai' == 'text-generation-webui'&#10;  &#10;  #x1B[0m#x1B[91m- text-generation-webui#x1B[39;49;00m#x1B[90m#x1B[39;49;00m&#10;  #x1B[92m+ openai#x1B[39;49;00m#x1B[90m#x1B[39;49;00m">self = &lt;test_provider_specific_base_urls.TestClientIntegration object at 0x10d1d8040&gt;

    @patch.dict(os.environ, {
        "TEXT_GENERATION_WEBUI_BASE_URL": "http://localhost:5000/v1",
        "AI_API_KEY": "test-key"
    })
    def test_client_uses_text_generation_webui_base_url(self):
        """Test that AiClient uses TEXT_GENERATION_WEBUI_BASE_URL."""
        settings = AiSettings()  # Create settings with patched environment
        client = AiClient(settings=settings)  # Pass explicit settings
        # Should infer text-generation-webui provider and use its base URL
&gt;       assert client.settings.provider == "text-generation-webui"
E       AssertionError: assert 'openai' == 'text-generation-webui'
E         
E         #x1B[0m#x1B[91m- text-generation-webui#x1B[39;49;00m#x1B[90m#x1B[39;49;00m
E         #x1B[92m+ openai#x1B[39;49;00m#x1B[90m#x1B[39;49;00m

tests/utils/test_provider_specific_base_urls.py:167: AssertionError</failure></testcase><testcase classname="tests.utils.test_provider_specific_base_urls.TestClientIntegration" name="test_client_uses_fastchat_base_url" time="0.006"><properties><property name="test_order" value="2453" /></properties><failure message="AssertionError: assert 'openai' == 'fastchat'&#10;  &#10;  #x1B[0m#x1B[91m- fastchat#x1B[39;49;00m#x1B[90m#x1B[39;49;00m&#10;  #x1B[92m+ openai#x1B[39;49;00m#x1B[90m#x1B[39;49;00m">self = &lt;test_provider_specific_base_urls.TestClientIntegration object at 0x10d1d8340&gt;

    @patch.dict(os.environ, {
        "FASTCHAT_BASE_URL": "http://localhost:8000/v1",
        "AI_API_KEY": "test-key"
    })
    def test_client_uses_fastchat_base_url(self):
        """Test that AiClient uses FASTCHAT_BASE_URL."""
        settings = AiSettings()  # Create settings with patched environment
        client = AiClient(settings=settings)  # Pass explicit settings
&gt;       assert client.settings.provider == "fastchat"
E       AssertionError: assert 'openai' == 'fastchat'
E         
E         #x1B[0m#x1B[91m- fastchat#x1B[39;49;00m#x1B[90m#x1B[39;49;00m
E         #x1B[92m+ openai#x1B[39;49;00m#x1B[90m#x1B[39;49;00m

tests/utils/test_provider_specific_base_urls.py:178: AssertionError</failure></testcase><testcase classname="tests.utils.test_provider_specific_base_urls.TestClientIntegration" name="test_explicit_provider_overrides_base_url_inference" time="0.006"><properties><property name="test_order" value="2454" /></properties></testcase><testcase classname="tests.utils.test_provider_specific_base_urls.TestClientIntegration" name="test_ai_base_url_overrides_provider_specific" time="0.006"><properties><property name="test_order" value="2455" /></properties></testcase><testcase classname="tests.utils.test_provider_specific_base_urls.TestClientIntegration" name="test_provider_base_url_without_api_key_works" time="0.006"><properties><property name="test_order" value="2456" /></properties><failure message="ai_utilities.providers.provider_exceptions.ProviderConfigurationError: Provider 'openai' configuration error: API key is required">settings = AiSettings(provider='openai', api_key=None, openai_api_key=None, groq_api_key=None, together_api_key=None, openrouter_..., cache_sqlite_busy_timeout_ms=3000, cache_sqlite_max_entries=None, cache_sqlite_prune_batch=200, cache_namespace=None)
provider = None

    def create_provider(settings: "AiSettings", provider: Optional[BaseProvider] = None) -&gt; BaseProvider:
        """Create an AI provider based on settings.
    
        Args:
            settings: AI settings containing provider configuration
            provider: Optional explicit provider to use (overrides settings)
    
        Returns:
            Configured AI provider instance
    
        Raises:
            ProviderConfigurationError: If provider configuration is invalid
        """
        # If explicit provider is provided, use it
        if provider is not None:
            return provider
    
        # Check if settings is None
        if settings is None:
            raise ProviderConfigurationError("Settings cannot be None", "unknown")
    
        try:
&gt;           config = resolve_request_config(settings)

src/ai_utilities/providers/provider_factory.py:62: 
_ _ _ _ _ _ _ _ _ _ _ _ _ _ _ _ _ _ _ _ _ _ _ _ _ _ _ _ _ _ _ _ _ _ _ _ _ _ _ _ _ _ _ _ _ _ _ _ _ _ _ _ _ _ _ _ _ _ _ _ _ _ _ _ _ _ _ _ _ _ _ _ _ _ _ _ _ _ _ _ _ _ _ _ _ _ _ _ _ _ _ _ _ _ _ _ _ _ _ _ _ _
src/ai_utilities/config_resolver.py:497: in resolve_request_config
    resolved_api_key = resolve_api_key(
_ _ _ _ _ _ _ _ _ _ _ _ _ _ _ _ _ _ _ _ _ _ _ _ _ _ _ _ _ _ _ _ _ _ _ _ _ _ _ _ _ _ _ _ _ _ _ _ _ _ _ _ _ _ _ _ _ _ _ _ _ _ _ _ _ _ _ _ _ _ _ _ _ _ _ _ _ _ _ _ _ _ _ _ _ _ _ _ _ _ _ _ _ _ _ _ _ _ _ _ _ _

provider = 'openai', api_key = None, settings_api_key = None
settings = AiSettings(provider='openai', api_key=None, openai_api_key=None, groq_api_key=None, together_api_key=None, openrouter_..., cache_sqlite_busy_timeout_ms=3000, cache_sqlite_max_entries=None, cache_sqlite_prune_batch=200, cache_namespace=None)
env_vars = {'COMMAND_MODE': 'unix2003', 'COV_CORE_CONFIG': '/Users/steffenrasmussen/PycharmProjects/ai_utilities/.coveragerc', 'C...RE_DATAFILE': '/Users/steffenrasmussen/PycharmProjects/ai_utilities/.coverage', 'COV_CORE_SOURCE': 'ai_utilities', ...}

    def resolve_api_key(
        provider: str,
        api_key: Optional[str] = None,
        settings_api_key: Optional[str] = None,
        settings: Optional[Any] = None,
        env_vars: Optional[Dict[str, str]] = None
    ) -&gt; str:
        """Resolve API key using precedence rules.
    
        Args:
            provider: Resolved provider name
            api_key: Per-request API key override
            settings_api_key: Settings API_KEY (from AI_API_KEY)
            settings: AiSettings instance with vendor-specific keys
            env_vars: Environment variables dict
    
        Returns:
            Resolved API key
    
        Raises:
            MissingApiKeyError: If no API key is available for cloud providers
        """
        if env_vars is None:
            env_vars = {}
    
        # 1) Per-request API key wins
        if api_key:
            return api_key
    
        # 2) Settings API_KEY (AI_API_KEY override)
        if settings_api_key:
            return settings_api_key
    
        # 3) Vendor-specific key from settings
        if settings:
            vendor_key = _get_vendor_key_from_settings(provider, settings)
            if vendor_key:
                return vendor_key
    
        # 4) Vendor-specific key from environment
        vendor_key = _get_vendor_key_for_provider(provider, env_vars)
        if vendor_key:
            return vendor_key
    
        # 5) For local providers, allow fallback tokens
        if provider == "openai_compatible":
            return "dummy-key"
        if provider in ["ollama", "lmstudio", "text-generation-webui", "fastchat"]:
            fallbacks = {
                "ollama": "ollama",
                "lmstudio": "lm-studio",
                "text-generation-webui": "webui",
                "fastchat": "fastchat"
            }
            return fallbacks.get(provider, "not-required")
    
        # 6) Cloud providers must have API keys
        if provider == "openai":
&gt;           raise MissingApiKeyError("API key is required")
E           ai_utilities.config_resolver.MissingApiKeyError: API key is required

src/ai_utilities/config_resolver.py:275: MissingApiKeyError

During handling of the above exception, another exception occurred:

self = &lt;test_provider_specific_base_urls.TestClientIntegration object at 0x10d1d8cd0&gt;

    @patch.dict(os.environ, {
        "TEXT_GENERATION_WEBUI_BASE_URL": "http://localhost:5000/v1"
    })
    def test_provider_base_url_without_api_key_works(self):
        """Test that provider-specific base URL works without API key."""
        settings = AiSettings()  # Create settings with patched environment
&gt;       client = AiClient(settings=settings)  # Pass explicit settings

tests/utils/test_provider_specific_base_urls.py:211: 
_ _ _ _ _ _ _ _ _ _ _ _ _ _ _ _ _ _ _ _ _ _ _ _ _ _ _ _ _ _ _ _ _ _ _ _ _ _ _ _ _ _ _ _ _ _ _ _ _ _ _ _ _ _ _ _ _ _ _ _ _ _ _ _ _ _ _ _ _ _ _ _ _ _ _ _ _ _ _ _ _ _ _ _ _ _ _ _ _ _ _ _ _ _ _ _ _ _ _ _ _ _
src/ai_utilities/client.py:162: in __init__
    self.provider = create_provider(settings, provider)
_ _ _ _ _ _ _ _ _ _ _ _ _ _ _ _ _ _ _ _ _ _ _ _ _ _ _ _ _ _ _ _ _ _ _ _ _ _ _ _ _ _ _ _ _ _ _ _ _ _ _ _ _ _ _ _ _ _ _ _ _ _ _ _ _ _ _ _ _ _ _ _ _ _ _ _ _ _ _ _ _ _ _ _ _ _ _ _ _ _ _ _ _ _ _ _ _ _ _ _ _ _

settings = AiSettings(provider='openai', api_key=None, openai_api_key=None, groq_api_key=None, together_api_key=None, openrouter_..., cache_sqlite_busy_timeout_ms=3000, cache_sqlite_max_entries=None, cache_sqlite_prune_batch=200, cache_namespace=None)
provider = None

    def create_provider(settings: "AiSettings", provider: Optional[BaseProvider] = None) -&gt; BaseProvider:
        """Create an AI provider based on settings.
    
        Args:
            settings: AI settings containing provider configuration
            provider: Optional explicit provider to use (overrides settings)
    
        Returns:
            Configured AI provider instance
    
        Raises:
            ProviderConfigurationError: If provider configuration is invalid
        """
        # If explicit provider is provided, use it
        if provider is not None:
            return provider
    
        # Check if settings is None
        if settings is None:
            raise ProviderConfigurationError("Settings cannot be None", "unknown")
    
        try:
            config = resolve_request_config(settings)
    
            # Create provider based on resolved provider
            if config.provider == "openai":
                # Lazy import to avoid dependency issues
                try:
                    from .openai_provider import OpenAIProvider
                except ImportError as e:
                    raise MissingOptionalDependencyError(
                        "OpenAI provider requires extra 'openai'. Install with: pip install ai-utilities[openai]"
                    ) from e
                return OpenAIProvider(settings)
    
            elif config.provider in ["groq", "together", "openrouter"]:
                # These are all OpenAI-compatible with different base URLs
                return OpenAICompatibleProvider(
                    api_key=config.api_key,
                    base_url=config.base_url,
                    timeout=int(config.timeout or 30),
                    extra_headers=settings.extra_headers,
                    model=getattr(settings, 'model', None),
                )
    
            elif config.provider in ["ollama", "lmstudio", "text-generation-webui", "fastchat", "openai_compatible"]:
                # Local providers
                return OpenAICompatibleProvider(
                    api_key=config.api_key,
                    base_url=config.base_url,
                    timeout=int(config.timeout or 30),
                    extra_headers=settings.extra_headers,
                    model=getattr(settings, 'model', None),
                )
    
            else:
                raise ProviderConfigurationError(
                    f"Unknown provider: {config.provider}",
                    config.provider
                )
    
        except MissingBaseUrlError as e:
            raise ProviderConfigurationError(str(e), getattr(settings, "provider", "unknown"))
        except MissingApiKeyError as e:
            provider_name = getattr(settings, "provider", "unknown") or "unknown"
            if provider_name == "openai":
&gt;               raise ProviderConfigurationError("API key is required", "openai")
E               ai_utilities.providers.provider_exceptions.ProviderConfigurationError: Provider 'openai' configuration error: API key is required

src/ai_utilities/providers/provider_factory.py:106: ProviderConfigurationError</failure></testcase><testcase classname="tests.utils.test_provider_specific_base_urls.TestEnvironmentHelperFunctions" name="test_get_provider_specific_base_url" time="0.003"><properties><property name="test_order" value="2457" /></properties></testcase><testcase classname="tests.utils.test_provider_specific_base_urls.TestEnvironmentHelperFunctions" name="test_infer_provider_from_env_base_urls" time="0.003"><properties><property name="test_order" value="2458" /></properties></testcase><testcase classname="tests.utils.test_provider_specific_base_urls.TestEnvironmentHelperFunctions" name="test_provider_name_variations" time="0.003"><properties><property name="test_order" value="2459" /></properties></testcase><testcase classname="tests.utils.test_provider_specific_base_urls.TestPrecedenceOrder" name="test_base_url_precedence_order" time="0.004"><properties><property name="test_order" value="2460" /></properties></testcase><testcase classname="tests.utils.test_webui_api_helper.TestWebUIAPIHelper" name="test_webui_helper_initialization" time="0.006"><properties><property name="test_order" value="2461" /></properties></testcase><testcase classname="tests.utils.test_webui_api_helper.TestWebUIAPIHelper" name="test_webui_helper_with_config" time="0.008"><properties><property name="test_order" value="2462" /></properties></testcase><testcase classname="tests.utils.test_webui_api_helper.TestWebUIAPIHelper" name="test_detect_webui_on_port_success" time="0.005"><properties><property name="test_order" value="2463" /></properties></testcase><testcase classname="tests.utils.test_webui_api_helper.TestWebUIAPIHelper" name="test_detect_webui_on_port_failure" time="0.005"><properties><property name="test_order" value="2464" /></properties></testcase><testcase classname="tests.utils.test_webui_api_helper.TestWebUIAPIHelper" name="test_scan_for_webuis" time="0.003"><properties><property name="test_order" value="2465" /></properties></testcase><testcase classname="tests.utils.test_webui_api_helper.TestWebUIAPIHelper" name="test_identify_webui_type_by_response" time="0.004"><properties><property name="test_order" value="2466" /></properties></testcase><testcase classname="tests.utils.test_webui_api_helper.TestWebUIAPIHelper" name="test_generate_ai_utilities_config" time="0.004"><properties><property name="test_order" value="2467" /></properties></testcase><testcase classname="tests.utils.test_webui_api_helper.TestWebUIAPIHelper" name="test_generate_env_file_content" time="0.004"><properties><property name="test_order" value="2468" /></properties></testcase><testcase classname="tests.utils.test_webui_api_helper.TestWebUIAPIHelper" name="test_auto_detect_and_configure" time="0.004"><properties><property name="test_order" value="2469" /></properties></testcase><testcase classname="tests.utils.test_webui_api_helper.TestWebUIAPIHelper" name="test_test_webui_connection" time="0.004"><properties><property name="test_order" value="2470" /></properties></testcase><testcase classname="tests.utils.test_webui_api_helper.TestWebUIAPIHelper" name="test_test_webui_connection_failure" time="0.004"><properties><property name="test_order" value="2471" /></properties></testcase><testcase classname="tests.utils.test_webui_api_helper.TestWebUIAPIHelper" name="test_save_configuration_files" time="0.007"><properties><property name="test_order" value="2472" /></properties></testcase><testcase classname="tests.utils.test_webui_api_helper.TestWebUIAPIHelper" name="test_run_full_discovery_process" time="0.004"><properties><property name="test_order" value="2473" /></properties></testcase><testcase classname="tests.utils.test_webui_api_helper.TestWebUIAPIHelper" name="test_get_supported_webuis_info" time="0.004"><properties><property name="test_order" value="2474" /></properties></testcase><testcase classname="tests.utils.test_webui_api_helper.TestWebUIAPIHelper" name="test_validate_webui_config" time="0.004"><properties><property name="test_order" value="2475" /></properties></testcase><testcase classname="tests.utils.test_webui_api_helper.TestWebUIAPIHelper" name="test_continuous_monitoring" time="0.329"><properties><property name="test_order" value="2476" /></properties></testcase><testcase classname="tests.utils.test_webui_api_helper.TestWebUIAPIHelper" name="test_get_webui_status_summary" time="0.004"><properties><property name="test_order" value="2477" /></properties></testcase><testcase classname="tests.utils.test_webui_api_helper.TestWebUIAPIHelperCLI" name="test_cli_discover_command" time="0.005"><properties><property name="test_order" value="2478" /></properties></testcase><testcase classname="tests.utils.test_webui_api_helper.TestWebUIAPIHelperCLI" name="test_cli_scan_command" time="0.003"><properties><property name="test_order" value="2479" /></properties></testcase><testcase classname="tests.utils.test_webui_api_helper.TestWebUIAPIHelperCLI" name="test_cli_test_command" time="0.005"><properties><property name="test_order" value="2480" /></properties></testcase><testcase classname="tests.utils.test_webui_api_helper.TestWebUIAPIHelperCLI" name="test_cli_list_supported" time="0.004"><properties><property name="test_order" value="2481" /></properties></testcase><testcase classname="tests.utils.test_webui_api_helper.TestWebUIAPIHelperCLI" name="test_cli_help_output" time="0.005"><properties><property name="test_order" value="2482" /></properties></testcase></testsuite></testsuites>